[INFO ] 2022-07-30 20:35:41 GameServer: ------------------------------------------------=[ Database ]
[INFO ] 2022-07-30 20:35:41 GameServer: -----------------------------------=[ Network Configuration ]
[INFO ] 2022-07-30 20:35:41 IPConfigData: Using automatic network configuration.
[INFO ] 2022-07-30 20:35:41 IPConfigData: Adding new subnet: 127.0.0.0/8 address: 127.0.0.1
[INFO ] 2022-07-30 20:35:41 IPConfigData: Adding new subnet: 192.168.9.0/24 address: 192.168.9.232
[INFO ] 2022-07-30 20:35:41 IPConfigData: Adding new subnet: 0.0.0.0/0 address: 186.52.150.136
[INFO ] 2022-07-30 20:35:41 HikariDataSource: HikariPool-1 - Starting...
[INFO ] 2022-07-30 20:35:41 HikariDataSource: HikariPool-1 - Start completed.
[INFO ] 2022-07-30 20:35:41 IdFactory: Updated characters online status.
[INFO ] 2022-07-30 20:35:41 IdFactory: Cleaned 0 elements from database in 0s.
[INFO ] 2022-07-30 20:35:41 IdFactory: Cleaned 0 expired timestamps from database.
[INFO ] 2022-07-30 20:35:41 BitSetIDFactory: 102912 Ids available.
[INFO ] 2022-07-30 20:35:41 GameServer: ---------------------------------------------------=[ World ]
[INFO ] 2022-07-30 20:35:41 InstanceManager: Multiverse Instance created.
[INFO ] 2022-07-30 20:35:41 InstanceManager: Universe Instance created.
[INFO ] 2022-07-30 20:35:41 InstanceManager: Loaded 160 instance names.
[INFO ] 2022-07-30 20:35:42 L2World: 128 by 136 world region grid set up.
[INFO ] 2022-07-30 20:35:42 MapRegionManager: Loaded 57 map regions.
[INFO ] 2022-07-30 20:35:42 GlobalVariablesManager: Loaded 7 variables.
[INFO ] 2022-07-30 20:35:42 GameServer: ----------------------------------------------------=[ Data ]
[INFO ] 2022-07-30 20:35:42 CategoryData: Loaded 124 Categories.
[INFO ] 2022-07-30 20:35:42 SecondaryAuthData: Loaded 328 forbidden passwords.
[INFO ] 2022-07-30 20:35:42 GameServer: -------------------------------------------------=[ Effects ]
[INFO ] 2022-07-30 20:35:43 EffectMasterHandler: Loaded 169 effect handlers.
[INFO ] 2022-07-30 20:35:43 GameServer: ------------------------------------=[ Enchant Skill Groups ]
[INFO ] 2022-07-30 20:35:43 EnchantSkillGroupsData: Loaded 4 groups and 90 routes.
[INFO ] 2022-07-30 20:35:43 GameServer: ---------------------------------------------=[ Skill Trees ]
[INFO ] 2022-07-30 20:35:44 SkillTreesData: Loaded 17176 Class Skills for 103 Class Skill Trees.
[INFO ] 2022-07-30 20:35:44 SkillTreesData: Loaded 76 Sub-Class Skills.
[INFO ] 2022-07-30 20:35:44 SkillTreesData: Loaded 77 Transfer Skills for 3 Transfer Skill Trees.
[INFO ] 2022-07-30 20:35:44 SkillTreesData: Loaded 117 Fishing Skills, 8 Dwarven only Fishing Skills.
[INFO ] 2022-07-30 20:35:44 SkillTreesData: Loaded 3 Collect Skills.
[INFO ] 2022-07-30 20:35:44 SkillTreesData: Loaded 74 Pledge Skills, 44 for Pledge and 30 Residential.
[INFO ] 2022-07-30 20:35:44 SkillTreesData: Loaded 18 Sub-Pledge Skills.
[INFO ] 2022-07-30 20:35:44 SkillTreesData: Loaded 32 Transform Skills.
[INFO ] 2022-07-30 20:35:44 SkillTreesData: Loaded 8 Noble Skills.
[INFO ] 2022-07-30 20:35:44 SkillTreesData: Loaded 5 Hero Skills.
[INFO ] 2022-07-30 20:35:44 SkillTreesData: Loaded 46 Game Master Skills.
[INFO ] 2022-07-30 20:35:44 SkillTreesData: Loaded 46 Game Master Aura Skills.
[INFO ] 2022-07-30 20:35:44 GameServer: --------------------------------------------------=[ Skills ]
[INFO ] 2022-07-30 20:35:51 DocumentEngine: Loaded 65973 skill templates from XML files.
[INFO ] 2022-07-30 20:35:51 SummonSkillsTable: Loaded 1891 summon skills.
[INFO ] 2022-07-30 20:35:51 GameServer: ---------------------------------------------------=[ Items ]
[INFO ] 2022-07-30 20:35:51 ItemTable: Highest item Id used 22567.
[INFO ] 2022-07-30 20:35:52 ItemTable: Loaded 11481 Etc items.
[INFO ] 2022-07-30 20:35:52 ItemTable: Loaded 3825 Armor items.
[INFO ] 2022-07-30 20:35:52 ItemTable: Loaded 3893 Weapon items.
[INFO ] 2022-07-30 20:35:52 ItemTable: Loaded 19199 items in total.
[INFO ] 2022-07-30 20:35:52 EnchantItemGroupsData: Loaded 4 item group templates.
[INFO ] 2022-07-30 20:35:52 EnchantItemGroupsData: Loaded 1 scroll group templates.
[INFO ] 2022-07-30 20:35:52 EnchantItemData: Loaded 63 enchant scrolls.
[INFO ] 2022-07-30 20:35:52 EnchantItemData: Loaded 20 support items.
[INFO ] 2022-07-30 20:35:52 EnchantItemOptionsData: Loaded 23 items and 1093 options.
[INFO ] 2022-07-30 20:35:52 OptionData: Loaded 24985 item options.
[INFO ] 2022-07-30 20:35:52 EnchantItemHPBonusData: Loaded 6 Enchant HP Bonuses.
[INFO ] 2022-07-30 20:35:52 MerchantPriceConfigTable: Loaded 28 merchant price configs.
[WARN ] 2022-07-30 20:35:52 IXmlReader: BuyListData: Folder C:\opt\l2j\server\game\data\buylists\custom doesn't exist!
[INFO ] 2022-07-30 20:35:52 BuyListData: Loaded 760 buy lists.
[WARN ] 2022-07-30 20:35:53 IXmlReader: MultisellData: Folder C:\opt\l2j\server\game\data\multisell\custom doesn't exist!
[INFO ] 2022-07-30 20:35:53 MultisellData: Loaded 192 multisell lists.
[INFO ] 2022-07-30 20:35:53 RecipeData: Loaded 1000 recipes.
[INFO ] 2022-07-30 20:35:53 ArmorSetsData: Loaded 204 armor sets.
[INFO ] 2022-07-30 20:35:53 FishData: Loaded 278 fish.
[INFO ] 2022-07-30 20:35:53 FishingMonstersData: Loaded 8 fishing monsters.
[INFO ] 2022-07-30 20:35:53 FishingRodsData: Loaded 6 fishing rods.
[INFO ] 2022-07-30 20:35:53 HennaData: Loaded 180 Henna data.
[INFO ] 2022-07-30 20:35:53 GameServer: ----------------------------------------------=[ Characters ]
[INFO ] 2022-07-30 20:35:53 ClassListData: Loaded 107 class data.
[INFO ] 2022-07-30 20:35:53 InitialEquipmentData: Loaded 11 initial equipment data.
[INFO ] 2022-07-30 20:35:53 InitialShortcutData: Loaded 5 initial dlobal shortcuts data.
[INFO ] 2022-07-30 20:35:53 InitialShortcutData: Loaded 4 initial shortcuts data.
[INFO ] 2022-07-30 20:35:53 InitialShortcutData: Loaded 0 macros presets.
[INFO ] 2022-07-30 20:35:53 KarmaData: Loaded 85 karma modifiers.
[INFO ] 2022-07-30 20:35:53 HitConditionBonusData: Loaded Hit Condition bonuses.
[INFO ] 2022-07-30 20:35:53 PlayerTemplateData: Loaded 103 character templates.
[INFO ] 2022-07-30 20:35:53 PlayerTemplateData: Loaded 52530 level up gain records.
[INFO ] 2022-07-30 20:35:53 PlayerCreationPointData: Loaded 62 character creation points.
[INFO ] 2022-07-30 20:35:53 CharNameTable: Loaded 2 char names.
[INFO ] 2022-07-30 20:35:53 AdminData: Loaded 10 access levels.
[INFO ] 2022-07-30 20:35:53 AdminData: Loaded 445 access commands.
[INFO ] 2022-07-30 20:35:53 RaidBossPointsManager: Loaded 0 characters raid points.
[INFO ] 2022-07-30 20:35:53 PetDataTable: Loaded 52 Pets.
[INFO ] 2022-07-30 20:35:53 GameServer: -----------------------------------------------------=[ BBS ]
[INFO ] 2022-07-30 20:35:53 ForumsBBSManager: Loaded 4 forums.
[INFO ] 2022-07-30 20:35:53 GameServer: ---------------------------------------------------=[ Clans ]
[INFO ] 2022-07-30 20:35:53 ClanTable: Restored 0 clans from the database.
[INFO ] 2022-07-30 20:35:53 AuctionManager: Loaded 38 auction(s).
[INFO ] 2022-07-30 20:35:53 ClanHallManager: Loaded 0 clan halls.
[INFO ] 2022-07-30 20:35:53 ClanHallManager: Loaded 38 free clan halls.
[INFO ] 2022-07-30 20:35:53 ClanHallSiegeManager: Loaded 6 conquerable clan halls.
[INFO ] 2022-07-30 20:35:53 GameServer: -------------------------------------------------=[ Geodata ]
[INFO ] 2022-07-30 20:35:53 GeoData: Loaded 0 regions.
[INFO ] 2022-07-30 20:35:53 GameServer: ----------------------------------------------------=[ NPCs ]
[INFO ] 2022-07-30 20:35:53 SkillLearnData: Loaded 256 skill learn data.
[INFO ] 2022-07-30 20:35:53 NpcData$MinionData: Loaded 128 minions data.
[INFO ] 2022-07-30 20:35:55 NpcData: Loaded 10461 NPCs.
[INFO ] 2022-07-30 20:35:55 NpcData: Loaded 10 custom NPCs.
[INFO ] 2022-07-30 20:35:55 WalkingManager: Loaded 127 walking routes.
[INFO ] 2022-07-30 20:35:55 StaticObjectData: Loaded 51 static object templates.
[INFO ] 2022-07-30 20:35:55 GrandBossManager: Queen Ant (29001) status is 0.
[INFO ] 2022-07-30 20:35:55 GrandBossManager: Core (29006) status is 0.
[INFO ] 2022-07-30 20:35:55 GrandBossManager: Orfen (29014) status is 0.
[INFO ] 2022-07-30 20:35:55 GrandBossManager: Baium (29020) status is 0.
[INFO ] 2022-07-30 20:35:55 GrandBossManager: Valakas (29028) status is 0.
[INFO ] 2022-07-30 20:35:55 GrandBossManager: Antharas (29068) status is 0.
[INFO ] 2022-07-30 20:35:55 GrandBossManager: Beleth (29118) status is 0.
[INFO ] 2022-07-30 20:35:55 GrandBossManager: Loaded 7 grand boss instances.
[INFO ] 2022-07-30 20:35:56 DoorData: Loaded 1301 door templates for 22 regions.
[INFO ] 2022-07-30 20:35:57 ZoneManager: Loaded 28 zone classes and 2794 zones.
[INFO ] 2022-07-30 20:35:57 ZoneManager: Loaded 0 NPC spawn territoriers.
[INFO ] 2022-07-30 20:35:57 CastleManager: Loaded 9 castles.
[INFO ] 2022-07-30 20:35:57 NpcBufferTable: Loaded 2 buffers and 64 skills.
[INFO ] 2022-07-30 20:35:57 GrandBossManager: Initialized 12 grand boss zones.
[INFO ] 2022-07-30 20:35:57 GameServer: -----------------------------------------=[ Auction Manager ]
[INFO ] 2022-07-30 20:35:57 ItemAuctionInstance: Loaded 82 item(s) and registered 1 auction(s) for NPC ID 32320.
[INFO ] 2022-07-30 20:35:57 ItemAuctionInstance: Schedule next auction ID 1 on 17:00:00 05.08.22 for NPC ID 32320.
[INFO ] 2022-07-30 20:35:57 ItemAuctionInstance: Loaded 82 item(s) and registered 1 auction(s) for NPC ID 32321.
[INFO ] 2022-07-30 20:35:57 ItemAuctionInstance: Schedule next auction ID 2 on 17:00:00 01.08.22 for NPC ID 32321.
[INFO ] 2022-07-30 20:35:57 ItemAuctionInstance: Loaded 82 item(s) and registered 1 auction(s) for NPC ID 32322.
[INFO ] 2022-07-30 20:35:57 ItemAuctionInstance: Schedule next auction ID 3 on 17:00:00 03.08.22 for NPC ID 32322.
[INFO ] 2022-07-30 20:35:57 ItemAuctionManager: Loaded 3 auction manager instance(s).
[INFO ] 2022-07-30 20:35:57 GameServer: ------------------------------------------------=[ Olympiad ]
[INFO ] 2022-07-30 20:35:57 Olympiad: Loading Olympiad System....
[INFO ] 2022-07-30 20:35:57 Olympiad: Currently in Olympiad Period
[INFO ] 2022-07-30 20:35:57 Olympiad: 2364 minutes until period ends
[INFO ] 2022-07-30 20:35:57 Olympiad: Next weekly change is in 9790 minutes
[INFO ] 2022-07-30 20:35:57 Olympiad: Loaded 0 Nobles
[INFO ] 2022-07-30 20:35:57 Olympiad: Competition Period Starts in 0 days, 0 hours and 0 mins.
[INFO ] 2022-07-30 20:35:57 Olympiad: Event starts/started : Sat Jul 30 18:00:57 UYT 2022
[INFO ] 2022-07-30 20:35:57 Hero: Loaded 0 Heroes.
[INFO ] 2022-07-30 20:35:57 Hero: Loaded 0 all time Heroes.
[INFO ] 2022-07-30 20:35:57 GameServer: ---------------------------------------------=[ Seven Signs ]
[INFO ] 2022-07-30 20:35:57 SevenSigns: Currently in the Competition (Quest Event) period.
[INFO ] 2022-07-30 20:35:57 SevenSigns: The Seal of Avarice remains unclaimed.
[INFO ] 2022-07-30 20:35:57 SevenSigns: The Seal of Gnosis remains unclaimed.
[INFO ] 2022-07-30 20:35:57 SevenSigns: The Seal of Strife remains unclaimed.
[INFO ] 2022-07-30 20:35:57 SevenSigns: The competition, if the current trend continues, will end in a tie this week.
[INFO ] 2022-07-30 20:35:57 SevenSigns: Next period change set to 2022-08-01T18:00:57.116-0300.
[INFO ] 2022-07-30 20:35:57 SevenSigns: Next period begins in 1 days, 21 hours and 24 mins.
[INFO ] 2022-07-30 20:35:57 GameServer: ---------------------------------------------------=[ Cache ]
[INFO ] 2022-07-30 20:35:57 HtmCache: Running lazy cache.
[INFO ] 2022-07-30 20:35:57 CrestTable: Loaded 0 crests.
[INFO ] 2022-07-30 20:35:57 TeleportLocationTable: Loaded 957 teleport location templates.
[INFO ] 2022-07-30 20:35:57 UIData: Loaded 4 keys 5 categories.
[INFO ] 2022-07-30 20:35:57 Olympiad: Olympiad Game Started
[INFO ] 2022-07-30 20:35:57 OlympiadGameManager: Loaded 160 stadiums.
[INFO ] 2022-07-30 20:35:57 AugmentationData: Loaded 33960 augmentations.
[INFO ] 2022-07-30 20:35:57 AugmentationData: Loaded 2754 accessory augmentations.
[INFO ] 2022-07-30 20:35:57 CursedWeaponsManager: Loaded 2 cursed weapon(s).
[INFO ] 2022-07-30 20:35:57 TransformData: Loaded 111 transform templates.
[INFO ] 2022-07-30 20:35:57 BotReportTable: Loaded 0 bot reports.
[INFO ] 2022-07-30 20:35:57 AirShipManager: Loaded 0 private airships.
[INFO ] 2022-07-30 20:35:57 GameServer: ------------------------------------------------=[ Handlers ]
[INFO ] 2022-07-30 20:35:59 MasterHandler: Loaded 5 Voiced Command Handler.
[INFO ] 2022-07-30 20:35:59 MasterHandler: Loaded 10 Action Handler.
[INFO ] 2022-07-30 20:35:59 MasterHandler: Loaded 6 Action Shift Handler.
[INFO ] 2022-07-30 20:35:59 MasterHandler: Loaded 448 Admin Command Handler.
[INFO ] 2022-07-30 20:35:59 MasterHandler: Loaded 48 Bypass Handler.
[INFO ] 2022-07-30 20:35:59 MasterHandler: Loaded 14 Chat Handler.
[INFO ] 2022-07-30 20:35:59 MasterHandler: Loaded 15 Community Board Handler.
[INFO ] 2022-07-30 20:35:59 MasterHandler: Loaded 31 Item Handler.
[INFO ] 2022-07-30 20:35:59 MasterHandler: Loaded 3 Punishment Handler.
[INFO ] 2022-07-30 20:35:59 MasterHandler: Loaded 17 User Command Handler.
[INFO ] 2022-07-30 20:35:59 MasterHandler: Loaded 20 Telnet Handler.
[INFO ] 2022-07-30 20:35:59 GameServer: ------------------------------------------------------=[ AI ]
[INFO ] 2022-07-30 20:36:00 NpcBuffersData: Loaded 33 buffers data.
[INFO ] 2022-07-30 20:36:00 HandysBlockCheckerEvent: Loaded Handy's Block Checker event.
[INFO ] 2022-07-30 20:36:00 AILoader: Loaded 179 AI scripts.
[INFO ] 2022-07-30 20:36:00 GameServer: -----------------------------------------------=[ Instances ]
[INFO ] 2022-07-30 20:36:01 InstanceLoader: Loaded 30 instnaces.
[INFO ] 2022-07-30 20:36:01 GameServer: --------------------------------------------------=[ Gracia ]
[INFO ] 2022-07-30 20:36:01 GraciaLoader: Loaded 28 Gracia scripts.
[INFO ] 2022-07-30 20:36:01 GameServer: -----------------------------------------------=[ Hellbound ]
[INFO ] 2022-07-30 20:36:02 HellboundPointData: Loaded 47 trust point reward data.
[INFO ] 2022-07-30 20:36:02 HellboundSpawns: Loaded 598 Hellbound spawns.
[INFO ] 2022-07-30 20:36:02 HellboundEngine: Level 0.
[INFO ] 2022-07-30 20:36:02 HellboundEngine: Trust 0.
[INFO ] 2022-07-30 20:36:02 HellboundEngine: Status locked.
[INFO ] 2022-07-30 20:36:02 RaidBossSpawnManager: Spawning raid bosses...
[INFO ] 2022-07-30 20:36:02 RaidBossSpawnManager: Loaded 188 bosses.
[INFO ] 2022-07-30 20:36:02 RaidBossSpawnManager: Scheduled 0 boss instances.
[INFO ] 2022-07-30 20:36:02 HellboundLoader: Loaded 34 Hellbound scripts.
[INFO ] 2022-07-30 20:36:02 GameServer: --------------------------------------------------=[ Quests ]
[INFO ] 2022-07-30 20:36:05 Q00350_EnhanceYourWeapon: Loaded 54 soul crystal data.
[INFO ] 2022-07-30 20:36:05 Q00350_EnhanceYourWeapon: Loaded 240 npc leveling data.
[INFO ] 2022-07-30 20:36:05 QuestLoader: Loaded 502 quests.
[INFO ] 2022-07-30 20:36:05 AbstractScript: TerritoryWarSuperClass: Siege date: Sun Aug 07 22:00:00 UYT 2022
[INFO ] 2022-07-30 20:36:05 GameServer: -------------------------------------------------=[ Scripts ]
[INFO ] 2022-07-30 20:36:05 ClanHallSiegeEngine: Fortress of the Dead siege scheduled for 2022-08-13T12:00:00.438-0300.
[INFO ] 2022-07-30 20:36:05 DiscordBot: Discord Bot is Disabled.
[INFO ] 2022-07-30 20:36:05 ClanHallSiegeEngine: Beast Farm siege scheduled for 2022-08-13T12:00:00.437-0300.
[INFO ] 2022-07-30 20:36:05 ClanHallSiegeEngine: Rainbow Springs siege scheduled for 2022-08-13T12:00:00.437-0300.
[INFO ] 2022-07-30 20:36:05 TeleporterService: Disabled.
[INFO ] 2022-07-30 20:36:05 BufferService: Disabled.
[INFO ] 2022-07-30 20:36:05 ClanHallSiegeEngine: Bandit Stronghold siege scheduled for 2022-08-13T12:00:00.436-0300.
[INFO ] 2022-07-30 20:36:05 ClanHallSiegeEngine: Devastated Castle siege scheduled for 2022-08-13T12:00:00.435-0300.
[INFO ] 2022-07-30 20:36:05 ClanHallSiegeEngine: Fortress of Resistance siege scheduled for 2022-08-13T12:00:00.324-0300.
[INFO ] 2022-07-30 20:36:05 GameServer: --------------------------------------------------=[ Spawns ]
[INFO ] 2022-07-30 20:36:08 SpawnTable: Loaded 3763 NPC spawns.
[INFO ] 2022-07-30 20:36:08 SpawnTable: Loaded 1190 NPC spawns from XML.
[INFO ] 2022-07-30 20:36:08 DayNightSpawnManager: Removed 0 day creatures.
[INFO ] 2022-07-30 20:36:08 DayNightSpawnManager: Spawned 553 night creatures.
[INFO ] 2022-07-30 20:36:08 DayNightSpawnManager: Spawning Hellmann raidboss.
[INFO ] 2022-07-30 20:36:08 FourSepulchersManager: Loaded 20 Mysterious-Box spawns.
[INFO ] 2022-07-30 20:36:08 FourSepulchersManager: Loaded 716 Physical type monsters spawns.
[INFO ] 2022-07-30 20:36:08 FourSepulchersManager: Loaded 716 Magical monsters spawns.
[INFO ] 2022-07-30 20:36:08 FourSepulchersManager: Loaded 92 Church of duke monsters spawns.
[INFO ] 2022-07-30 20:36:08 FourSepulchersManager: Loaded 68 Emperor's Grave spawns.
[INFO ] 2022-07-30 20:36:08 FourSepulchersManager: Spawned Conquerors' Sepulcher Manager.
[INFO ] 2022-07-30 20:36:08 FourSepulchersManager: Spawned Emperors' Sepulcher Manager.
[INFO ] 2022-07-30 20:36:08 FourSepulchersManager: Spawned Great Sages' Sepulcher Manager.
[INFO ] 2022-07-30 20:36:08 FourSepulchersManager: Spawned Judges' Sepulcher Manager.
[INFO ] 2022-07-30 20:36:08 FourSepulchersManager: Beginning in attack time.
[INFO ] 2022-07-30 20:36:08 DimensionalRiftManager: Loaded 7 room types with 56 rooms.
[INFO ] 2022-07-30 20:36:08 DimensionalRiftManager: Loaded 462 Dimensional Rift spawns.
[INFO ] 2022-07-30 20:36:08 GameServer: ---------------------------------------------------=[ Siege ]
[INFO ] 2022-07-30 20:36:08 Siege: Siege of Gludio: 2022-08-07T16:00:00.613-0300.
[INFO ] 2022-07-30 20:36:08 Siege: Siege of Dion: 2022-08-07T16:00:00.618-0300.
[INFO ] 2022-07-30 20:36:08 Siege: Siege of Giran: 2022-08-07T16:00:00.619-0300.
[INFO ] 2022-07-30 20:36:08 Siege: Siege of Oren: 2022-08-07T16:00:00.621-0300.
[INFO ] 2022-07-30 20:36:08 Siege: Siege of Aden: 2022-08-07T16:00:00.623-0300.
[INFO ] 2022-07-30 20:36:08 Siege: Siege of Innadril: 2022-08-07T20:00:00.624-0300.
[INFO ] 2022-07-30 20:36:08 Siege: Siege of Goddard: 2022-08-07T20:00:00.658-0300.
[INFO ] 2022-07-30 20:36:08 Siege: Siege of Rune: 2022-08-07T20:00:00.661-0300.
[INFO ] 2022-07-30 20:36:08 Siege: Siege of Schuttgart: 2022-08-07T20:00:00.662-0300.
[INFO ] 2022-07-30 20:36:08 FortManager: Loaded 21 fortress.
[INFO ] 2022-07-30 20:36:08 SiegeScheduleData: Loaded 2 siege schedulers.
[INFO ] 2022-07-30 20:36:08 CastleManorManager: Loaded 258 seeds.
[INFO ] 2022-07-30 20:36:08 CastleManorManager: Manor data loaded.
[INFO ] 2022-07-30 20:36:08 MercTicketManager: Loaded 0 mercenary tickets.
[INFO ] 2022-07-30 20:36:08 AutoSpawnHandler: Loaded 129 handlers.
[INFO ] 2022-07-30 20:36:08 SevenSignsFestival: The first Festival of Darkness cycle begins in 2 minute(s).
[INFO ] 2022-07-30 20:36:08 FaenorEventParser: Event Id Valentines Event has passed... Ignored.
[INFO ] 2022-07-30 20:36:08 FaenorScriptEngine: Loaded Valentines.xml successfully.
[INFO ] 2022-07-30 20:36:08 TaskManager: Loaded 13 tasks.
[INFO ] 2022-07-30 20:36:08 MailManager: Successfully loaded 0 messages.
[INFO ] 2022-07-30 20:36:08 PunishmentManager: Loaded 0 active and 0 expired punishments.
[INFO ] 2022-07-30 20:36:08 GameServer: Free Object Ids remaining 1879002114.
[INFO ] 2022-07-30 20:36:08 TvTManager: Engine is disabled.
[INFO ] 2022-07-30 20:36:08 GameServer: Started, free memory 1497 Mb of 2048 Mb
[INFO ] 2022-07-30 20:36:08 LoginServerThread: Connecting to login server on 127.0.0.1:9014
[INFO ] 2022-07-30 20:36:08 LoginServerThread: Saved config\hexid.txt.
[INFO ] 2022-07-30 20:36:08 LoginServerThread: Registered on login as Server 1: Bartz
[INFO ] 2022-07-30 20:36:08 GameServer: Now listening on *:7777
[INFO ] 2022-07-30 20:36:08 GameServer: ----------------------------------------------------=[ UPnP ]
[INFO ] 2022-07-30 20:36:08 UPnPService: Looking for UPnP Gateway Devices...
[INFO ] 2022-07-30 20:36:08 UPnPService: Using UPnP gateway: Archer AX50
[INFO ] 2022-07-30 20:36:08 UPnPService: Using local address: 192.168.9.232 External address: 192.168.1.2
[INFO ] 2022-07-30 20:36:08 UPnPService: Mapping successful on 192.168.9.232:7777
[INFO ] 2022-07-30 20:36:08 GameServer: Telnet server is currently disabled.
[INFO ] 2022-07-30 20:36:08 GameServer: Maximum numbers of connected players 500.
[INFO ] 2022-07-30 20:36:08 GameServer: Server Bartz loaded in 27 seconds.
[INFO ] 2022-07-30 20:37:12 L2PcInstance: Master access level set for character Adar [268482714].
[INFO ] 2022-07-30 20:44:28 GlobalVariablesManager: Stored 7 variables.
[INFO ] 2022-07-30 20:51:08 TaskOlympiadSave: Data updated.
[INFO ] 2022-07-30 21:00:00 DayNightSpawnManager: Removed 553 night creatures.
[INFO ] 2022-07-30 21:00:00 DayNightSpawnManager: Spawned 232 day creatures.
[INFO ] 2022-07-30 21:00:00 DayNightSpawnManager: Deleting Hellmann raidboss.
[WARN ] 2022-07-30 21:02:39 L2GameClientPacket: Adar [268482714] requested not registered admin command 'admin_polymorph_menu'
[WARN ] 2022-07-30 21:05:46 L2GameClientPacket: Adar [268482714] requested not registered admin command 'admin_polymorph_menu'
[INFO ] 2022-07-30 21:06:08 TaskSevenSignsUpdate: Data updated successfully.
[WARN ] 2022-07-30 21:08:08 L2GameClientPacket: Adar [268482714] requested not registered admin command 'admin_polymorph_menu'
[INFO ] 2022-07-30 21:14:28 GlobalVariablesManager: Stored 7 variables.
[INFO ] 2022-07-30 21:21:08 TaskOlympiadSave: Data updated.
[INFO ] 2022-07-30 21:21:33 L2PcInstance: Decreasing Skill Create Common Item(1320,9) to 1 for Adar [268482714]
[INFO ] 2022-07-30 21:21:33 L2PcInstance: Removing Skill Final Flying Form(840,1), from Adar [268482714]
[INFO ] 2022-07-30 21:21:33 L2PcInstance: Removing Skill Aura Bird - Falcon(841,1), from Adar [268482714]
[INFO ] 2022-07-30 21:21:33 L2PcInstance: Removing Skill Aura Bird - Owl(842,1), from Adar [268482714]
[INFO ] 2022-07-30 21:21:33 L2PcInstance: Removing Skill Expertise S84(239,7), from Adar [268482714]
[INFO ] 2022-07-30 21:36:08 TaskSevenSignsUpdate: Data updated successfully.
