[INFO ] 2022-08-08 13:26:06 GameServer: ------------------------------------------------=[ Database ]
[INFO ] 2022-08-08 13:26:06 GameServer: -----------------------------------=[ Network Configuration ]
[INFO ] 2022-08-08 13:26:06 IPConfigData: Using automatic network configuration.
[INFO ] 2022-08-08 13:26:06 IPConfigData: Adding new subnet: 127.0.0.0/8 address: 127.0.0.1
[INFO ] 2022-08-08 13:26:06 IPConfigData: Adding new subnet: 192.168.9.0/24 address: 192.168.9.232
[INFO ] 2022-08-08 13:26:06 IPConfigData: Adding new subnet: 0.0.0.0/0 address: 186.52.139.62
[INFO ] 2022-08-08 13:26:07 HikariDataSource: HikariPool-1 - Starting...
[INFO ] 2022-08-08 13:26:07 HikariDataSource: HikariPool-1 - Start completed.
[INFO ] 2022-08-08 13:26:07 IdFactory: Updated characters online status.
[INFO ] 2022-08-08 13:26:07 IdFactory: Cleaned 0 elements from database in 0s.
[INFO ] 2022-08-08 13:26:07 IdFactory: Cleaned 0 expired timestamps from database.
[INFO ] 2022-08-08 13:26:07 BitSetIDFactory: 102912 Ids available.
[INFO ] 2022-08-08 13:26:07 GameServer: ---------------------------------------------------=[ World ]
[INFO ] 2022-08-08 13:26:07 InstanceManager: Multiverse Instance created.
[INFO ] 2022-08-08 13:26:07 InstanceManager: Universe Instance created.
[INFO ] 2022-08-08 13:26:07 InstanceManager: Loaded 160 instance names.
[INFO ] 2022-08-08 13:26:07 L2World: 128 by 136 world region grid set up.
[INFO ] 2022-08-08 13:26:07 MapRegionManager: Loaded 57 map regions.
[INFO ] 2022-08-08 13:26:07 GlobalVariablesManager: Loaded 7 variables.
[INFO ] 2022-08-08 13:26:07 GameServer: ----------------------------------------------------=[ Data ]
[INFO ] 2022-08-08 13:26:07 CategoryData: Loaded 124 Categories.
[INFO ] 2022-08-08 13:26:07 SecondaryAuthData: Loaded 328 forbidden passwords.
[INFO ] 2022-08-08 13:26:07 GameServer: -------------------------------------------------=[ Effects ]
[INFO ] 2022-08-08 13:26:09 EffectMasterHandler: Loaded 169 effect handlers.
[INFO ] 2022-08-08 13:26:09 GameServer: ------------------------------------=[ Enchant Skill Groups ]
[INFO ] 2022-08-08 13:26:09 EnchantSkillGroupsData: Loaded 4 groups and 90 routes.
[INFO ] 2022-08-08 13:26:09 GameServer: ---------------------------------------------=[ Skill Trees ]
[INFO ] 2022-08-08 13:26:09 SkillTreesData: Loaded 17176 Class Skills for 103 Class Skill Trees.
[INFO ] 2022-08-08 13:26:09 SkillTreesData: Loaded 76 Sub-Class Skills.
[INFO ] 2022-08-08 13:26:09 SkillTreesData: Loaded 77 Transfer Skills for 3 Transfer Skill Trees.
[INFO ] 2022-08-08 13:26:09 SkillTreesData: Loaded 117 Fishing Skills, 8 Dwarven only Fishing Skills.
[INFO ] 2022-08-08 13:26:09 SkillTreesData: Loaded 3 Collect Skills.
[INFO ] 2022-08-08 13:26:09 SkillTreesData: Loaded 74 Pledge Skills, 44 for Pledge and 30 Residential.
[INFO ] 2022-08-08 13:26:09 SkillTreesData: Loaded 18 Sub-Pledge Skills.
[INFO ] 2022-08-08 13:26:09 SkillTreesData: Loaded 32 Transform Skills.
[INFO ] 2022-08-08 13:26:09 SkillTreesData: Loaded 8 Noble Skills.
[INFO ] 2022-08-08 13:26:09 SkillTreesData: Loaded 5 Hero Skills.
[INFO ] 2022-08-08 13:26:09 SkillTreesData: Loaded 46 Game Master Skills.
[INFO ] 2022-08-08 13:26:09 SkillTreesData: Loaded 46 Game Master Aura Skills.
[INFO ] 2022-08-08 13:26:09 GameServer: --------------------------------------------------=[ Skills ]
[INFO ] 2022-08-08 13:26:17 DocumentEngine: Loaded 65973 skill templates from XML files.
[INFO ] 2022-08-08 13:26:17 SummonSkillsTable: Loaded 1891 summon skills.
[INFO ] 2022-08-08 13:26:17 GameServer: ---------------------------------------------------=[ Items ]
[INFO ] 2022-08-08 13:26:18 ItemTable: Highest item Id used 22567.
[INFO ] 2022-08-08 13:26:18 ItemTable: Loaded 11481 Etc items.
[INFO ] 2022-08-08 13:26:18 ItemTable: Loaded 3825 Armor items.
[INFO ] 2022-08-08 13:26:18 ItemTable: Loaded 3893 Weapon items.
[INFO ] 2022-08-08 13:26:18 ItemTable: Loaded 19199 items in total.
[INFO ] 2022-08-08 13:26:18 EnchantItemGroupsData: Loaded 4 item group templates.
[INFO ] 2022-08-08 13:26:18 EnchantItemGroupsData: Loaded 1 scroll group templates.
[INFO ] 2022-08-08 13:26:18 EnchantItemData: Loaded 63 enchant scrolls.
[INFO ] 2022-08-08 13:26:18 EnchantItemData: Loaded 20 support items.
[INFO ] 2022-08-08 13:26:18 EnchantItemOptionsData: Loaded 23 items and 1093 options.
[INFO ] 2022-08-08 13:26:18 OptionData: Loaded 24985 item options.
[INFO ] 2022-08-08 13:26:18 EnchantItemHPBonusData: Loaded 6 Enchant HP Bonuses.
[INFO ] 2022-08-08 13:26:18 MerchantPriceConfigTable: Loaded 28 merchant price configs.
[WARN ] 2022-08-08 13:26:19 IXmlReader: BuyListData: Folder C:\Users\Pablo\Projects\PW\L2J-PW\opt\l2j\server\game\data\buylists\custom doesn't exist!
[INFO ] 2022-08-08 13:26:19 BuyListData: Loaded 760 buy lists.
[WARN ] 2022-08-08 13:26:19 IXmlReader: MultisellData: Folder C:\Users\Pablo\Projects\PW\L2J-PW\opt\l2j\server\game\data\multisell\custom doesn't exist!
[INFO ] 2022-08-08 13:26:19 MultisellData: Loaded 192 multisell lists.
[INFO ] 2022-08-08 13:26:19 RecipeData: Loaded 1000 recipes.
[INFO ] 2022-08-08 13:26:19 ArmorSetsData: Loaded 204 armor sets.
[INFO ] 2022-08-08 13:26:19 FishData: Loaded 278 fish.
[INFO ] 2022-08-08 13:26:19 FishingMonstersData: Loaded 8 fishing monsters.
[INFO ] 2022-08-08 13:26:19 FishingRodsData: Loaded 6 fishing rods.
[INFO ] 2022-08-08 13:26:19 HennaData: Loaded 180 Henna data.
[INFO ] 2022-08-08 13:26:19 GameServer: ----------------------------------------------=[ Characters ]
[INFO ] 2022-08-08 13:26:19 ClassListData: Loaded 107 class data.
[INFO ] 2022-08-08 13:26:19 InitialEquipmentData: Loaded 11 initial equipment data.
[INFO ] 2022-08-08 13:26:19 InitialShortcutData: Loaded 5 initial dlobal shortcuts data.
[INFO ] 2022-08-08 13:26:19 InitialShortcutData: Loaded 4 initial shortcuts data.
[INFO ] 2022-08-08 13:26:19 InitialShortcutData: Loaded 0 macros presets.
[INFO ] 2022-08-08 13:26:19 KarmaData: Loaded 85 karma modifiers.
[INFO ] 2022-08-08 13:26:19 HitConditionBonusData: Loaded Hit Condition bonuses.
[INFO ] 2022-08-08 13:26:19 PlayerTemplateData: Loaded 103 character templates.
[INFO ] 2022-08-08 13:26:19 PlayerTemplateData: Loaded 52530 level up gain records.
[INFO ] 2022-08-08 13:26:19 PlayerCreationPointData: Loaded 62 character creation points.
[INFO ] 2022-08-08 13:26:19 CharNameTable: Loaded 5 char names.
[INFO ] 2022-08-08 13:26:19 AdminData: Loaded 10 access levels.
[INFO ] 2022-08-08 13:26:19 AdminData: Loaded 445 access commands.
[INFO ] 2022-08-08 13:26:19 RaidBossPointsManager: Loaded 0 characters raid points.
[INFO ] 2022-08-08 13:26:20 PetDataTable: Loaded 52 Pets.
[INFO ] 2022-08-08 13:26:20 GameServer: -----------------------------------------------------=[ BBS ]
[INFO ] 2022-08-08 13:26:20 ForumsBBSManager: Loaded 5 forums.
[INFO ] 2022-08-08 13:26:20 GameServer: ---------------------------------------------------=[ Clans ]
[INFO ] 2022-08-08 13:26:20 ClanTable: Restored 1 clans from the database.
[INFO ] 2022-08-08 13:26:20 AuctionManager: Loaded 38 auction(s).
[INFO ] 2022-08-08 13:26:20 ClanHallManager: Loaded 0 clan halls.
[INFO ] 2022-08-08 13:26:20 ClanHallManager: Loaded 38 free clan halls.
[INFO ] 2022-08-08 13:26:20 ClanHallSiegeManager: Loaded 6 conquerable clan halls.
[INFO ] 2022-08-08 13:26:20 GameServer: -------------------------------------------------=[ Geodata ]
[INFO ] 2022-08-08 13:26:20 GeoData: Loaded 0 regions.
[INFO ] 2022-08-08 13:26:20 GameServer: ----------------------------------------------------=[ NPCs ]
[INFO ] 2022-08-08 13:26:20 SkillLearnData: Loaded 256 skill learn data.
[INFO ] 2022-08-08 13:26:20 NpcData$MinionData: Loaded 128 minions data.
[INFO ] 2022-08-08 13:26:22 NpcData: Loaded 10461 NPCs.
[INFO ] 2022-08-08 13:26:22 NpcData: Loaded 10 custom NPCs.
[INFO ] 2022-08-08 13:26:22 WalkingManager: Loaded 127 walking routes.
[INFO ] 2022-08-08 13:26:22 StaticObjectData: Loaded 51 static object templates.
[INFO ] 2022-08-08 13:26:22 GrandBossManager: Queen Ant (29001) status is 0.
[INFO ] 2022-08-08 13:26:22 GrandBossManager: Core (29006) status is 0.
[INFO ] 2022-08-08 13:26:22 GrandBossManager: Orfen (29014) status is 0.
[INFO ] 2022-08-08 13:26:22 GrandBossManager: Baium (29020) status is 0.
[INFO ] 2022-08-08 13:26:22 GrandBossManager: Valakas (29028) status is 0.
[INFO ] 2022-08-08 13:26:22 GrandBossManager: Antharas (29068) status is 0.
[INFO ] 2022-08-08 13:26:22 GrandBossManager: Beleth (29118) status is 0.
[INFO ] 2022-08-08 13:26:22 GrandBossManager: Loaded 7 grand boss instances.
[INFO ] 2022-08-08 13:26:23 DoorData: Loaded 1301 door templates for 22 regions.
[INFO ] 2022-08-08 13:26:23 ZoneManager: Loaded 28 zone classes and 2794 zones.
[INFO ] 2022-08-08 13:26:23 ZoneManager: Loaded 0 NPC spawn territoriers.
[INFO ] 2022-08-08 13:26:23 CastleManager: Loaded 9 castles.
[INFO ] 2022-08-08 13:26:23 NpcBufferTable: Loaded 2 buffers and 100 skills.
[INFO ] 2022-08-08 13:26:23 GrandBossManager: Initialized 12 grand boss zones.
[INFO ] 2022-08-08 13:26:23 GameServer: -----------------------------------------=[ Auction Manager ]
[INFO ] 2022-08-08 13:26:23 ItemAuctionInstance: Loaded 82 item(s) and registered 2 auction(s) for NPC ID 32320.
[INFO ] 2022-08-08 13:26:23 ItemAuctionInstance: Schedule next auction ID 6 on 17:00:00 12.08.22 for NPC ID 32320.
[INFO ] 2022-08-08 13:26:23 ItemAuctionInstance: Loaded 82 item(s) and registered 2 auction(s) for NPC ID 32321.
[INFO ] 2022-08-08 13:26:23 ItemAuctionInstance: Schedule next auction ID 4 on 17:00:00 08.08.22 for NPC ID 32321.
[INFO ] 2022-08-08 13:26:23 ItemAuctionInstance: Loaded 82 item(s) and registered 2 auction(s) for NPC ID 32322.
[INFO ] 2022-08-08 13:26:23 ItemAuctionInstance: Schedule next auction ID 5 on 17:00:00 10.08.22 for NPC ID 32322.
[INFO ] 2022-08-08 13:26:23 ItemAuctionManager: Loaded 3 auction manager instance(s).
[INFO ] 2022-08-08 13:26:23 GameServer: ------------------------------------------------=[ Olympiad ]
[INFO ] 2022-08-08 13:26:23 Olympiad: Loading Olympiad System....
[INFO ] 2022-08-08 13:26:23 Olympiad: Currently in Olympiad Period
[INFO ] 2022-08-08 13:26:23 Olympiad: 34473 minutes until period ends
[INFO ] 2022-08-08 13:26:23 Olympiad: Next weekly change is in 4609 minutes
[INFO ] 2022-08-08 13:26:23 Olympiad: Loaded 0 Nobles
[INFO ] 2022-08-08 13:26:23 Olympiad: Competition Period Starts in 0 days, 4 hours and 34 mins.
[INFO ] 2022-08-08 13:26:23 Olympiad: Event starts/started : Mon Aug 08 18:00:23 UYT 2022
[INFO ] 2022-08-08 13:26:23 Hero: Loaded 0 Heroes.
[INFO ] 2022-08-08 13:26:23 Hero: Loaded 0 all time Heroes.
[INFO ] 2022-08-08 13:26:23 GameServer: ---------------------------------------------=[ Seven Signs ]
[INFO ] 2022-08-08 13:26:23 SevenSigns: Currently in the Seal Validation period.
[INFO ] 2022-08-08 13:26:23 SevenSigns: The Seal of Avarice remains unclaimed.
[INFO ] 2022-08-08 13:26:23 SevenSigns: The Seal of Gnosis remains unclaimed.
[INFO ] 2022-08-08 13:26:23 SevenSigns: The Seal of Strife remains unclaimed.
[INFO ] 2022-08-08 13:26:23 SevenSigns: The competition ended with a tie last week.
[INFO ] 2022-08-08 13:26:23 SevenSigns: Next period change set to 2022-08-08T18:00:23.879-0300.
[INFO ] 2022-08-08 13:26:23 SevenSigns: Next period begins in 0 days, 4 hours and 33 mins.
[INFO ] 2022-08-08 13:26:23 GameServer: ---------------------------------------------------=[ Cache ]
[INFO ] 2022-08-08 13:26:23 HtmCache: Running lazy cache.
[INFO ] 2022-08-08 13:26:23 CrestTable: Loaded 0 crests.
[INFO ] 2022-08-08 13:26:23 TeleportLocationTable: Loaded 957 teleport location templates.
[INFO ] 2022-08-08 13:26:23 UIData: Loaded 4 keys 5 categories.
[INFO ] 2022-08-08 13:26:23 AugmentationData: Loaded 17 blue, 107 purple and 54 red skills for life stone level 0.
[INFO ] 2022-08-08 13:26:23 AugmentationData: Loaded 17 blue, 107 purple and 54 red skills for life stone level 1.
[INFO ] 2022-08-08 13:26:23 AugmentationData: Loaded 17 blue, 107 purple and 54 red skills for life stone level 2.
[INFO ] 2022-08-08 13:26:23 AugmentationData: Loaded 17 blue, 107 purple and 54 red skills for life stone level 3.
[INFO ] 2022-08-08 13:26:23 AugmentationData: Loaded 17 blue, 107 purple and 54 red skills for life stone level 4.
[INFO ] 2022-08-08 13:26:23 AugmentationData: Loaded 17 blue, 107 purple and 54 red skills for life stone level 5.
[INFO ] 2022-08-08 13:26:23 AugmentationData: Loaded 17 blue, 107 purple and 54 red skills for life stone level 6.
[INFO ] 2022-08-08 13:26:23 AugmentationData: Loaded 17 blue, 107 purple and 54 red skills for life stone level 7.
[INFO ] 2022-08-08 13:26:23 AugmentationData: Loaded 17 blue, 107 purple and 54 red skills for life stone level 8.
[INFO ] 2022-08-08 13:26:23 AugmentationData: Loaded 17 blue, 107 purple and 54 red skills for life stone level 9.
[INFO ] 2022-08-08 13:26:23 CursedWeaponsManager: Loaded 2 cursed weapon(s).
[INFO ] 2022-08-08 13:26:24 TransformData: Loaded 111 transform templates.
[INFO ] 2022-08-08 13:26:24 BotReportTable: Loaded 0 bot reports.
[INFO ] 2022-08-08 13:26:24 AirShipManager: Loaded 0 private airships.
[INFO ] 2022-08-08 13:26:24 GameServer: ------------------------------------------------=[ Handlers ]
[INFO ] 2022-08-08 13:26:26 MasterHandler: Loaded 5 Voiced Command Handler.
[INFO ] 2022-08-08 13:26:26 MasterHandler: Loaded 10 Action Handler.
[INFO ] 2022-08-08 13:26:26 MasterHandler: Loaded 6 Action Shift Handler.
[INFO ] 2022-08-08 13:26:26 MasterHandler: Loaded 448 Admin Command Handler.
[INFO ] 2022-08-08 13:26:26 MasterHandler: Loaded 48 Bypass Handler.
[INFO ] 2022-08-08 13:26:26 MasterHandler: Loaded 14 Chat Handler.
[INFO ] 2022-08-08 13:26:26 MasterHandler: Loaded 15 Community Board Handler.
[INFO ] 2022-08-08 13:26:26 MasterHandler: Loaded 31 Item Handler.
[INFO ] 2022-08-08 13:26:26 MasterHandler: Loaded 3 Punishment Handler.
[INFO ] 2022-08-08 13:26:26 MasterHandler: Loaded 17 User Command Handler.
[INFO ] 2022-08-08 13:26:26 MasterHandler: Loaded 20 Telnet Handler.
[INFO ] 2022-08-08 13:26:26 GameServer: ------------------------------------------------------=[ AI ]
[INFO ] 2022-08-08 13:26:27 NpcBuffersData: Loaded 33 buffers data.
[INFO ] 2022-08-08 13:26:27 HandysBlockCheckerEvent: Loaded Handy's Block Checker event.
[INFO ] 2022-08-08 13:26:27 AILoader: Loaded 179 AI scripts.
[INFO ] 2022-08-08 13:26:27 GameServer: -----------------------------------------------=[ Instances ]
[INFO ] 2022-08-08 13:26:28 InstanceLoader: Loaded 30 instnaces.
[INFO ] 2022-08-08 13:26:28 GameServer: --------------------------------------------------=[ Gracia ]
[INFO ] 2022-08-08 13:26:29 GraciaLoader: Loaded 28 Gracia scripts.
[INFO ] 2022-08-08 13:26:29 GameServer: -----------------------------------------------=[ Hellbound ]
[INFO ] 2022-08-08 13:26:29 HellboundPointData: Loaded 47 trust point reward data.
[INFO ] 2022-08-08 13:26:29 HellboundSpawns: Loaded 598 Hellbound spawns.
[INFO ] 2022-08-08 13:26:29 HellboundEngine: Level 0.
[INFO ] 2022-08-08 13:26:29 HellboundEngine: Trust 0.
[INFO ] 2022-08-08 13:26:29 HellboundEngine: Status locked.
[INFO ] 2022-08-08 13:26:29 RaidBossSpawnManager: Spawning raid bosses...
[INFO ] 2022-08-08 13:26:29 RaidBossSpawnManager: Loaded 187 bosses.
[INFO ] 2022-08-08 13:26:29 RaidBossSpawnManager: Scheduled 0 boss instances.
[INFO ] 2022-08-08 13:26:29 HellboundLoader: Loaded 34 Hellbound scripts.
[INFO ] 2022-08-08 13:26:29 GameServer: --------------------------------------------------=[ Quests ]
[INFO ] 2022-08-08 13:26:32 Q00350_EnhanceYourWeapon: Loaded 54 soul crystal data.
[INFO ] 2022-08-08 13:26:32 Q00350_EnhanceYourWeapon: Loaded 240 npc leveling data.
[INFO ] 2022-08-08 13:26:32 QuestLoader: Loaded 502 quests.
[INFO ] 2022-08-08 13:26:32 AbstractScript: TerritoryWarSuperClass: Siege date: Sun Aug 21 22:00:00 UYT 2022
[INFO ] 2022-08-08 13:26:32 GameServer: -------------------------------------------------=[ Scripts ]
[INFO ] 2022-08-08 13:26:33 ClanHallSiegeEngine: Fortress of the Dead siege scheduled for 2022-08-13T12:00:00.438-0300.
[INFO ] 2022-08-08 13:26:33 DiscordBot: Discord Bot is Disabled.
[INFO ] 2022-08-08 13:26:33 ClanHallSiegeEngine: Beast Farm siege scheduled for 2022-08-13T12:00:00.437-0300.
[INFO ] 2022-08-08 13:26:33 ClanHallSiegeEngine: Rainbow Springs siege scheduled for 2022-08-13T12:00:00.437-0300.
[INFO ] 2022-08-08 13:26:33 TeleporterService: Loading...
[INFO ] 2022-08-08 13:26:33 BufferService: Loading...
[INFO ] 2022-08-08 13:26:33 ClanHallSiegeEngine: Bandit Stronghold siege scheduled for 2022-08-13T12:00:00.436-0300.
[INFO ] 2022-08-08 13:26:33 ClanHallSiegeEngine: Devastated Castle siege scheduled for 2022-08-13T12:00:00.435-0300.
[INFO ] 2022-08-08 13:26:33 ClanHallSiegeEngine: Fortress of Resistance siege scheduled for 2022-08-13T12:00:00.324-0300.
[INFO ] 2022-08-08 13:26:33 GameServer: --------------------------------------------------=[ Spawns ]
[INFO ] 2022-08-08 13:26:38 SpawnTable: Loaded 3763 NPC spawns.
[INFO ] 2022-08-08 13:26:38 SpawnTable: Loaded 1 custom NPC spawns.
[INFO ] 2022-08-08 13:26:38 SpawnTable: Loaded 1190 NPC spawns from XML.
[INFO ] 2022-08-08 13:26:38 DayNightSpawnManager: Removed 0 night creatures.
[INFO ] 2022-08-08 13:26:38 DayNightSpawnManager: Spawned 232 day creatures.
[INFO ] 2022-08-08 13:26:38 FourSepulchersManager: Loaded 20 Mysterious-Box spawns.
[INFO ] 2022-08-08 13:26:38 FourSepulchersManager: Loaded 716 Physical type monsters spawns.
[INFO ] 2022-08-08 13:26:38 FourSepulchersManager: Loaded 716 Magical monsters spawns.
[INFO ] 2022-08-08 13:26:38 FourSepulchersManager: Loaded 92 Church of duke monsters spawns.
[INFO ] 2022-08-08 13:26:38 FourSepulchersManager: Loaded 68 Emperor's Grave spawns.
[INFO ] 2022-08-08 13:26:38 FourSepulchersManager: Spawned Conquerors' Sepulcher Manager.
[INFO ] 2022-08-08 13:26:38 FourSepulchersManager: Spawned Emperors' Sepulcher Manager.
[INFO ] 2022-08-08 13:26:38 FourSepulchersManager: Spawned Great Sages' Sepulcher Manager.
[INFO ] 2022-08-08 13:26:38 FourSepulchersManager: Spawned Judges' Sepulcher Manager.
[INFO ] 2022-08-08 13:26:38 FourSepulchersManager: Beginning in attack time.
[INFO ] 2022-08-08 13:26:38 DimensionalRiftManager: Loaded 7 room types with 56 rooms.
[INFO ] 2022-08-08 13:26:38 DimensionalRiftManager: Loaded 462 Dimensional Rift spawns.
[INFO ] 2022-08-08 13:26:38 GameServer: ---------------------------------------------------=[ Siege ]
[INFO ] 2022-08-08 13:26:38 Siege: Siege of Gludio: 2022-08-21T16:00:00.128-0300.
[INFO ] 2022-08-08 13:26:38 Siege: Siege of Dion: 2022-08-21T16:00:00.131-0300.
[INFO ] 2022-08-08 13:26:38 Siege: Siege of Giran: 2022-08-21T16:00:00.133-0300.
[INFO ] 2022-08-08 13:26:38 Siege: Siege of Oren: 2022-08-21T16:00:00.217-0300.
[INFO ] 2022-08-08 13:26:38 Siege: Siege of Aden: 2022-08-21T16:00:00.218-0300.
[INFO ] 2022-08-08 13:26:38 Siege: Siege of Innadril: 2022-08-21T20:00:00.219-0300.
[INFO ] 2022-08-08 13:26:38 Siege: Siege of Goddard: 2022-08-21T20:00:00.220-0300.
[INFO ] 2022-08-08 13:26:38 Siege: Siege of Rune: 2022-08-21T20:00:00.221-0300.
[INFO ] 2022-08-08 13:26:38 Siege: Siege of Schuttgart: 2022-08-21T20:00:00.222-0300.
[INFO ] 2022-08-08 13:26:38 FortManager: Loaded 21 fortress.
[INFO ] 2022-08-08 13:26:38 SiegeScheduleData: Loaded 2 siege schedulers.
[INFO ] 2022-08-08 13:26:38 CastleManorManager: Loaded 258 seeds.
[INFO ] 2022-08-08 13:26:38 CastleManorManager: Manor data loaded.
[INFO ] 2022-08-08 13:26:38 MercTicketManager: Loaded 0 mercenary tickets.
[INFO ] 2022-08-08 13:26:38 AutoSpawnHandler: Loaded 129 handlers.
[INFO ] 2022-08-08 13:26:38 SevenSignsFestival: Initialization bypassed due to Seal Validation in effect.
[INFO ] 2022-08-08 13:26:38 FaenorEventParser: Event Id Valentines Event has passed... Ignored.
[INFO ] 2022-08-08 13:26:38 FaenorScriptEngine: Loaded Valentines.xml successfully.
[INFO ] 2022-08-08 13:26:38 TaskManager: Loaded 13 tasks.
[INFO ] 2022-08-08 13:26:38 MailManager: Successfully loaded 3 messages.
[INFO ] 2022-08-08 13:26:38 PunishmentManager: Loaded 0 active and 0 expired punishments.
[INFO ] 2022-08-08 13:26:38 GameServer: Free Object Ids remaining 1879002054.
[INFO ] 2022-08-08 13:26:38 TvTManager: Engine is disabled.
[INFO ] 2022-08-08 13:26:38 GameServer: Started, free memory 1493 Mb of 2048 Mb
[INFO ] 2022-08-08 13:26:38 LoginServerThread: Connecting to login server on 127.0.0.1:9014
[INFO ] 2022-08-08 13:26:38 GameServer: Now listening on *:7777
[INFO ] 2022-08-08 13:26:38 GameServer: ----------------------------------------------------=[ UPnP ]
[INFO ] 2022-08-08 13:26:38 UPnPService: Looking for UPnP Gateway Devices...
[INFO ] 2022-08-08 13:26:38 UPnPService: Using UPnP gateway: Archer AX50
[INFO ] 2022-08-08 13:26:38 UPnPService: Using local address: 192.168.9.232 External address: 192.168.1.2
[INFO ] 2022-08-08 13:26:38 UPnPService: Mapping successful on 192.168.9.232:7777
[INFO ] 2022-08-08 13:26:38 GameServer: Telnet server is currently disabled.
[INFO ] 2022-08-08 13:26:38 GameServer: Maximum numbers of connected players 500.
[INFO ] 2022-08-08 13:26:38 GameServer: Server Bartz loaded in 32 seconds.
