[INFO ] 2022-07-31 13:56:46 GameServer: ------------------------------------------------=[ Database ]
[INFO ] 2022-07-31 13:56:46 GameServer: -----------------------------------=[ Network Configuration ]
[INFO ] 2022-07-31 13:56:46 IPConfigData: Using automatic network configuration.
[INFO ] 2022-07-31 13:56:46 IPConfigData: Adding new subnet: 127.0.0.0/8 address: 127.0.0.1
[INFO ] 2022-07-31 13:56:46 IPConfigData: Adding new subnet: 192.168.9.0/24 address: 192.168.9.232
[INFO ] 2022-07-31 13:56:46 IPConfigData: Adding new subnet: 0.0.0.0/0 address: 186.50.38.128
[INFO ] 2022-07-31 13:56:46 HikariDataSource: HikariPool-1 - Starting...
[INFO ] 2022-07-31 13:56:46 HikariDataSource: HikariPool-1 - Start completed.
[INFO ] 2022-07-31 13:56:46 IdFactory: Updated characters online status.
[INFO ] 2022-07-31 13:56:46 IdFactory: Cleaned 0 elements from database in 0s.
[INFO ] 2022-07-31 13:56:46 IdFactory: Cleaned 0 expired timestamps from database.
[INFO ] 2022-07-31 13:56:46 BitSetIDFactory: 102912 Ids available.
[INFO ] 2022-07-31 13:56:46 GameServer: ---------------------------------------------------=[ World ]
[INFO ] 2022-07-31 13:56:46 InstanceManager: Multiverse Instance created.
[INFO ] 2022-07-31 13:56:46 InstanceManager: Universe Instance created.
[INFO ] 2022-07-31 13:56:46 InstanceManager: Loaded 160 instance names.
[INFO ] 2022-07-31 13:56:47 L2World: 128 by 136 world region grid set up.
[INFO ] 2022-07-31 13:56:47 MapRegionManager: Loaded 57 map regions.
[INFO ] 2022-07-31 13:56:47 GlobalVariablesManager: Loaded 7 variables.
[INFO ] 2022-07-31 13:56:47 GameServer: ----------------------------------------------------=[ Data ]
[INFO ] 2022-07-31 13:56:47 CategoryData: Loaded 124 Categories.
[INFO ] 2022-07-31 13:56:47 SecondaryAuthData: Loaded 328 forbidden passwords.
[INFO ] 2022-07-31 13:56:47 GameServer: -------------------------------------------------=[ Effects ]
[INFO ] 2022-07-31 13:56:48 EffectMasterHandler: Loaded 169 effect handlers.
[INFO ] 2022-07-31 13:56:48 GameServer: ------------------------------------=[ Enchant Skill Groups ]
[INFO ] 2022-07-31 13:56:48 EnchantSkillGroupsData: Loaded 4 groups and 90 routes.
[INFO ] 2022-07-31 13:56:48 GameServer: ---------------------------------------------=[ Skill Trees ]
[INFO ] 2022-07-31 13:56:49 SkillTreesData: Loaded 17176 Class Skills for 103 Class Skill Trees.
[INFO ] 2022-07-31 13:56:49 SkillTreesData: Loaded 76 Sub-Class Skills.
[INFO ] 2022-07-31 13:56:49 SkillTreesData: Loaded 77 Transfer Skills for 3 Transfer Skill Trees.
[INFO ] 2022-07-31 13:56:49 SkillTreesData: Loaded 117 Fishing Skills, 8 Dwarven only Fishing Skills.
[INFO ] 2022-07-31 13:56:49 SkillTreesData: Loaded 3 Collect Skills.
[INFO ] 2022-07-31 13:56:49 SkillTreesData: Loaded 74 Pledge Skills, 44 for Pledge and 30 Residential.
[INFO ] 2022-07-31 13:56:49 SkillTreesData: Loaded 18 Sub-Pledge Skills.
[INFO ] 2022-07-31 13:56:49 SkillTreesData: Loaded 32 Transform Skills.
[INFO ] 2022-07-31 13:56:49 SkillTreesData: Loaded 8 Noble Skills.
[INFO ] 2022-07-31 13:56:49 SkillTreesData: Loaded 5 Hero Skills.
[INFO ] 2022-07-31 13:56:49 SkillTreesData: Loaded 46 Game Master Skills.
[INFO ] 2022-07-31 13:56:49 SkillTreesData: Loaded 46 Game Master Aura Skills.
[INFO ] 2022-07-31 13:56:49 GameServer: --------------------------------------------------=[ Skills ]
[INFO ] 2022-07-31 13:56:57 DocumentEngine: Loaded 65973 skill templates from XML files.
[INFO ] 2022-07-31 13:56:57 SummonSkillsTable: Loaded 1891 summon skills.
[INFO ] 2022-07-31 13:56:57 GameServer: ---------------------------------------------------=[ Items ]
[INFO ] 2022-07-31 13:56:57 ItemTable: Highest item Id used 22567.
[INFO ] 2022-07-31 13:56:57 ItemTable: Loaded 11481 Etc items.
[INFO ] 2022-07-31 13:56:57 ItemTable: Loaded 3825 Armor items.
[INFO ] 2022-07-31 13:56:57 ItemTable: Loaded 3893 Weapon items.
[INFO ] 2022-07-31 13:56:57 ItemTable: Loaded 19199 items in total.
[INFO ] 2022-07-31 13:56:57 EnchantItemGroupsData: Loaded 4 item group templates.
[INFO ] 2022-07-31 13:56:57 EnchantItemGroupsData: Loaded 1 scroll group templates.
[INFO ] 2022-07-31 13:56:57 EnchantItemData: Loaded 63 enchant scrolls.
[INFO ] 2022-07-31 13:56:57 EnchantItemData: Loaded 20 support items.
[INFO ] 2022-07-31 13:56:57 EnchantItemOptionsData: Loaded 23 items and 1093 options.
[INFO ] 2022-07-31 13:56:58 OptionData: Loaded 24985 item options.
[INFO ] 2022-07-31 13:56:58 EnchantItemHPBonusData: Loaded 6 Enchant HP Bonuses.
[INFO ] 2022-07-31 13:56:58 MerchantPriceConfigTable: Loaded 28 merchant price configs.
[WARN ] 2022-07-31 13:56:58 IXmlReader: BuyListData: Folder C:\opt\l2j\server\game\data\buylists\custom doesn't exist!
[INFO ] 2022-07-31 13:56:58 BuyListData: Loaded 760 buy lists.
[WARN ] 2022-07-31 13:56:58 IXmlReader: MultisellData: Folder C:\opt\l2j\server\game\data\multisell\custom doesn't exist!
[INFO ] 2022-07-31 13:56:58 MultisellData: Loaded 192 multisell lists.
[INFO ] 2022-07-31 13:56:58 RecipeData: Loaded 1000 recipes.
[INFO ] 2022-07-31 13:56:58 ArmorSetsData: Loaded 204 armor sets.
[INFO ] 2022-07-31 13:56:58 FishData: Loaded 278 fish.
[INFO ] 2022-07-31 13:56:58 FishingMonstersData: Loaded 8 fishing monsters.
[INFO ] 2022-07-31 13:56:58 FishingRodsData: Loaded 6 fishing rods.
[INFO ] 2022-07-31 13:56:59 HennaData: Loaded 180 Henna data.
[INFO ] 2022-07-31 13:56:59 GameServer: ----------------------------------------------=[ Characters ]
[INFO ] 2022-07-31 13:56:59 ClassListData: Loaded 107 class data.
[INFO ] 2022-07-31 13:56:59 InitialEquipmentData: Loaded 11 initial equipment data.
[INFO ] 2022-07-31 13:56:59 InitialShortcutData: Loaded 5 initial dlobal shortcuts data.
[INFO ] 2022-07-31 13:56:59 InitialShortcutData: Loaded 4 initial shortcuts data.
[INFO ] 2022-07-31 13:56:59 InitialShortcutData: Loaded 0 macros presets.
[INFO ] 2022-07-31 13:56:59 KarmaData: Loaded 85 karma modifiers.
[INFO ] 2022-07-31 13:56:59 HitConditionBonusData: Loaded Hit Condition bonuses.
[INFO ] 2022-07-31 13:56:59 PlayerTemplateData: Loaded 103 character templates.
[INFO ] 2022-07-31 13:56:59 PlayerTemplateData: Loaded 52530 level up gain records.
[INFO ] 2022-07-31 13:56:59 PlayerCreationPointData: Loaded 62 character creation points.
[INFO ] 2022-07-31 13:56:59 CharNameTable: Loaded 3 char names.
[INFO ] 2022-07-31 13:56:59 AdminData: Loaded 10 access levels.
[INFO ] 2022-07-31 13:56:59 AdminData: Loaded 445 access commands.
[INFO ] 2022-07-31 13:56:59 RaidBossPointsManager: Loaded 0 characters raid points.
[INFO ] 2022-07-31 13:56:59 PetDataTable: Loaded 52 Pets.
[INFO ] 2022-07-31 13:56:59 GameServer: -----------------------------------------------------=[ BBS ]
[INFO ] 2022-07-31 13:56:59 ForumsBBSManager: Loaded 4 forums.
[INFO ] 2022-07-31 13:56:59 GameServer: ---------------------------------------------------=[ Clans ]
[INFO ] 2022-07-31 13:56:59 ClanTable: Restored 0 clans from the database.
[INFO ] 2022-07-31 13:56:59 AuctionManager: Loaded 38 auction(s).
[INFO ] 2022-07-31 13:56:59 ClanHallManager: Loaded 0 clan halls.
[INFO ] 2022-07-31 13:56:59 ClanHallManager: Loaded 38 free clan halls.
[INFO ] 2022-07-31 13:56:59 ClanHallSiegeManager: Loaded 6 conquerable clan halls.
[INFO ] 2022-07-31 13:56:59 GameServer: -------------------------------------------------=[ Geodata ]
[INFO ] 2022-07-31 13:56:59 GeoData: Loaded 0 regions.
[INFO ] 2022-07-31 13:56:59 GameServer: ----------------------------------------------------=[ NPCs ]
[INFO ] 2022-07-31 13:56:59 SkillLearnData: Loaded 256 skill learn data.
[INFO ] 2022-07-31 13:56:59 NpcData$MinionData: Loaded 128 minions data.
[INFO ] 2022-07-31 13:57:01 NpcData: Loaded 10461 NPCs.
[INFO ] 2022-07-31 13:57:01 NpcData: Loaded 10 custom NPCs.
[INFO ] 2022-07-31 13:57:01 WalkingManager: Loaded 127 walking routes.
[INFO ] 2022-07-31 13:57:01 StaticObjectData: Loaded 51 static object templates.
[INFO ] 2022-07-31 13:57:01 GrandBossManager: Queen Ant (29001) status is 0.
[INFO ] 2022-07-31 13:57:01 GrandBossManager: Core (29006) status is 0.
[INFO ] 2022-07-31 13:57:01 GrandBossManager: Orfen (29014) status is 0.
[INFO ] 2022-07-31 13:57:01 GrandBossManager: Baium (29020) status is 0.
[INFO ] 2022-07-31 13:57:01 GrandBossManager: Valakas (29028) status is 0.
[INFO ] 2022-07-31 13:57:01 GrandBossManager: Antharas (29068) status is 0.
[INFO ] 2022-07-31 13:57:01 GrandBossManager: Beleth (29118) status is 0.
[INFO ] 2022-07-31 13:57:01 GrandBossManager: Loaded 7 grand boss instances.
[INFO ] 2022-07-31 13:57:02 DoorData: Loaded 1301 door templates for 22 regions.
[INFO ] 2022-07-31 13:57:02 ZoneManager: Loaded 28 zone classes and 2794 zones.
[INFO ] 2022-07-31 13:57:02 ZoneManager: Loaded 0 NPC spawn territoriers.
[INFO ] 2022-07-31 13:57:02 CastleManager: Loaded 9 castles.
[INFO ] 2022-07-31 13:57:02 NpcBufferTable: Loaded 2 buffers and 100 skills.
[INFO ] 2022-07-31 13:57:02 GrandBossManager: Initialized 12 grand boss zones.
[INFO ] 2022-07-31 13:57:02 GameServer: -----------------------------------------=[ Auction Manager ]
[INFO ] 2022-07-31 13:57:03 ItemAuctionInstance: Loaded 82 item(s) and registered 1 auction(s) for NPC ID 32320.
[INFO ] 2022-07-31 13:57:03 ItemAuctionInstance: Schedule next auction ID 1 on 17:00:00 05.08.22 for NPC ID 32320.
[INFO ] 2022-07-31 13:57:03 ItemAuctionInstance: Loaded 82 item(s) and registered 1 auction(s) for NPC ID 32321.
[INFO ] 2022-07-31 13:57:03 ItemAuctionInstance: Schedule next auction ID 2 on 17:00:00 01.08.22 for NPC ID 32321.
[INFO ] 2022-07-31 13:57:03 ItemAuctionInstance: Loaded 82 item(s) and registered 1 auction(s) for NPC ID 32322.
[INFO ] 2022-07-31 13:57:03 ItemAuctionInstance: Schedule next auction ID 3 on 17:00:00 03.08.22 for NPC ID 32322.
[INFO ] 2022-07-31 13:57:03 ItemAuctionManager: Loaded 3 auction manager instance(s).
[INFO ] 2022-07-31 13:57:03 GameServer: ------------------------------------------------=[ Olympiad ]
[INFO ] 2022-07-31 13:57:03 Olympiad: Loading Olympiad System....
[INFO ] 2022-07-31 13:57:03 Olympiad: Currently in Olympiad Period
[INFO ] 2022-07-31 13:57:03 Olympiad: 1322 minutes until period ends
[INFO ] 2022-07-31 13:57:03 Olympiad: Next weekly change is in 8749 minutes
[INFO ] 2022-07-31 13:57:03 Olympiad: Loaded 0 Nobles
[INFO ] 2022-07-31 13:57:03 Olympiad: Competition Period Starts in 0 days, 4 hours and 3 mins.
[INFO ] 2022-07-31 13:57:03 Olympiad: Event starts/started : Sun Jul 31 18:00:03 UYT 2022
[INFO ] 2022-07-31 13:57:03 Hero: Loaded 0 Heroes.
[INFO ] 2022-07-31 13:57:03 Hero: Loaded 0 all time Heroes.
[INFO ] 2022-07-31 13:57:03 GameServer: ---------------------------------------------=[ Seven Signs ]
[INFO ] 2022-07-31 13:57:03 SevenSigns: Currently in the Competition (Quest Event) period.
[INFO ] 2022-07-31 13:57:03 SevenSigns: The Seal of Avarice remains unclaimed.
[INFO ] 2022-07-31 13:57:03 SevenSigns: The Seal of Gnosis remains unclaimed.
[INFO ] 2022-07-31 13:57:03 SevenSigns: The Seal of Strife remains unclaimed.
[INFO ] 2022-07-31 13:57:03 SevenSigns: The competition, if the current trend continues, will end in a tie this week.
[INFO ] 2022-07-31 13:57:03 SevenSigns: Next period change set to 2022-08-01T18:00:03.024-0300.
[INFO ] 2022-07-31 13:57:03 SevenSigns: Next period begins in 1 days, 4 hours and 2 mins.
[INFO ] 2022-07-31 13:57:03 GameServer: ---------------------------------------------------=[ Cache ]
[INFO ] 2022-07-31 13:57:03 HtmCache: Running lazy cache.
[INFO ] 2022-07-31 13:57:03 CrestTable: Loaded 0 crests.
[INFO ] 2022-07-31 13:57:03 TeleportLocationTable: Loaded 957 teleport location templates.
[INFO ] 2022-07-31 13:57:03 UIData: Loaded 4 keys 5 categories.
[INFO ] 2022-07-31 13:57:03 AugmentationData: Loaded 17 blue, 107 purple and 54 red skills for life stone level 0.
[INFO ] 2022-07-31 13:57:03 AugmentationData: Loaded 17 blue, 107 purple and 54 red skills for life stone level 1.
[INFO ] 2022-07-31 13:57:03 AugmentationData: Loaded 17 blue, 107 purple and 54 red skills for life stone level 2.
[INFO ] 2022-07-31 13:57:03 AugmentationData: Loaded 17 blue, 107 purple and 54 red skills for life stone level 3.
[INFO ] 2022-07-31 13:57:03 AugmentationData: Loaded 17 blue, 107 purple and 54 red skills for life stone level 4.
[INFO ] 2022-07-31 13:57:03 AugmentationData: Loaded 17 blue, 107 purple and 54 red skills for life stone level 5.
[INFO ] 2022-07-31 13:57:03 AugmentationData: Loaded 17 blue, 107 purple and 54 red skills for life stone level 6.
[INFO ] 2022-07-31 13:57:03 AugmentationData: Loaded 17 blue, 107 purple and 54 red skills for life stone level 7.
[INFO ] 2022-07-31 13:57:03 AugmentationData: Loaded 17 blue, 107 purple and 54 red skills for life stone level 8.
[INFO ] 2022-07-31 13:57:03 AugmentationData: Loaded 17 blue, 107 purple and 54 red skills for life stone level 9.
[INFO ] 2022-07-31 13:57:03 CursedWeaponsManager: Loaded 2 cursed weapon(s).
[INFO ] 2022-07-31 13:57:03 TransformData: Loaded 111 transform templates.
[INFO ] 2022-07-31 13:57:03 BotReportTable: Loaded 0 bot reports.
[INFO ] 2022-07-31 13:57:03 AirShipManager: Loaded 0 private airships.
[INFO ] 2022-07-31 13:57:03 GameServer: ------------------------------------------------=[ Handlers ]
[INFO ] 2022-07-31 13:57:05 MasterHandler: Loaded 5 Voiced Command Handler.
[INFO ] 2022-07-31 13:57:05 MasterHandler: Loaded 10 Action Handler.
[INFO ] 2022-07-31 13:57:05 MasterHandler: Loaded 6 Action Shift Handler.
[INFO ] 2022-07-31 13:57:05 MasterHandler: Loaded 448 Admin Command Handler.
[INFO ] 2022-07-31 13:57:05 MasterHandler: Loaded 48 Bypass Handler.
[INFO ] 2022-07-31 13:57:05 MasterHandler: Loaded 14 Chat Handler.
[INFO ] 2022-07-31 13:57:05 MasterHandler: Loaded 15 Community Board Handler.
[INFO ] 2022-07-31 13:57:05 MasterHandler: Loaded 31 Item Handler.
[INFO ] 2022-07-31 13:57:05 MasterHandler: Loaded 3 Punishment Handler.
[INFO ] 2022-07-31 13:57:05 MasterHandler: Loaded 17 User Command Handler.
[INFO ] 2022-07-31 13:57:05 MasterHandler: Loaded 20 Telnet Handler.
[INFO ] 2022-07-31 13:57:05 GameServer: ------------------------------------------------------=[ AI ]
[INFO ] 2022-07-31 13:57:07 NpcBuffersData: Loaded 33 buffers data.
[INFO ] 2022-07-31 13:57:07 HandysBlockCheckerEvent: Loaded Handy's Block Checker event.
[INFO ] 2022-07-31 13:57:07 AILoader: Loaded 179 AI scripts.
[INFO ] 2022-07-31 13:57:07 GameServer: -----------------------------------------------=[ Instances ]
[INFO ] 2022-07-31 13:57:07 InstanceLoader: Loaded 30 instnaces.
[INFO ] 2022-07-31 13:57:07 GameServer: --------------------------------------------------=[ Gracia ]
[INFO ] 2022-07-31 13:57:08 GraciaLoader: Loaded 28 Gracia scripts.
[INFO ] 2022-07-31 13:57:08 GameServer: -----------------------------------------------=[ Hellbound ]
[INFO ] 2022-07-31 13:57:08 HellboundPointData: Loaded 47 trust point reward data.
[INFO ] 2022-07-31 13:57:08 HellboundSpawns: Loaded 598 Hellbound spawns.
[INFO ] 2022-07-31 13:57:08 HellboundEngine: Level 0.
[INFO ] 2022-07-31 13:57:08 HellboundEngine: Trust 0.
[INFO ] 2022-07-31 13:57:08 HellboundEngine: Status locked.
[INFO ] 2022-07-31 13:57:08 RaidBossSpawnManager: Spawning raid bosses...
[INFO ] 2022-07-31 13:57:08 RaidBossSpawnManager: Loaded 187 bosses.
[INFO ] 2022-07-31 13:57:08 RaidBossSpawnManager: Scheduled 0 boss instances.
[INFO ] 2022-07-31 13:57:08 HellboundLoader: Loaded 34 Hellbound scripts.
[INFO ] 2022-07-31 13:57:08 GameServer: --------------------------------------------------=[ Quests ]
[INFO ] 2022-07-31 13:57:11 Q00350_EnhanceYourWeapon: Loaded 54 soul crystal data.
[INFO ] 2022-07-31 13:57:11 Q00350_EnhanceYourWeapon: Loaded 240 npc leveling data.
[INFO ] 2022-07-31 13:57:11 QuestLoader: Loaded 502 quests.
[INFO ] 2022-07-31 13:57:11 AbstractScript: TerritoryWarSuperClass: Siege date: Sun Aug 07 22:00:00 UYT 2022
[INFO ] 2022-07-31 13:57:11 GameServer: -------------------------------------------------=[ Scripts ]
[INFO ] 2022-07-31 13:57:12 ClanHallSiegeEngine: Fortress of the Dead siege scheduled for 2022-08-13T12:00:00.438-0300.
[INFO ] 2022-07-31 13:57:12 DiscordBot: Discord Bot is Disabled.
[INFO ] 2022-07-31 13:57:12 ClanHallSiegeEngine: Beast Farm siege scheduled for 2022-08-13T12:00:00.437-0300.
[INFO ] 2022-07-31 13:57:12 ClanHallSiegeEngine: Rainbow Springs siege scheduled for 2022-08-13T12:00:00.437-0300.
[INFO ] 2022-07-31 13:57:12 TeleporterService: Disabled.
[INFO ] 2022-07-31 13:57:12 BufferService: Loading...
[INFO ] 2022-07-31 13:57:12 ClanHallSiegeEngine: Bandit Stronghold siege scheduled for 2022-08-13T12:00:00.436-0300.
[INFO ] 2022-07-31 13:57:12 ClanHallSiegeEngine: Devastated Castle siege scheduled for 2022-08-13T12:00:00.435-0300.
[INFO ] 2022-07-31 13:57:12 ClanHallSiegeEngine: Fortress of Resistance siege scheduled for 2022-08-13T12:00:00.324-0300.
[INFO ] 2022-07-31 13:57:12 GameServer: --------------------------------------------------=[ Spawns ]
[INFO ] 2022-07-31 13:57:16 SpawnTable: Loaded 3763 NPC spawns.
[INFO ] 2022-07-31 13:57:16 SpawnTable: Loaded 1 custom NPC spawns.
[INFO ] 2022-07-31 13:57:17 SpawnTable: Loaded 1190 NPC spawns from XML.
[INFO ] 2022-07-31 13:57:17 DayNightSpawnManager: Removed 0 night creatures.
[INFO ] 2022-07-31 13:57:17 DayNightSpawnManager: Spawned 232 day creatures.
[INFO ] 2022-07-31 13:57:17 FourSepulchersManager: Loaded 20 Mysterious-Box spawns.
[INFO ] 2022-07-31 13:57:17 FourSepulchersManager: Loaded 716 Physical type monsters spawns.
[INFO ] 2022-07-31 13:57:17 FourSepulchersManager: Loaded 716 Magical monsters spawns.
[INFO ] 2022-07-31 13:57:17 FourSepulchersManager: Loaded 92 Church of duke monsters spawns.
[INFO ] 2022-07-31 13:57:17 FourSepulchersManager: Loaded 68 Emperor's Grave spawns.
[INFO ] 2022-07-31 13:57:17 FourSepulchersManager: Spawned Conquerors' Sepulcher Manager.
[INFO ] 2022-07-31 13:57:17 FourSepulchersManager: Spawned Emperors' Sepulcher Manager.
[INFO ] 2022-07-31 13:57:17 FourSepulchersManager: Spawned Great Sages' Sepulcher Manager.
[INFO ] 2022-07-31 13:57:17 FourSepulchersManager: Spawned Judges' Sepulcher Manager.
[INFO ] 2022-07-31 13:57:17 FourSepulchersManager: Beginning in entry time
[INFO ] 2022-07-31 13:57:17 DimensionalRiftManager: Loaded 7 room types with 56 rooms.
[INFO ] 2022-07-31 13:57:17 DimensionalRiftManager: Loaded 462 Dimensional Rift spawns.
[INFO ] 2022-07-31 13:57:17 GameServer: ---------------------------------------------------=[ Siege ]
[INFO ] 2022-07-31 13:57:17 Siege: Siege of Gludio: 2022-08-07T16:00:00.613-0300.
[INFO ] 2022-07-31 13:57:17 Siege: Siege of Dion: 2022-08-07T16:00:00.618-0300.
[INFO ] 2022-07-31 13:57:17 Siege: Siege of Giran: 2022-08-07T16:00:00.619-0300.
[INFO ] 2022-07-31 13:57:17 Siege: Siege of Oren: 2022-08-07T16:00:00.621-0300.
[INFO ] 2022-07-31 13:57:17 Siege: Siege of Aden: 2022-08-07T16:00:00.623-0300.
[INFO ] 2022-07-31 13:57:17 Siege: Siege of Innadril: 2022-08-07T20:00:00.624-0300.
[INFO ] 2022-07-31 13:57:17 Siege: Siege of Goddard: 2022-08-07T20:00:00.658-0300.
[INFO ] 2022-07-31 13:57:17 Siege: Siege of Rune: 2022-08-07T20:00:00.661-0300.
[INFO ] 2022-07-31 13:57:17 Siege: Siege of Schuttgart: 2022-08-07T20:00:00.662-0300.
[INFO ] 2022-07-31 13:57:17 FortManager: Loaded 21 fortress.
[INFO ] 2022-07-31 13:57:17 SiegeScheduleData: Loaded 2 siege schedulers.
[INFO ] 2022-07-31 13:57:17 CastleManorManager: Loaded 258 seeds.
[INFO ] 2022-07-31 13:57:17 CastleManorManager: Manor data loaded.
[INFO ] 2022-07-31 13:57:17 MercTicketManager: Loaded 0 mercenary tickets.
[INFO ] 2022-07-31 13:57:17 AutoSpawnHandler: Loaded 129 handlers.
[INFO ] 2022-07-31 13:57:17 SevenSignsFestival: The first Festival of Darkness cycle begins in 2 minute(s).
[INFO ] 2022-07-31 13:57:17 FaenorEventParser: Event Id Valentines Event has passed... Ignored.
[INFO ] 2022-07-31 13:57:17 FaenorScriptEngine: Loaded Valentines.xml successfully.
[INFO ] 2022-07-31 13:57:17 TaskManager: Loaded 13 tasks.
[INFO ] 2022-07-31 13:57:17 MailManager: Successfully loaded 0 messages.
[INFO ] 2022-07-31 13:57:17 PunishmentManager: Loaded 0 active and 0 expired punishments.
[INFO ] 2022-07-31 13:57:17 GameServer: Free Object Ids remaining 1879002234.
[INFO ] 2022-07-31 13:57:17 TvTManager: Engine is disabled.
[INFO ] 2022-07-31 13:57:17 GameServer: Started, free memory 1493 Mb of 2048 Mb
[INFO ] 2022-07-31 13:57:17 LoginServerThread: Connecting to login server on 127.0.0.1:9014
[INFO ] 2022-07-31 13:57:17 GameServer: Now listening on *:7777
[INFO ] 2022-07-31 13:57:17 GameServer: ----------------------------------------------------=[ UPnP ]
[INFO ] 2022-07-31 13:57:17 UPnPService: Looking for UPnP Gateway Devices...
[INFO ] 2022-07-31 13:57:17 UPnPService: Using UPnP gateway: Archer AX50
[INFO ] 2022-07-31 13:57:17 UPnPService: Using local address: 192.168.9.232 External address: 192.168.1.2
[INFO ] 2022-07-31 13:57:17 UPnPService: Mapping successful on 192.168.9.232:7777
[INFO ] 2022-07-31 13:57:17 GameServer: Telnet server is currently disabled.
[INFO ] 2022-07-31 13:57:17 GameServer: Maximum numbers of connected players 500.
[INFO ] 2022-07-31 13:57:17 GameServer: Server Bartz loaded in 31 seconds.
