[INFO ] 2022-08-01 12:59:27 GameServer: ------------------------------------------------=[ Database ]
[INFO ] 2022-08-01 12:59:27 GameServer: -----------------------------------=[ Network Configuration ]
[INFO ] 2022-08-01 12:59:27 IPConfigData: Using automatic network configuration.
[INFO ] 2022-08-01 12:59:27 IPConfigData: Adding new subnet: 127.0.0.0/8 address: 127.0.0.1
[INFO ] 2022-08-01 12:59:27 IPConfigData: Adding new subnet: 192.168.9.0/24 address: 192.168.9.232
[INFO ] 2022-08-01 12:59:27 IPConfigData: Adding new subnet: 0.0.0.0/0 address: 186.49.8.61
[INFO ] 2022-08-01 12:59:27 HikariDataSource: HikariPool-1 - Starting...
[INFO ] 2022-08-01 12:59:27 HikariDataSource: HikariPool-1 - Start completed.
[INFO ] 2022-08-01 12:59:27 IdFactory: Updated characters online status.
[INFO ] 2022-08-01 12:59:28 IdFactory: Cleaned 0 elements from database in 0s.
[INFO ] 2022-08-01 12:59:28 IdFactory: Cleaned 0 expired timestamps from database.
[INFO ] 2022-08-01 12:59:28 BitSetIDFactory: 102912 Ids available.
[INFO ] 2022-08-01 12:59:28 GameServer: ---------------------------------------------------=[ World ]
[INFO ] 2022-08-01 12:59:28 InstanceManager: Multiverse Instance created.
[INFO ] 2022-08-01 12:59:28 InstanceManager: Universe Instance created.
[INFO ] 2022-08-01 12:59:28 InstanceManager: Loaded 160 instance names.
[INFO ] 2022-08-01 12:59:28 L2World: 128 by 136 world region grid set up.
[INFO ] 2022-08-01 12:59:28 MapRegionManager: Loaded 57 map regions.
[INFO ] 2022-08-01 12:59:28 GlobalVariablesManager: Loaded 7 variables.
[INFO ] 2022-08-01 12:59:28 GameServer: ----------------------------------------------------=[ Data ]
[INFO ] 2022-08-01 12:59:28 CategoryData: Loaded 124 Categories.
[INFO ] 2022-08-01 12:59:28 SecondaryAuthData: Loaded 328 forbidden passwords.
[INFO ] 2022-08-01 12:59:28 GameServer: -------------------------------------------------=[ Effects ]
[INFO ] 2022-08-01 12:59:30 EffectMasterHandler: Loaded 169 effect handlers.
[INFO ] 2022-08-01 12:59:30 GameServer: ------------------------------------=[ Enchant Skill Groups ]
[INFO ] 2022-08-01 12:59:30 EnchantSkillGroupsData: Loaded 4 groups and 90 routes.
[INFO ] 2022-08-01 12:59:30 GameServer: ---------------------------------------------=[ Skill Trees ]
[INFO ] 2022-08-01 12:59:30 SkillTreesData: Loaded 17176 Class Skills for 103 Class Skill Trees.
[INFO ] 2022-08-01 12:59:30 SkillTreesData: Loaded 76 Sub-Class Skills.
[INFO ] 2022-08-01 12:59:30 SkillTreesData: Loaded 77 Transfer Skills for 3 Transfer Skill Trees.
[INFO ] 2022-08-01 12:59:30 SkillTreesData: Loaded 117 Fishing Skills, 8 Dwarven only Fishing Skills.
[INFO ] 2022-08-01 12:59:30 SkillTreesData: Loaded 3 Collect Skills.
[INFO ] 2022-08-01 12:59:30 SkillTreesData: Loaded 74 Pledge Skills, 44 for Pledge and 30 Residential.
[INFO ] 2022-08-01 12:59:30 SkillTreesData: Loaded 18 Sub-Pledge Skills.
[INFO ] 2022-08-01 12:59:30 SkillTreesData: Loaded 32 Transform Skills.
[INFO ] 2022-08-01 12:59:30 SkillTreesData: Loaded 8 Noble Skills.
[INFO ] 2022-08-01 12:59:30 SkillTreesData: Loaded 5 Hero Skills.
[INFO ] 2022-08-01 12:59:30 SkillTreesData: Loaded 46 Game Master Skills.
[INFO ] 2022-08-01 12:59:30 SkillTreesData: Loaded 46 Game Master Aura Skills.
[INFO ] 2022-08-01 12:59:30 GameServer: --------------------------------------------------=[ Skills ]
[INFO ] 2022-08-01 12:59:38 DocumentEngine: Loaded 65973 skill templates from XML files.
[INFO ] 2022-08-01 12:59:38 SummonSkillsTable: Loaded 1891 summon skills.
[INFO ] 2022-08-01 12:59:38 GameServer: ---------------------------------------------------=[ Items ]
[INFO ] 2022-08-01 12:59:38 ItemTable: Highest item Id used 22567.
[INFO ] 2022-08-01 12:59:38 ItemTable: Loaded 11481 Etc items.
[INFO ] 2022-08-01 12:59:38 ItemTable: Loaded 3825 Armor items.
[INFO ] 2022-08-01 12:59:38 ItemTable: Loaded 3893 Weapon items.
[INFO ] 2022-08-01 12:59:38 ItemTable: Loaded 19199 items in total.
[INFO ] 2022-08-01 12:59:38 EnchantItemGroupsData: Loaded 4 item group templates.
[INFO ] 2022-08-01 12:59:38 EnchantItemGroupsData: Loaded 1 scroll group templates.
[INFO ] 2022-08-01 12:59:38 EnchantItemData: Loaded 63 enchant scrolls.
[INFO ] 2022-08-01 12:59:38 EnchantItemData: Loaded 20 support items.
[INFO ] 2022-08-01 12:59:38 EnchantItemOptionsData: Loaded 23 items and 1093 options.
[INFO ] 2022-08-01 12:59:39 OptionData: Loaded 24985 item options.
[INFO ] 2022-08-01 12:59:39 EnchantItemHPBonusData: Loaded 6 Enchant HP Bonuses.
[INFO ] 2022-08-01 12:59:39 MerchantPriceConfigTable: Loaded 28 merchant price configs.
[WARN ] 2022-08-01 12:59:39 IXmlReader: BuyListData: Folder C:\opt\l2j\server\game\data\buylists\custom doesn't exist!
[INFO ] 2022-08-01 12:59:39 BuyListData: Loaded 760 buy lists.
[WARN ] 2022-08-01 12:59:40 IXmlReader: MultisellData: Folder C:\opt\l2j\server\game\data\multisell\custom doesn't exist!
[INFO ] 2022-08-01 12:59:40 MultisellData: Loaded 192 multisell lists.
[INFO ] 2022-08-01 12:59:40 RecipeData: Loaded 1000 recipes.
[INFO ] 2022-08-01 12:59:40 ArmorSetsData: Loaded 204 armor sets.
[INFO ] 2022-08-01 12:59:40 FishData: Loaded 278 fish.
[INFO ] 2022-08-01 12:59:40 FishingMonstersData: Loaded 8 fishing monsters.
[INFO ] 2022-08-01 12:59:40 FishingRodsData: Loaded 6 fishing rods.
[INFO ] 2022-08-01 12:59:40 HennaData: Loaded 180 Henna data.
[INFO ] 2022-08-01 12:59:40 GameServer: ----------------------------------------------=[ Characters ]
[INFO ] 2022-08-01 12:59:40 ClassListData: Loaded 107 class data.
[INFO ] 2022-08-01 12:59:40 InitialEquipmentData: Loaded 11 initial equipment data.
[INFO ] 2022-08-01 12:59:40 InitialShortcutData: Loaded 5 initial dlobal shortcuts data.
[INFO ] 2022-08-01 12:59:40 InitialShortcutData: Loaded 4 initial shortcuts data.
[INFO ] 2022-08-01 12:59:40 InitialShortcutData: Loaded 0 macros presets.
[INFO ] 2022-08-01 12:59:40 KarmaData: Loaded 85 karma modifiers.
[INFO ] 2022-08-01 12:59:40 HitConditionBonusData: Loaded Hit Condition bonuses.
[INFO ] 2022-08-01 12:59:40 PlayerTemplateData: Loaded 103 character templates.
[INFO ] 2022-08-01 12:59:40 PlayerTemplateData: Loaded 52530 level up gain records.
[INFO ] 2022-08-01 12:59:40 PlayerCreationPointData: Loaded 62 character creation points.
[INFO ] 2022-08-01 12:59:40 CharNameTable: Loaded 5 char names.
[INFO ] 2022-08-01 12:59:40 AdminData: Loaded 10 access levels.
[INFO ] 2022-08-01 12:59:40 AdminData: Loaded 445 access commands.
[INFO ] 2022-08-01 12:59:40 RaidBossPointsManager: Loaded 0 characters raid points.
[INFO ] 2022-08-01 12:59:40 PetDataTable: Loaded 52 Pets.
[INFO ] 2022-08-01 12:59:40 GameServer: -----------------------------------------------------=[ BBS ]
[INFO ] 2022-08-01 12:59:40 ForumsBBSManager: Loaded 5 forums.
[INFO ] 2022-08-01 12:59:40 GameServer: ---------------------------------------------------=[ Clans ]
[INFO ] 2022-08-01 12:59:40 ClanTable: Restored 1 clans from the database.
[INFO ] 2022-08-01 12:59:40 AuctionManager: Loaded 38 auction(s).
[INFO ] 2022-08-01 12:59:40 ClanHallManager: Loaded 0 clan halls.
[INFO ] 2022-08-01 12:59:40 ClanHallManager: Loaded 38 free clan halls.
[INFO ] 2022-08-01 12:59:40 ClanHallSiegeManager: Loaded 6 conquerable clan halls.
[INFO ] 2022-08-01 12:59:40 GameServer: -------------------------------------------------=[ Geodata ]
[INFO ] 2022-08-01 12:59:40 GeoData: Loaded 0 regions.
[INFO ] 2022-08-01 12:59:40 GameServer: ----------------------------------------------------=[ NPCs ]
[INFO ] 2022-08-01 12:59:40 SkillLearnData: Loaded 256 skill learn data.
[INFO ] 2022-08-01 12:59:40 NpcData$MinionData: Loaded 128 minions data.
[INFO ] 2022-08-01 12:59:42 NpcData: Loaded 10461 NPCs.
[INFO ] 2022-08-01 12:59:42 NpcData: Loaded 10 custom NPCs.
[INFO ] 2022-08-01 12:59:42 WalkingManager: Loaded 127 walking routes.
[INFO ] 2022-08-01 12:59:42 StaticObjectData: Loaded 51 static object templates.
[INFO ] 2022-08-01 12:59:42 GrandBossManager: Queen Ant (29001) status is 0.
[INFO ] 2022-08-01 12:59:42 GrandBossManager: Core (29006) status is 0.
[INFO ] 2022-08-01 12:59:42 GrandBossManager: Orfen (29014) status is 0.
[INFO ] 2022-08-01 12:59:42 GrandBossManager: Baium (29020) status is 0.
[INFO ] 2022-08-01 12:59:42 GrandBossManager: Valakas (29028) status is 0.
[INFO ] 2022-08-01 12:59:42 GrandBossManager: Antharas (29068) status is 0.
[INFO ] 2022-08-01 12:59:42 GrandBossManager: Beleth (29118) status is 0.
[INFO ] 2022-08-01 12:59:42 GrandBossManager: Loaded 7 grand boss instances.
[INFO ] 2022-08-01 12:59:43 DoorData: Loaded 1301 door templates for 22 regions.
[INFO ] 2022-08-01 12:59:44 ZoneManager: Loaded 28 zone classes and 2794 zones.
[INFO ] 2022-08-01 12:59:44 ZoneManager: Loaded 0 NPC spawn territoriers.
[INFO ] 2022-08-01 12:59:44 CastleManager: Loaded 9 castles.
[INFO ] 2022-08-01 12:59:44 NpcBufferTable: Loaded 2 buffers and 100 skills.
[INFO ] 2022-08-01 12:59:44 GrandBossManager: Initialized 12 grand boss zones.
[INFO ] 2022-08-01 12:59:44 GameServer: -----------------------------------------=[ Auction Manager ]
[INFO ] 2022-08-01 12:59:44 ItemAuctionInstance: Loaded 82 item(s) and registered 1 auction(s) for NPC ID 32320.
[INFO ] 2022-08-01 12:59:44 ItemAuctionInstance: Schedule next auction ID 1 on 17:00:00 05.08.22 for NPC ID 32320.
[INFO ] 2022-08-01 12:59:44 ItemAuctionInstance: Loaded 82 item(s) and registered 1 auction(s) for NPC ID 32321.
[INFO ] 2022-08-01 12:59:44 ItemAuctionInstance: Schedule next auction ID 2 on 17:00:00 01.08.22 for NPC ID 32321.
[INFO ] 2022-08-01 12:59:44 ItemAuctionInstance: Loaded 82 item(s) and registered 1 auction(s) for NPC ID 32322.
[INFO ] 2022-08-01 12:59:44 ItemAuctionInstance: Schedule next auction ID 3 on 17:00:00 03.08.22 for NPC ID 32322.
[INFO ] 2022-08-01 12:59:44 ItemAuctionManager: Loaded 3 auction manager instance(s).
[INFO ] 2022-08-01 12:59:44 GameServer: ------------------------------------------------=[ Olympiad ]
[INFO ] 2022-08-01 12:59:44 Olympiad: Loading Olympiad System....
[INFO ] 2022-08-01 12:59:44 Olympiad: Currently in Validation Period
[INFO ] 2022-08-01 12:59:44 Olympiad: 1380 minutes until period ends
[INFO ] 2022-08-01 12:59:44 Olympiad: Loaded 0 Nobles
[INFO ] 2022-08-01 12:59:44 Hero: Loaded 0 Heroes.
[INFO ] 2022-08-01 12:59:44 Hero: Loaded 0 all time Heroes.
[INFO ] 2022-08-01 12:59:44 GameServer: ---------------------------------------------=[ Seven Signs ]
[INFO ] 2022-08-01 12:59:44 SevenSigns: Currently in the Competition (Quest Event) period.
[INFO ] 2022-08-01 12:59:44 SevenSigns: The Seal of Avarice remains unclaimed.
[INFO ] 2022-08-01 12:59:44 SevenSigns: The Seal of Gnosis remains unclaimed.
[INFO ] 2022-08-01 12:59:44 SevenSigns: The Seal of Strife remains unclaimed.
[INFO ] 2022-08-01 12:59:44 SevenSigns: The competition, if the current trend continues, will end in a tie this week.
[INFO ] 2022-08-01 12:59:44 SevenSigns: Next period change set to 2022-08-01T18:00:44.275-0300.
[INFO ] 2022-08-01 12:59:44 SevenSigns: Next period begins in 0 days, 5 hours and 0 mins.
[INFO ] 2022-08-01 12:59:44 GameServer: ---------------------------------------------------=[ Cache ]
[INFO ] 2022-08-01 12:59:44 HtmCache: Running lazy cache.
[INFO ] 2022-08-01 12:59:44 CrestTable: Loaded 0 crests.
[INFO ] 2022-08-01 12:59:44 TeleportLocationTable: Loaded 957 teleport location templates.
[INFO ] 2022-08-01 12:59:44 UIData: Loaded 4 keys 5 categories.
[INFO ] 2022-08-01 12:59:44 AugmentationData: Loaded 17 blue, 107 purple and 54 red skills for life stone level 0.
[INFO ] 2022-08-01 12:59:44 AugmentationData: Loaded 17 blue, 107 purple and 54 red skills for life stone level 1.
[INFO ] 2022-08-01 12:59:44 AugmentationData: Loaded 17 blue, 107 purple and 54 red skills for life stone level 2.
[INFO ] 2022-08-01 12:59:44 AugmentationData: Loaded 17 blue, 107 purple and 54 red skills for life stone level 3.
[INFO ] 2022-08-01 12:59:44 AugmentationData: Loaded 17 blue, 107 purple and 54 red skills for life stone level 4.
[INFO ] 2022-08-01 12:59:44 AugmentationData: Loaded 17 blue, 107 purple and 54 red skills for life stone level 5.
[INFO ] 2022-08-01 12:59:44 AugmentationData: Loaded 17 blue, 107 purple and 54 red skills for life stone level 6.
[INFO ] 2022-08-01 12:59:44 AugmentationData: Loaded 17 blue, 107 purple and 54 red skills for life stone level 7.
[INFO ] 2022-08-01 12:59:44 AugmentationData: Loaded 17 blue, 107 purple and 54 red skills for life stone level 8.
[INFO ] 2022-08-01 12:59:44 AugmentationData: Loaded 17 blue, 107 purple and 54 red skills for life stone level 9.
[INFO ] 2022-08-01 12:59:44 CursedWeaponsManager: Loaded 2 cursed weapon(s).
[INFO ] 2022-08-01 12:59:44 TransformData: Loaded 111 transform templates.
[INFO ] 2022-08-01 12:59:44 BotReportTable: Loaded 0 bot reports.
[INFO ] 2022-08-01 12:59:44 AirShipManager: Loaded 0 private airships.
[INFO ] 2022-08-01 12:59:44 GameServer: ------------------------------------------------=[ Handlers ]
[INFO ] 2022-08-01 12:59:46 MasterHandler: Loaded 5 Voiced Command Handler.
[INFO ] 2022-08-01 12:59:46 MasterHandler: Loaded 10 Action Handler.
[INFO ] 2022-08-01 12:59:46 MasterHandler: Loaded 6 Action Shift Handler.
[INFO ] 2022-08-01 12:59:46 MasterHandler: Loaded 448 Admin Command Handler.
[INFO ] 2022-08-01 12:59:46 MasterHandler: Loaded 48 Bypass Handler.
[INFO ] 2022-08-01 12:59:46 MasterHandler: Loaded 14 Chat Handler.
[INFO ] 2022-08-01 12:59:46 MasterHandler: Loaded 15 Community Board Handler.
[INFO ] 2022-08-01 12:59:46 MasterHandler: Loaded 31 Item Handler.
[INFO ] 2022-08-01 12:59:46 MasterHandler: Loaded 3 Punishment Handler.
[INFO ] 2022-08-01 12:59:46 MasterHandler: Loaded 17 User Command Handler.
[INFO ] 2022-08-01 12:59:46 MasterHandler: Loaded 20 Telnet Handler.
[INFO ] 2022-08-01 12:59:46 GameServer: ------------------------------------------------------=[ AI ]
[INFO ] 2022-08-01 12:59:48 NpcBuffersData: Loaded 33 buffers data.
[INFO ] 2022-08-01 12:59:48 HandysBlockCheckerEvent: Loaded Handy's Block Checker event.
[INFO ] 2022-08-01 12:59:48 AILoader: Loaded 179 AI scripts.
[INFO ] 2022-08-01 12:59:48 GameServer: -----------------------------------------------=[ Instances ]
[INFO ] 2022-08-01 12:59:48 InstanceLoader: Loaded 30 instnaces.
[INFO ] 2022-08-01 12:59:48 GameServer: --------------------------------------------------=[ Gracia ]
[INFO ] 2022-08-01 12:59:49 GraciaLoader: Loaded 28 Gracia scripts.
[INFO ] 2022-08-01 12:59:49 GameServer: -----------------------------------------------=[ Hellbound ]
[INFO ] 2022-08-01 12:59:49 HellboundPointData: Loaded 47 trust point reward data.
[INFO ] 2022-08-01 12:59:49 HellboundSpawns: Loaded 598 Hellbound spawns.
[INFO ] 2022-08-01 12:59:49 HellboundEngine: Level 0.
[INFO ] 2022-08-01 12:59:49 HellboundEngine: Trust 0.
[INFO ] 2022-08-01 12:59:49 HellboundEngine: Status locked.
[INFO ] 2022-08-01 12:59:49 RaidBossSpawnManager: Spawning raid bosses...
[INFO ] 2022-08-01 12:59:49 RaidBossSpawnManager: Loaded 188 bosses.
[INFO ] 2022-08-01 12:59:49 RaidBossSpawnManager: Scheduled 0 boss instances.
[INFO ] 2022-08-01 12:59:49 HellboundLoader: Loaded 34 Hellbound scripts.
[INFO ] 2022-08-01 12:59:49 GameServer: --------------------------------------------------=[ Quests ]
[INFO ] 2022-08-01 12:59:52 Q00350_EnhanceYourWeapon: Loaded 54 soul crystal data.
[INFO ] 2022-08-01 12:59:52 Q00350_EnhanceYourWeapon: Loaded 240 npc leveling data.
[INFO ] 2022-08-01 12:59:52 QuestLoader: Loaded 502 quests.
[INFO ] 2022-08-01 12:59:53 AbstractScript: TerritoryWarSuperClass: Siege date: Sun Aug 07 22:00:00 UYT 2022
[INFO ] 2022-08-01 12:59:53 GameServer: -------------------------------------------------=[ Scripts ]
[INFO ] 2022-08-01 12:59:53 ClanHallSiegeEngine: Fortress of the Dead siege scheduled for 2022-08-13T12:00:00.438-0300.
[INFO ] 2022-08-01 12:59:53 DiscordBot: Discord Bot is Disabled.
[INFO ] 2022-08-01 12:59:53 ClanHallSiegeEngine: Beast Farm siege scheduled for 2022-08-13T12:00:00.437-0300.
[INFO ] 2022-08-01 12:59:53 ClanHallSiegeEngine: Rainbow Springs siege scheduled for 2022-08-13T12:00:00.437-0300.
[INFO ] 2022-08-01 12:59:53 TeleporterService: Disabled.
[INFO ] 2022-08-01 12:59:53 BufferService: Loading...
[INFO ] 2022-08-01 12:59:53 ClanHallSiegeEngine: Bandit Stronghold siege scheduled for 2022-08-13T12:00:00.436-0300.
[INFO ] 2022-08-01 12:59:53 ClanHallSiegeEngine: Devastated Castle siege scheduled for 2022-08-13T12:00:00.435-0300.
[INFO ] 2022-08-01 12:59:53 ClanHallSiegeEngine: Fortress of Resistance siege scheduled for 2022-08-13T12:00:00.324-0300.
[INFO ] 2022-08-01 12:59:53 GameServer: --------------------------------------------------=[ Spawns ]
[INFO ] 2022-08-01 12:59:58 SpawnTable: Loaded 3763 NPC spawns.
[INFO ] 2022-08-01 12:59:58 SpawnTable: Loaded 1 custom NPC spawns.
[INFO ] 2022-08-01 12:59:58 SpawnTable: Loaded 1190 NPC spawns from XML.
[INFO ] 2022-08-01 12:59:58 DayNightSpawnManager: Removed 0 day creatures.
[INFO ] 2022-08-01 12:59:58 DayNightSpawnManager: Spawned 553 night creatures.
[INFO ] 2022-08-01 12:59:58 DayNightSpawnManager: Spawning Hellmann raidboss.
[INFO ] 2022-08-01 12:59:58 FourSepulchersManager: Loaded 20 Mysterious-Box spawns.
[INFO ] 2022-08-01 12:59:58 FourSepulchersManager: Loaded 716 Physical type monsters spawns.
[INFO ] 2022-08-01 12:59:58 FourSepulchersManager: Loaded 716 Magical monsters spawns.
[INFO ] 2022-08-01 12:59:58 FourSepulchersManager: Loaded 92 Church of duke monsters spawns.
[INFO ] 2022-08-01 12:59:58 FourSepulchersManager: Loaded 68 Emperor's Grave spawns.
[INFO ] 2022-08-01 12:59:58 FourSepulchersManager: Spawned Conquerors' Sepulcher Manager.
[INFO ] 2022-08-01 12:59:58 FourSepulchersManager: Spawned Emperors' Sepulcher Manager.
[INFO ] 2022-08-01 12:59:58 FourSepulchersManager: Spawned Great Sages' Sepulcher Manager.
[INFO ] 2022-08-01 12:59:58 FourSepulchersManager: Spawned Judges' Sepulcher Manager.
[INFO ] 2022-08-01 12:59:58 FourSepulchersManager: Beginning in warm-up time.
[INFO ] 2022-08-01 12:59:58 DimensionalRiftManager: Loaded 7 room types with 56 rooms.
[INFO ] 2022-08-01 12:59:58 DimensionalRiftManager: Loaded 462 Dimensional Rift spawns.
[INFO ] 2022-08-01 12:59:58 GameServer: ---------------------------------------------------=[ Siege ]
[INFO ] 2022-08-01 12:59:58 Siege: Siege of Gludio: 2022-08-07T16:00:00.613-0300.
[INFO ] 2022-08-01 12:59:58 Siege: Siege of Dion: 2022-08-07T16:00:00.618-0300.
[INFO ] 2022-08-01 12:59:58 Siege: Siege of Giran: 2022-08-07T16:00:00.619-0300.
[INFO ] 2022-08-01 12:59:58 Siege: Siege of Oren: 2022-08-07T16:00:00.621-0300.
[INFO ] 2022-08-01 12:59:58 Siege: Siege of Aden: 2022-08-07T16:00:00.623-0300.
[INFO ] 2022-08-01 12:59:58 Siege: Siege of Innadril: 2022-08-07T20:00:00.624-0300.
[INFO ] 2022-08-01 12:59:58 Siege: Siege of Goddard: 2022-08-07T20:00:00.658-0300.
[INFO ] 2022-08-01 12:59:58 Siege: Siege of Rune: 2022-08-07T20:00:00.661-0300.
[INFO ] 2022-08-01 12:59:58 Siege: Siege of Schuttgart: 2022-08-07T20:00:00.662-0300.
[INFO ] 2022-08-01 12:59:58 FortManager: Loaded 21 fortress.
[INFO ] 2022-08-01 12:59:58 SiegeScheduleData: Loaded 2 siege schedulers.
[INFO ] 2022-08-01 12:59:58 CastleManorManager: Loaded 258 seeds.
[INFO ] 2022-08-01 12:59:58 CastleManorManager: Manor data loaded.
[INFO ] 2022-08-01 12:59:58 MercTicketManager: Loaded 0 mercenary tickets.
[INFO ] 2022-08-01 12:59:58 AutoSpawnHandler: Loaded 129 handlers.
[INFO ] 2022-08-01 12:59:58 SevenSignsFestival: The first Festival of Darkness cycle begins in 2 minute(s).
[INFO ] 2022-08-01 12:59:58 FaenorEventParser: Event Id Valentines Event has passed... Ignored.
[INFO ] 2022-08-01 12:59:58 FaenorScriptEngine: Loaded Valentines.xml successfully.
[INFO ] 2022-08-01 12:59:58 TaskManager: Loaded 13 tasks.
[INFO ] 2022-08-01 12:59:58 MailManager: Successfully loaded 3 messages.
[INFO ] 2022-08-01 12:59:58 PunishmentManager: Loaded 0 active and 0 expired punishments.
[INFO ] 2022-08-01 12:59:58 GameServer: Free Object Ids remaining 1879001846.
[INFO ] 2022-08-01 12:59:58 TvTManager: Engine is disabled.
[INFO ] 2022-08-01 12:59:59 GameServer: Started, free memory 1491 Mb of 2048 Mb
[INFO ] 2022-08-01 12:59:59 LoginServerThread: Connecting to login server on 127.0.0.1:9014
[INFO ] 2022-08-01 12:59:59 LoginServerThread: Saved config\hexid.txt.
[INFO ] 2022-08-01 12:59:59 LoginServerThread: Registered on login as Server 1: Bartz
[INFO ] 2022-08-01 12:59:59 GameServer: Now listening on *:7777
[INFO ] 2022-08-01 12:59:59 GameServer: ----------------------------------------------------=[ UPnP ]
[INFO ] 2022-08-01 12:59:59 UPnPService: Looking for UPnP Gateway Devices...
[INFO ] 2022-08-01 12:59:59 UPnPService: Using UPnP gateway: Archer AX50
[INFO ] 2022-08-01 12:59:59 UPnPService: Using local address: 192.168.9.232 External address: 192.168.1.2
[INFO ] 2022-08-01 12:59:59 UPnPService: Mapping successful on 192.168.9.232:7777
[INFO ] 2022-08-01 12:59:59 GameServer: Telnet server is currently disabled.
[INFO ] 2022-08-01 12:59:59 GameServer: Maximum numbers of connected players 500.
[INFO ] 2022-08-01 12:59:59 GameServer: Server Bartz loaded in 31 seconds.
[INFO ] 2022-08-01 13:00:00 DayNightSpawnManager: Removed 553 night creatures.
[INFO ] 2022-08-01 13:00:00 DayNightSpawnManager: Spawned 232 day creatures.
[INFO ] 2022-08-01 13:00:00 DayNightSpawnManager: Deleting Hellmann raidboss.
[INFO ] 2022-08-01 13:08:19 GlobalVariablesManager: Stored 7 variables.
[INFO ] 2022-08-01 13:29:58 TaskSevenSignsUpdate: Data updated successfully.
[INFO ] 2022-08-01 13:38:19 GlobalVariablesManager: Stored 7 variables.
[INFO ] 2022-08-01 13:59:58 TaskSevenSignsUpdate: Data updated successfully.
[INFO ] 2022-08-01 14:08:19 GlobalVariablesManager: Stored 7 variables.
[INFO ] 2022-08-01 14:29:58 TaskSevenSignsUpdate: Data updated successfully.
[INFO ] 2022-08-01 14:38:19 GlobalVariablesManager: Stored 7 variables.
[INFO ] 2022-08-01 14:59:58 TaskSevenSignsUpdate: Data updated successfully.
[INFO ] 2022-08-01 15:08:19 GlobalVariablesManager: Stored 7 variables.
[INFO ] 2022-08-01 15:29:58 TaskSevenSignsUpdate: Data updated successfully.
[INFO ] 2022-08-01 15:38:19 GlobalVariablesManager: Stored 7 variables.
[INFO ] 2022-08-01 15:59:59 TaskSevenSignsUpdate: Data updated successfully.
[INFO ] 2022-08-01 16:00:00 DayNightSpawnManager: Removed 232 day creatures.
[INFO ] 2022-08-01 16:00:00 DayNightSpawnManager: Spawned 553 night creatures.
[INFO ] 2022-08-01 16:00:00 DayNightSpawnManager: Spawning Hellmann raidboss.
[INFO ] 2022-08-01 16:08:18 GlobalVariablesManager: Stored 7 variables.
[INFO ] 2022-08-01 16:29:58 TaskSevenSignsUpdate: Data updated successfully.
[INFO ] 2022-08-01 16:38:19 GlobalVariablesManager: Stored 7 variables.
[INFO ] 2022-08-01 16:59:59 TaskSevenSignsUpdate: Data updated successfully.
[INFO ] 2022-08-01 17:00:00 ItemAuctionInstance$ScheduleAuctionTask: Auction ID 2 has started for NPC ID 32321.
[INFO ] 2022-08-01 17:00:00 ItemAuctionInstance: Schedule current auction ID 2 for NPC ID 32321.
[INFO ] 2022-08-01 17:00:00 DayNightSpawnManager: Removed 553 night creatures.
[INFO ] 2022-08-01 17:00:00 DayNightSpawnManager: Spawned 232 day creatures.
[INFO ] 2022-08-01 17:00:00 DayNightSpawnManager: Deleting Hellmann raidboss.
[INFO ] 2022-08-01 17:08:19 GlobalVariablesManager: Stored 7 variables.
[INFO ] 2022-08-01 17:29:59 TaskSevenSignsUpdate: Data updated successfully.
[INFO ] 2022-08-01 17:38:19 GlobalVariablesManager: Stored 7 variables.
[INFO ] 2022-08-01 17:59:59 TaskSevenSignsUpdate: Data updated successfully.
[INFO ] 2022-08-01 18:00:44 SevenSigns: The Quest Event Results period has begun!
[INFO ] 2022-08-01 18:00:44 SevenSigns: Next period change set to 2022-08-01T18:15:44.275-0300.
[INFO ] 2022-08-01 18:08:19 GlobalVariablesManager: Stored 7 variables.
[INFO ] 2022-08-01 18:15:44 SevenSigns: The Seal of Avarice remains unclaimed.
[INFO ] 2022-08-01 18:15:44 SevenSigns: The Seal of Gnosis remains unclaimed.
[INFO ] 2022-08-01 18:15:44 SevenSigns: The Seal of Strife remains unclaimed.
[INFO ] 2022-08-01 18:15:44 SevenSigns: The No Cabal have won the competition with 0 points!
[INFO ] 2022-08-01 18:15:44 SevenSigns: The Seal Validation period has begun!
[INFO ] 2022-08-01 18:15:44 SevenSigns: Next period change set to 2022-08-08T18:00:44.275-0300.
[INFO ] 2022-08-01 18:29:58 TaskSevenSignsUpdate: Data updated successfully.
[INFO ] 2022-08-01 18:38:19 GlobalVariablesManager: Stored 7 variables.
[INFO ] 2022-08-01 18:59:59 TaskSevenSignsUpdate: Data updated successfully.
[INFO ] 2022-08-01 19:08:19 GlobalVariablesManager: Stored 7 variables.
[INFO ] 2022-08-01 19:29:58 TaskSevenSignsUpdate: Data updated successfully.
[INFO ] 2022-08-01 19:38:19 GlobalVariablesManager: Stored 7 variables.
[INFO ] 2022-08-01 19:59:58 TaskSevenSignsUpdate: Data updated successfully.
[INFO ] 2022-08-01 20:00:00 DayNightSpawnManager: Removed 232 day creatures.
[INFO ] 2022-08-01 20:00:00 DayNightSpawnManager: Spawned 553 night creatures.
[INFO ] 2022-08-01 20:00:00 DayNightSpawnManager: Spawning Hellmann raidboss.
[INFO ] 2022-08-01 20:08:19 GlobalVariablesManager: Stored 7 variables.
[INFO ] 2022-08-01 20:29:58 TaskSevenSignsUpdate: Data updated successfully.
[INFO ] 2022-08-01 20:38:19 GlobalVariablesManager: Stored 7 variables.
[INFO ] 2022-08-01 20:59:59 TaskSevenSignsUpdate: Data updated successfully.
[INFO ] 2022-08-01 21:00:00 DayNightSpawnManager: Removed 553 night creatures.
[INFO ] 2022-08-01 21:00:00 DayNightSpawnManager: Spawned 232 day creatures.
[INFO ] 2022-08-01 21:00:00 DayNightSpawnManager: Deleting Hellmann raidboss.
[INFO ] 2022-08-01 21:08:19 GlobalVariablesManager: Stored 7 variables.
[INFO ] 2022-08-02 04:58:46 TaskSevenSignsUpdate: Data updated successfully.
[INFO ] 2022-08-02 04:58:46 ItemAuctionInstance: Auction ID 2 has finished. There have not been any bid for instance ID 32321.
[INFO ] 2022-08-02 04:58:46 TaskSevenSignsUpdate: Data updated successfully.
[INFO ] 2022-08-02 04:58:46 ItemAuctionInstance: Schedule next auction ID 4 on 17:00:00 08.08.22 for NPC ID 32321.
[INFO ] 2022-08-02 04:58:46 GlobalVariablesManager: Stored 7 variables.
[INFO ] 2022-08-02 04:58:46 TaskSevenSignsUpdate: Data updated successfully.
[INFO ] 2022-08-02 04:58:46 TaskSevenSignsUpdate: Data updated successfully.
[INFO ] 2022-08-02 04:58:46 TaskSevenSignsUpdate: Data updated successfully.
[INFO ] 2022-08-02 04:58:46 TaskClanLeaderApply: Task launched.
[INFO ] 2022-08-02 04:58:47 TaskSevenSignsUpdate: Data updated successfully.
[INFO ] 2022-08-02 04:58:47 TaskSevenSignsUpdate: Data updated successfully.
[INFO ] 2022-08-02 04:58:47 TaskSevenSignsUpdate: Data updated successfully.
[INFO ] 2022-08-02 04:58:47 TaskSevenSignsUpdate: Data updated successfully.
[INFO ] 2022-08-02 04:58:47 TaskSevenSignsUpdate: Data updated successfully.
[INFO ] 2022-08-02 04:58:47 TaskSevenSignsUpdate: Data updated successfully.
[INFO ] 2022-08-02 04:58:47 TaskSevenSignsUpdate: Data updated successfully.
[INFO ] 2022-08-02 04:58:48 TaskSevenSignsUpdate: Data updated successfully.
[INFO ] 2022-08-02 04:58:48 TaskSevenSignsUpdate: Data updated successfully.
[INFO ] 2022-08-02 04:58:48 TaskSevenSignsUpdate: Data updated successfully.
[INFO ] 2022-08-02 04:58:51 DayNightSpawnManager: Removed 232 day creatures.
[INFO ] 2022-08-02 04:58:51 DayNightSpawnManager: Spawned 553 night creatures.
[INFO ] 2022-08-02 04:58:51 DayNightSpawnManager: Spawning Hellmann raidboss.
[WARN ] 2022-08-02 04:59:15 HikariPool: HikariPool-1 - Thread starvation or clock leap detected (housekeeper delta=7h43m44s729ms227µs200ns).
[INFO ] 2022-08-02 04:59:58 TaskSevenSignsUpdate: Data updated successfully.
[INFO ] 2022-08-02 05:00:00 DayNightSpawnManager: Removed 553 night creatures.
[INFO ] 2022-08-02 05:00:00 DayNightSpawnManager: Spawned 232 day creatures.
[INFO ] 2022-08-02 05:00:00 DayNightSpawnManager: Deleting Hellmann raidboss.
[INFO ] 2022-08-02 05:08:18 GlobalVariablesManager: Stored 7 variables.
[INFO ] 2022-08-02 05:29:58 TaskSevenSignsUpdate: Data updated successfully.
[INFO ] 2022-08-02 05:38:18 GlobalVariablesManager: Stored 7 variables.
[INFO ] 2022-08-02 05:59:58 TaskSevenSignsUpdate: Data updated successfully.
[WARN ] 2022-08-02 06:04:30 LoginServerThread: LoginServer not avaible, trying to reconnect...
[INFO ] 2022-08-02 06:04:35 LoginServerThread: Connecting to login server on 127.0.0.1:9014
[WARN ] 2022-08-02 06:04:35 LoginServerThread: LoginServer not avaible, trying to reconnect...
