[INFO ] 2022-08-07 04:09:19 GameServer: ------------------------------------------------=[ Database ]
[INFO ] 2022-08-07 04:09:19 GameServer: -----------------------------------=[ Network Configuration ]
[INFO ] 2022-08-07 04:09:19 IPConfigData: Using automatic network configuration.
[INFO ] 2022-08-07 04:09:19 IPConfigData: Adding new subnet: 127.0.0.0/8 address: 127.0.0.1
[INFO ] 2022-08-07 04:09:19 IPConfigData: Adding new subnet: 192.168.9.0/24 address: 192.168.9.232
[INFO ] 2022-08-07 04:09:19 IPConfigData: Adding new subnet: 0.0.0.0/0 address: 186.50.183.214
[INFO ] 2022-08-07 04:09:19 HikariDataSource: HikariPool-1 - Starting...
[INFO ] 2022-08-07 04:09:19 HikariDataSource: HikariPool-1 - Start completed.
[INFO ] 2022-08-07 04:09:19 IdFactory: Updated characters online status.
[INFO ] 2022-08-07 04:09:19 IdFactory: Cleaned 0 elements from database in 0s.
[INFO ] 2022-08-07 04:09:19 IdFactory: Cleaned 0 expired timestamps from database.
[INFO ] 2022-08-07 04:09:19 BitSetIDFactory: 102912 Ids available.
[INFO ] 2022-08-07 04:09:19 GameServer: ---------------------------------------------------=[ World ]
[INFO ] 2022-08-07 04:09:19 InstanceManager: Multiverse Instance created.
[INFO ] 2022-08-07 04:09:19 InstanceManager: Universe Instance created.
[INFO ] 2022-08-07 04:09:19 InstanceManager: Loaded 160 instance names.
[INFO ] 2022-08-07 04:09:20 L2World: 128 by 136 world region grid set up.
[INFO ] 2022-08-07 04:09:20 MapRegionManager: Loaded 57 map regions.
[INFO ] 2022-08-07 04:09:20 GlobalVariablesManager: Loaded 7 variables.
[INFO ] 2022-08-07 04:09:20 GameServer: ----------------------------------------------------=[ Data ]
[INFO ] 2022-08-07 04:09:20 CategoryData: Loaded 124 Categories.
[INFO ] 2022-08-07 04:09:20 SecondaryAuthData: Loaded 328 forbidden passwords.
[INFO ] 2022-08-07 04:09:20 GameServer: -------------------------------------------------=[ Effects ]
[INFO ] 2022-08-07 04:09:21 EffectMasterHandler: Loaded 169 effect handlers.
[INFO ] 2022-08-07 04:09:21 GameServer: ------------------------------------=[ Enchant Skill Groups ]
[INFO ] 2022-08-07 04:09:21 EnchantSkillGroupsData: Loaded 4 groups and 90 routes.
[INFO ] 2022-08-07 04:09:21 GameServer: ---------------------------------------------=[ Skill Trees ]
[INFO ] 2022-08-07 04:09:22 SkillTreesData: Loaded 17176 Class Skills for 103 Class Skill Trees.
[INFO ] 2022-08-07 04:09:22 SkillTreesData: Loaded 76 Sub-Class Skills.
[INFO ] 2022-08-07 04:09:22 SkillTreesData: Loaded 77 Transfer Skills for 3 Transfer Skill Trees.
[INFO ] 2022-08-07 04:09:22 SkillTreesData: Loaded 117 Fishing Skills, 8 Dwarven only Fishing Skills.
[INFO ] 2022-08-07 04:09:22 SkillTreesData: Loaded 3 Collect Skills.
[INFO ] 2022-08-07 04:09:22 SkillTreesData: Loaded 74 Pledge Skills, 44 for Pledge and 30 Residential.
[INFO ] 2022-08-07 04:09:22 SkillTreesData: Loaded 18 Sub-Pledge Skills.
[INFO ] 2022-08-07 04:09:22 SkillTreesData: Loaded 32 Transform Skills.
[INFO ] 2022-08-07 04:09:22 SkillTreesData: Loaded 8 Noble Skills.
[INFO ] 2022-08-07 04:09:22 SkillTreesData: Loaded 5 Hero Skills.
[INFO ] 2022-08-07 04:09:22 SkillTreesData: Loaded 46 Game Master Skills.
[INFO ] 2022-08-07 04:09:22 SkillTreesData: Loaded 46 Game Master Aura Skills.
[INFO ] 2022-08-07 04:09:22 GameServer: --------------------------------------------------=[ Skills ]
[INFO ] 2022-08-07 04:09:30 DocumentEngine: Loaded 65973 skill templates from XML files.
[INFO ] 2022-08-07 04:09:30 SummonSkillsTable: Loaded 1891 summon skills.
[INFO ] 2022-08-07 04:09:30 GameServer: ---------------------------------------------------=[ Items ]
[INFO ] 2022-08-07 04:09:31 ItemTable: Highest item Id used 22567.
[INFO ] 2022-08-07 04:09:31 ItemTable: Loaded 11481 Etc items.
[INFO ] 2022-08-07 04:09:31 ItemTable: Loaded 3825 Armor items.
[INFO ] 2022-08-07 04:09:31 ItemTable: Loaded 3893 Weapon items.
[INFO ] 2022-08-07 04:09:31 ItemTable: Loaded 19199 items in total.
[INFO ] 2022-08-07 04:09:31 EnchantItemGroupsData: Loaded 4 item group templates.
[INFO ] 2022-08-07 04:09:31 EnchantItemGroupsData: Loaded 1 scroll group templates.
[INFO ] 2022-08-07 04:09:31 EnchantItemData: Loaded 63 enchant scrolls.
[INFO ] 2022-08-07 04:09:31 EnchantItemData: Loaded 20 support items.
[INFO ] 2022-08-07 04:09:31 EnchantItemOptionsData: Loaded 23 items and 1093 options.
[INFO ] 2022-08-07 04:09:31 OptionData: Loaded 24985 item options.
[INFO ] 2022-08-07 04:09:31 EnchantItemHPBonusData: Loaded 6 Enchant HP Bonuses.
[INFO ] 2022-08-07 04:09:31 MerchantPriceConfigTable: Loaded 28 merchant price configs.
[WARN ] 2022-08-07 04:09:32 IXmlReader: BuyListData: Folder C:\opt\l2j\server\game\data\buylists\custom doesn't exist!
[INFO ] 2022-08-07 04:09:32 BuyListData: Loaded 760 buy lists.
[WARN ] 2022-08-07 04:09:32 IXmlReader: MultisellData: Folder C:\opt\l2j\server\game\data\multisell\custom doesn't exist!
[INFO ] 2022-08-07 04:09:32 MultisellData: Loaded 192 multisell lists.
[INFO ] 2022-08-07 04:09:32 RecipeData: Loaded 1000 recipes.
[INFO ] 2022-08-07 04:09:32 ArmorSetsData: Loaded 204 armor sets.
[INFO ] 2022-08-07 04:09:32 FishData: Loaded 278 fish.
[INFO ] 2022-08-07 04:09:32 FishingMonstersData: Loaded 8 fishing monsters.
[INFO ] 2022-08-07 04:09:32 FishingRodsData: Loaded 6 fishing rods.
[INFO ] 2022-08-07 04:09:32 HennaData: Loaded 180 Henna data.
[INFO ] 2022-08-07 04:09:32 GameServer: ----------------------------------------------=[ Characters ]
[INFO ] 2022-08-07 04:09:32 ClassListData: Loaded 107 class data.
[INFO ] 2022-08-07 04:09:32 InitialEquipmentData: Loaded 11 initial equipment data.
[INFO ] 2022-08-07 04:09:32 InitialShortcutData: Loaded 5 initial dlobal shortcuts data.
[INFO ] 2022-08-07 04:09:32 InitialShortcutData: Loaded 4 initial shortcuts data.
[INFO ] 2022-08-07 04:09:32 InitialShortcutData: Loaded 0 macros presets.
[INFO ] 2022-08-07 04:09:32 KarmaData: Loaded 85 karma modifiers.
[INFO ] 2022-08-07 04:09:32 HitConditionBonusData: Loaded Hit Condition bonuses.
[INFO ] 2022-08-07 04:09:32 PlayerTemplateData: Loaded 103 character templates.
[INFO ] 2022-08-07 04:09:32 PlayerTemplateData: Loaded 52530 level up gain records.
[INFO ] 2022-08-07 04:09:32 PlayerCreationPointData: Loaded 62 character creation points.
[INFO ] 2022-08-07 04:09:32 CharNameTable: Loaded 5 char names.
[INFO ] 2022-08-07 04:09:32 AdminData: Loaded 10 access levels.
[INFO ] 2022-08-07 04:09:32 AdminData: Loaded 445 access commands.
[INFO ] 2022-08-07 04:09:32 RaidBossPointsManager: Loaded 0 characters raid points.
[INFO ] 2022-08-07 04:09:32 PetDataTable: Loaded 52 Pets.
[INFO ] 2022-08-07 04:09:32 GameServer: -----------------------------------------------------=[ BBS ]
[INFO ] 2022-08-07 04:09:32 ForumsBBSManager: Loaded 5 forums.
[INFO ] 2022-08-07 04:09:32 GameServer: ---------------------------------------------------=[ Clans ]
[INFO ] 2022-08-07 04:09:32 ClanTable: Restored 1 clans from the database.
[INFO ] 2022-08-07 04:09:33 AuctionManager: Loaded 38 auction(s).
[INFO ] 2022-08-07 04:09:33 ClanHallManager: Loaded 0 clan halls.
[INFO ] 2022-08-07 04:09:33 ClanHallManager: Loaded 38 free clan halls.
[INFO ] 2022-08-07 04:09:33 ClanHallSiegeManager: Loaded 6 conquerable clan halls.
[INFO ] 2022-08-07 04:09:33 GameServer: -------------------------------------------------=[ Geodata ]
[INFO ] 2022-08-07 04:09:33 GeoData: Loaded 0 regions.
[INFO ] 2022-08-07 04:09:33 GameServer: ----------------------------------------------------=[ NPCs ]
[INFO ] 2022-08-07 04:09:33 SkillLearnData: Loaded 256 skill learn data.
[INFO ] 2022-08-07 04:09:33 NpcData$MinionData: Loaded 128 minions data.
[INFO ] 2022-08-07 04:09:34 NpcData: Loaded 10461 NPCs.
[INFO ] 2022-08-07 04:09:34 NpcData: Loaded 10 custom NPCs.
[INFO ] 2022-08-07 04:09:35 WalkingManager: Loaded 127 walking routes.
[INFO ] 2022-08-07 04:09:35 StaticObjectData: Loaded 51 static object templates.
[INFO ] 2022-08-07 04:09:35 GrandBossManager: Queen Ant (29001) status is 0.
[INFO ] 2022-08-07 04:09:35 GrandBossManager: Core (29006) status is 0.
[INFO ] 2022-08-07 04:09:35 GrandBossManager: Orfen (29014) status is 0.
[INFO ] 2022-08-07 04:09:35 GrandBossManager: Baium (29020) status is 0.
[INFO ] 2022-08-07 04:09:35 GrandBossManager: Valakas (29028) status is 0.
[INFO ] 2022-08-07 04:09:35 GrandBossManager: Antharas (29068) status is 0.
[INFO ] 2022-08-07 04:09:35 GrandBossManager: Beleth (29118) status is 0.
[INFO ] 2022-08-07 04:09:35 GrandBossManager: Loaded 7 grand boss instances.
[INFO ] 2022-08-07 04:09:35 DoorData: Loaded 1301 door templates for 22 regions.
[INFO ] 2022-08-07 04:09:36 ZoneManager: Loaded 28 zone classes and 2794 zones.
[INFO ] 2022-08-07 04:09:36 ZoneManager: Loaded 0 NPC spawn territoriers.
[INFO ] 2022-08-07 04:09:36 CastleManager: Loaded 9 castles.
[INFO ] 2022-08-07 04:09:36 NpcBufferTable: Loaded 2 buffers and 100 skills.
[INFO ] 2022-08-07 04:09:36 GrandBossManager: Initialized 12 grand boss zones.
[INFO ] 2022-08-07 04:09:36 GameServer: -----------------------------------------=[ Auction Manager ]
[INFO ] 2022-08-07 04:09:36 ItemAuctionInstance: Loaded 82 item(s) and registered 2 auction(s) for NPC ID 32320.
[INFO ] 2022-08-07 04:09:36 ItemAuctionInstance: Schedule next auction ID 6 on 17:00:00 12.08.22 for NPC ID 32320.
[INFO ] 2022-08-07 04:09:36 ItemAuctionInstance: Loaded 82 item(s) and registered 2 auction(s) for NPC ID 32321.
[INFO ] 2022-08-07 04:09:36 ItemAuctionInstance: Schedule next auction ID 4 on 17:00:00 08.08.22 for NPC ID 32321.
[INFO ] 2022-08-07 04:09:36 ItemAuctionInstance: Loaded 82 item(s) and registered 2 auction(s) for NPC ID 32322.
[INFO ] 2022-08-07 04:09:36 ItemAuctionInstance: Schedule next auction ID 5 on 17:00:00 10.08.22 for NPC ID 32322.
[INFO ] 2022-08-07 04:09:36 ItemAuctionManager: Loaded 3 auction manager instance(s).
[INFO ] 2022-08-07 04:09:36 GameServer: ------------------------------------------------=[ Olympiad ]
[INFO ] 2022-08-07 04:09:36 Olympiad: Loading Olympiad System....
[INFO ] 2022-08-07 04:09:36 Olympiad: Currently in Olympiad Period
[INFO ] 2022-08-07 04:09:36 Olympiad: 36470 minutes until period ends
[INFO ] 2022-08-07 04:09:36 Olympiad: Next weekly change is in 6606 minutes
[INFO ] 2022-08-07 04:09:36 Olympiad: Loaded 0 Nobles
[INFO ] 2022-08-07 04:09:36 Olympiad: Competition Period Starts in 0 days, 13 hours and 51 mins.
[INFO ] 2022-08-07 04:09:36 Olympiad: Event starts/started : Sun Aug 07 18:00:36 UYT 2022
[INFO ] 2022-08-07 04:09:36 Hero: Loaded 0 Heroes.
[INFO ] 2022-08-07 04:09:36 Hero: Loaded 0 all time Heroes.
[INFO ] 2022-08-07 04:09:36 GameServer: ---------------------------------------------=[ Seven Signs ]
[INFO ] 2022-08-07 04:09:36 SevenSigns: Currently in the Seal Validation period.
[INFO ] 2022-08-07 04:09:36 SevenSigns: The Seal of Avarice remains unclaimed.
[INFO ] 2022-08-07 04:09:36 SevenSigns: The Seal of Gnosis remains unclaimed.
[INFO ] 2022-08-07 04:09:36 SevenSigns: The Seal of Strife remains unclaimed.
[INFO ] 2022-08-07 04:09:36 SevenSigns: The competition ended with a tie last week.
[INFO ] 2022-08-07 04:09:36 SevenSigns: Next period change set to 2022-08-08T18:00:36.643-0300.
[INFO ] 2022-08-07 04:09:36 SevenSigns: Next period begins in 1 days, 13 hours and 50 mins.
[INFO ] 2022-08-07 04:09:36 GameServer: ---------------------------------------------------=[ Cache ]
[INFO ] 2022-08-07 04:09:36 HtmCache: Running lazy cache.
[INFO ] 2022-08-07 04:09:36 CrestTable: Loaded 0 crests.
[INFO ] 2022-08-07 04:09:36 TeleportLocationTable: Loaded 957 teleport location templates.
[INFO ] 2022-08-07 04:09:36 UIData: Loaded 4 keys 5 categories.
[INFO ] 2022-08-07 04:09:36 AugmentationData: Loaded 17 blue, 107 purple and 54 red skills for life stone level 0.
[INFO ] 2022-08-07 04:09:36 AugmentationData: Loaded 17 blue, 107 purple and 54 red skills for life stone level 1.
[INFO ] 2022-08-07 04:09:36 AugmentationData: Loaded 17 blue, 107 purple and 54 red skills for life stone level 2.
[INFO ] 2022-08-07 04:09:36 AugmentationData: Loaded 17 blue, 107 purple and 54 red skills for life stone level 3.
[INFO ] 2022-08-07 04:09:36 AugmentationData: Loaded 17 blue, 107 purple and 54 red skills for life stone level 4.
[INFO ] 2022-08-07 04:09:36 AugmentationData: Loaded 17 blue, 107 purple and 54 red skills for life stone level 5.
[INFO ] 2022-08-07 04:09:36 AugmentationData: Loaded 17 blue, 107 purple and 54 red skills for life stone level 6.
[INFO ] 2022-08-07 04:09:36 AugmentationData: Loaded 17 blue, 107 purple and 54 red skills for life stone level 7.
[INFO ] 2022-08-07 04:09:36 AugmentationData: Loaded 17 blue, 107 purple and 54 red skills for life stone level 8.
[INFO ] 2022-08-07 04:09:36 AugmentationData: Loaded 17 blue, 107 purple and 54 red skills for life stone level 9.
[INFO ] 2022-08-07 04:09:36 CursedWeaponsManager: Loaded 2 cursed weapon(s).
[INFO ] 2022-08-07 04:09:36 TransformData: Loaded 111 transform templates.
[INFO ] 2022-08-07 04:09:36 BotReportTable: Loaded 0 bot reports.
[INFO ] 2022-08-07 04:09:36 AirShipManager: Loaded 0 private airships.
[INFO ] 2022-08-07 04:09:36 GameServer: ------------------------------------------------=[ Handlers ]
[INFO ] 2022-08-07 04:09:38 MasterHandler: Loaded 5 Voiced Command Handler.
[INFO ] 2022-08-07 04:09:38 MasterHandler: Loaded 10 Action Handler.
[INFO ] 2022-08-07 04:09:38 MasterHandler: Loaded 6 Action Shift Handler.
[INFO ] 2022-08-07 04:09:38 MasterHandler: Loaded 448 Admin Command Handler.
[INFO ] 2022-08-07 04:09:38 MasterHandler: Loaded 48 Bypass Handler.
[INFO ] 2022-08-07 04:09:38 MasterHandler: Loaded 14 Chat Handler.
[INFO ] 2022-08-07 04:09:38 MasterHandler: Loaded 15 Community Board Handler.
[INFO ] 2022-08-07 04:09:38 MasterHandler: Loaded 31 Item Handler.
[INFO ] 2022-08-07 04:09:38 MasterHandler: Loaded 3 Punishment Handler.
[INFO ] 2022-08-07 04:09:38 MasterHandler: Loaded 17 User Command Handler.
[INFO ] 2022-08-07 04:09:38 MasterHandler: Loaded 20 Telnet Handler.
[INFO ] 2022-08-07 04:09:38 GameServer: ------------------------------------------------------=[ AI ]
[INFO ] 2022-08-07 04:09:40 NpcBuffersData: Loaded 33 buffers data.
[INFO ] 2022-08-07 04:09:40 HandysBlockCheckerEvent: Loaded Handy's Block Checker event.
[INFO ] 2022-08-07 04:09:40 AILoader: Loaded 179 AI scripts.
[INFO ] 2022-08-07 04:09:40 GameServer: -----------------------------------------------=[ Instances ]
[INFO ] 2022-08-07 04:09:41 InstanceLoader: Loaded 30 instnaces.
[INFO ] 2022-08-07 04:09:41 GameServer: --------------------------------------------------=[ Gracia ]
[INFO ] 2022-08-07 04:09:41 GraciaLoader: Loaded 28 Gracia scripts.
[INFO ] 2022-08-07 04:09:41 GameServer: -----------------------------------------------=[ Hellbound ]
[INFO ] 2022-08-07 04:09:41 HellboundPointData: Loaded 47 trust point reward data.
[INFO ] 2022-08-07 04:09:41 HellboundSpawns: Loaded 598 Hellbound spawns.
[INFO ] 2022-08-07 04:09:41 HellboundEngine: Level 0.
[INFO ] 2022-08-07 04:09:41 HellboundEngine: Trust 0.
[INFO ] 2022-08-07 04:09:41 HellboundEngine: Status locked.
[INFO ] 2022-08-07 04:09:41 RaidBossSpawnManager: Spawning raid bosses...
[INFO ] 2022-08-07 04:09:41 RaidBossSpawnManager: Loaded 188 bosses.
[INFO ] 2022-08-07 04:09:41 RaidBossSpawnManager: Scheduled 0 boss instances.
[INFO ] 2022-08-07 04:09:41 HellboundLoader: Loaded 34 Hellbound scripts.
[INFO ] 2022-08-07 04:09:41 GameServer: --------------------------------------------------=[ Quests ]
[INFO ] 2022-08-07 04:09:44 Q00350_EnhanceYourWeapon: Loaded 54 soul crystal data.
[INFO ] 2022-08-07 04:09:44 Q00350_EnhanceYourWeapon: Loaded 240 npc leveling data.
[INFO ] 2022-08-07 04:09:44 QuestLoader: Loaded 502 quests.
[INFO ] 2022-08-07 04:09:45 AbstractScript: TerritoryWarSuperClass: Siege date: Sun Aug 07 22:00:00 UYT 2022
[INFO ] 2022-08-07 04:09:45 GameServer: -------------------------------------------------=[ Scripts ]
[INFO ] 2022-08-07 04:09:45 ClanHallSiegeEngine: Fortress of the Dead siege scheduled for 2022-08-13T12:00:00.438-0300.
[INFO ] 2022-08-07 04:09:45 DiscordBot: Discord Bot is Disabled.
[INFO ] 2022-08-07 04:09:45 ClanHallSiegeEngine: Beast Farm siege scheduled for 2022-08-13T12:00:00.437-0300.
[INFO ] 2022-08-07 04:09:45 ClanHallSiegeEngine: Rainbow Springs siege scheduled for 2022-08-13T12:00:00.437-0300.
[INFO ] 2022-08-07 04:09:45 TeleporterService: Loading...
[INFO ] 2022-08-07 04:09:45 BufferService: Loading...
[INFO ] 2022-08-07 04:09:45 ClanHallSiegeEngine: Bandit Stronghold siege scheduled for 2022-08-13T12:00:00.436-0300.
[INFO ] 2022-08-07 04:09:45 ClanHallSiegeEngine: Devastated Castle siege scheduled for 2022-08-13T12:00:00.435-0300.
[INFO ] 2022-08-07 04:09:45 ClanHallSiegeEngine: Fortress of Resistance siege scheduled for 2022-08-13T12:00:00.324-0300.
[INFO ] 2022-08-07 04:09:45 GameServer: --------------------------------------------------=[ Spawns ]
