[INFO ] 2022-07-31 17:48:28 GameServer: ------------------------------------------------=[ Database ]
[INFO ] 2022-07-31 17:48:28 GameServer: -----------------------------------=[ Network Configuration ]
[INFO ] 2022-07-31 17:48:28 IPConfigData: Using automatic network configuration.
[INFO ] 2022-07-31 17:48:29 IPConfigData: Adding new subnet: 127.0.0.0/8 address: 127.0.0.1
[INFO ] 2022-07-31 17:48:29 IPConfigData: Adding new subnet: 192.168.9.0/24 address: 192.168.9.232
[INFO ] 2022-07-31 17:48:29 IPConfigData: Adding new subnet: 0.0.0.0/0 address: 186.50.38.128
[INFO ] 2022-07-31 17:48:29 HikariDataSource: HikariPool-1 - Starting...
[INFO ] 2022-07-31 17:48:29 HikariDataSource: HikariPool-1 - Start completed.
[INFO ] 2022-07-31 17:48:29 IdFactory: Updated characters online status.
[INFO ] 2022-07-31 17:48:29 IdFactory: Cleaned 0 elements from database in 0s.
[INFO ] 2022-07-31 17:48:29 IdFactory: Cleaned 0 expired timestamps from database.
[INFO ] 2022-07-31 17:48:29 BitSetIDFactory: 102912 Ids available.
[INFO ] 2022-07-31 17:48:29 GameServer: ---------------------------------------------------=[ World ]
[INFO ] 2022-07-31 17:48:29 InstanceManager: Multiverse Instance created.
[INFO ] 2022-07-31 17:48:29 InstanceManager: Universe Instance created.
[INFO ] 2022-07-31 17:48:29 InstanceManager: Loaded 160 instance names.
[INFO ] 2022-07-31 17:48:29 L2World: 128 by 136 world region grid set up.
[INFO ] 2022-07-31 17:48:29 MapRegionManager: Loaded 57 map regions.
[INFO ] 2022-07-31 17:48:29 GlobalVariablesManager: Loaded 7 variables.
[INFO ] 2022-07-31 17:48:29 GameServer: ----------------------------------------------------=[ Data ]
[INFO ] 2022-07-31 17:48:29 CategoryData: Loaded 124 Categories.
[INFO ] 2022-07-31 17:48:29 SecondaryAuthData: Loaded 328 forbidden passwords.
[INFO ] 2022-07-31 17:48:29 GameServer: -------------------------------------------------=[ Effects ]
[INFO ] 2022-07-31 17:48:31 EffectMasterHandler: Loaded 169 effect handlers.
[INFO ] 2022-07-31 17:48:31 GameServer: ------------------------------------=[ Enchant Skill Groups ]
[INFO ] 2022-07-31 17:48:31 EnchantSkillGroupsData: Loaded 4 groups and 90 routes.
[INFO ] 2022-07-31 17:48:31 GameServer: ---------------------------------------------=[ Skill Trees ]
[INFO ] 2022-07-31 17:48:31 SkillTreesData: Loaded 17176 Class Skills for 103 Class Skill Trees.
[INFO ] 2022-07-31 17:48:31 SkillTreesData: Loaded 76 Sub-Class Skills.
[INFO ] 2022-07-31 17:48:31 SkillTreesData: Loaded 77 Transfer Skills for 3 Transfer Skill Trees.
[INFO ] 2022-07-31 17:48:31 SkillTreesData: Loaded 117 Fishing Skills, 8 Dwarven only Fishing Skills.
[INFO ] 2022-07-31 17:48:31 SkillTreesData: Loaded 3 Collect Skills.
[INFO ] 2022-07-31 17:48:31 SkillTreesData: Loaded 74 Pledge Skills, 44 for Pledge and 30 Residential.
[INFO ] 2022-07-31 17:48:31 SkillTreesData: Loaded 18 Sub-Pledge Skills.
[INFO ] 2022-07-31 17:48:31 SkillTreesData: Loaded 32 Transform Skills.
[INFO ] 2022-07-31 17:48:31 SkillTreesData: Loaded 8 Noble Skills.
[INFO ] 2022-07-31 17:48:31 SkillTreesData: Loaded 5 Hero Skills.
[INFO ] 2022-07-31 17:48:31 SkillTreesData: Loaded 46 Game Master Skills.
[INFO ] 2022-07-31 17:48:31 SkillTreesData: Loaded 46 Game Master Aura Skills.
[INFO ] 2022-07-31 17:48:31 GameServer: --------------------------------------------------=[ Skills ]
[INFO ] 2022-07-31 17:48:39 DocumentEngine: Loaded 65973 skill templates from XML files.
[INFO ] 2022-07-31 17:48:39 SummonSkillsTable: Loaded 1891 summon skills.
[INFO ] 2022-07-31 17:48:39 GameServer: ---------------------------------------------------=[ Items ]
[INFO ] 2022-07-31 17:48:40 ItemTable: Highest item Id used 22567.
[INFO ] 2022-07-31 17:48:40 ItemTable: Loaded 11481 Etc items.
[INFO ] 2022-07-31 17:48:40 ItemTable: Loaded 3825 Armor items.
[INFO ] 2022-07-31 17:48:40 ItemTable: Loaded 3893 Weapon items.
[INFO ] 2022-07-31 17:48:40 ItemTable: Loaded 19199 items in total.
[INFO ] 2022-07-31 17:48:40 EnchantItemGroupsData: Loaded 4 item group templates.
[INFO ] 2022-07-31 17:48:40 EnchantItemGroupsData: Loaded 1 scroll group templates.
[INFO ] 2022-07-31 17:48:40 EnchantItemData: Loaded 63 enchant scrolls.
[INFO ] 2022-07-31 17:48:40 EnchantItemData: Loaded 20 support items.
[INFO ] 2022-07-31 17:48:40 EnchantItemOptionsData: Loaded 23 items and 1093 options.
[INFO ] 2022-07-31 17:48:40 OptionData: Loaded 24985 item options.
[INFO ] 2022-07-31 17:48:40 EnchantItemHPBonusData: Loaded 6 Enchant HP Bonuses.
[INFO ] 2022-07-31 17:48:40 MerchantPriceConfigTable: Loaded 28 merchant price configs.
[WARN ] 2022-07-31 17:48:41 IXmlReader: BuyListData: Folder C:\opt\l2j\server\game\data\buylists\custom doesn't exist!
[INFO ] 2022-07-31 17:48:41 BuyListData: Loaded 760 buy lists.
[WARN ] 2022-07-31 17:48:41 IXmlReader: MultisellData: Folder C:\opt\l2j\server\game\data\multisell\custom doesn't exist!
[INFO ] 2022-07-31 17:48:41 MultisellData: Loaded 192 multisell lists.
[INFO ] 2022-07-31 17:48:41 RecipeData: Loaded 1000 recipes.
[INFO ] 2022-07-31 17:48:41 ArmorSetsData: Loaded 204 armor sets.
[INFO ] 2022-07-31 17:48:41 FishData: Loaded 278 fish.
[INFO ] 2022-07-31 17:48:41 FishingMonstersData: Loaded 8 fishing monsters.
[INFO ] 2022-07-31 17:48:41 FishingRodsData: Loaded 6 fishing rods.
[INFO ] 2022-07-31 17:48:41 HennaData: Loaded 180 Henna data.
[INFO ] 2022-07-31 17:48:41 GameServer: ----------------------------------------------=[ Characters ]
[INFO ] 2022-07-31 17:48:41 ClassListData: Loaded 107 class data.
[INFO ] 2022-07-31 17:48:41 InitialEquipmentData: Loaded 11 initial equipment data.
[INFO ] 2022-07-31 17:48:41 InitialShortcutData: Loaded 5 initial dlobal shortcuts data.
[INFO ] 2022-07-31 17:48:41 InitialShortcutData: Loaded 4 initial shortcuts data.
[INFO ] 2022-07-31 17:48:41 InitialShortcutData: Loaded 0 macros presets.
[INFO ] 2022-07-31 17:48:41 KarmaData: Loaded 85 karma modifiers.
[INFO ] 2022-07-31 17:48:41 HitConditionBonusData: Loaded Hit Condition bonuses.
[INFO ] 2022-07-31 17:48:41 PlayerTemplateData: Loaded 103 character templates.
[INFO ] 2022-07-31 17:48:41 PlayerTemplateData: Loaded 52530 level up gain records.
[INFO ] 2022-07-31 17:48:41 PlayerCreationPointData: Loaded 62 character creation points.
[INFO ] 2022-07-31 17:48:41 CharNameTable: Loaded 5 char names.
[INFO ] 2022-07-31 17:48:41 AdminData: Loaded 10 access levels.
[INFO ] 2022-07-31 17:48:41 AdminData: Loaded 445 access commands.
[INFO ] 2022-07-31 17:48:41 RaidBossPointsManager: Loaded 0 characters raid points.
[INFO ] 2022-07-31 17:48:42 PetDataTable: Loaded 52 Pets.
[INFO ] 2022-07-31 17:48:42 GameServer: -----------------------------------------------------=[ BBS ]
[INFO ] 2022-07-31 17:48:42 ForumsBBSManager: Loaded 5 forums.
[INFO ] 2022-07-31 17:48:42 GameServer: ---------------------------------------------------=[ Clans ]
[INFO ] 2022-07-31 17:48:42 ClanTable: Restored 1 clans from the database.
[INFO ] 2022-07-31 17:48:42 AuctionManager: Loaded 38 auction(s).
[INFO ] 2022-07-31 17:48:42 ClanHallManager: Loaded 0 clan halls.
[INFO ] 2022-07-31 17:48:42 ClanHallManager: Loaded 38 free clan halls.
[INFO ] 2022-07-31 17:48:42 ClanHallSiegeManager: Loaded 6 conquerable clan halls.
[INFO ] 2022-07-31 17:48:42 GameServer: -------------------------------------------------=[ Geodata ]
[INFO ] 2022-07-31 17:48:42 GeoData: Loaded 0 regions.
[INFO ] 2022-07-31 17:48:42 GameServer: ----------------------------------------------------=[ NPCs ]
[INFO ] 2022-07-31 17:48:42 SkillLearnData: Loaded 256 skill learn data.
[INFO ] 2022-07-31 17:48:42 NpcData$MinionData: Loaded 128 minions data.
[INFO ] 2022-07-31 17:48:43 NpcData: Loaded 10461 NPCs.
[INFO ] 2022-07-31 17:48:43 NpcData: Loaded 10 custom NPCs.
[INFO ] 2022-07-31 17:48:43 WalkingManager: Loaded 127 walking routes.
[INFO ] 2022-07-31 17:48:43 StaticObjectData: Loaded 51 static object templates.
[INFO ] 2022-07-31 17:48:44 GrandBossManager: Queen Ant (29001) status is 0.
[INFO ] 2022-07-31 17:48:44 GrandBossManager: Core (29006) status is 0.
[INFO ] 2022-07-31 17:48:44 GrandBossManager: Orfen (29014) status is 0.
[INFO ] 2022-07-31 17:48:44 GrandBossManager: Baium (29020) status is 0.
[INFO ] 2022-07-31 17:48:44 GrandBossManager: Valakas (29028) status is 0.
[INFO ] 2022-07-31 17:48:44 GrandBossManager: Antharas (29068) status is 0.
[INFO ] 2022-07-31 17:48:44 GrandBossManager: Beleth (29118) status is 0.
[INFO ] 2022-07-31 17:48:44 GrandBossManager: Loaded 7 grand boss instances.
[INFO ] 2022-07-31 17:48:44 DoorData: Loaded 1301 door templates for 22 regions.
[INFO ] 2022-07-31 17:48:45 ZoneManager: Loaded 28 zone classes and 2794 zones.
[INFO ] 2022-07-31 17:48:45 ZoneManager: Loaded 0 NPC spawn territoriers.
[INFO ] 2022-07-31 17:48:45 CastleManager: Loaded 9 castles.
[INFO ] 2022-07-31 17:48:45 NpcBufferTable: Loaded 2 buffers and 100 skills.
[INFO ] 2022-07-31 17:48:45 GrandBossManager: Initialized 12 grand boss zones.
[INFO ] 2022-07-31 17:48:45 GameServer: -----------------------------------------=[ Auction Manager ]
[INFO ] 2022-07-31 17:48:45 ItemAuctionInstance: Loaded 82 item(s) and registered 1 auction(s) for NPC ID 32320.
[INFO ] 2022-07-31 17:48:45 ItemAuctionInstance: Schedule next auction ID 1 on 17:00:00 05.08.22 for NPC ID 32320.
[INFO ] 2022-07-31 17:48:45 ItemAuctionInstance: Loaded 82 item(s) and registered 1 auction(s) for NPC ID 32321.
[INFO ] 2022-07-31 17:48:45 ItemAuctionInstance: Schedule next auction ID 2 on 17:00:00 01.08.22 for NPC ID 32321.
[INFO ] 2022-07-31 17:48:45 ItemAuctionInstance: Loaded 82 item(s) and registered 1 auction(s) for NPC ID 32322.
[INFO ] 2022-07-31 17:48:45 ItemAuctionInstance: Schedule next auction ID 3 on 17:00:00 03.08.22 for NPC ID 32322.
[INFO ] 2022-07-31 17:48:45 ItemAuctionManager: Loaded 3 auction manager instance(s).
[INFO ] 2022-07-31 17:48:45 GameServer: ------------------------------------------------=[ Olympiad ]
[INFO ] 2022-07-31 17:48:45 Olympiad: Loading Olympiad System....
[INFO ] 2022-07-31 17:48:45 Olympiad: Currently in Olympiad Period
[INFO ] 2022-07-31 17:48:45 Olympiad: 1091 minutes until period ends
[INFO ] 2022-07-31 17:48:45 Olympiad: Next weekly change is in 8518 minutes
[INFO ] 2022-07-31 17:48:45 Olympiad: Loaded 0 Nobles
[INFO ] 2022-07-31 17:48:45 Olympiad: Competition Period Starts in 0 days, 0 hours and 12 mins.
[INFO ] 2022-07-31 17:48:45 Olympiad: Event starts/started : Sun Jul 31 18:00:45 UYT 2022
[INFO ] 2022-07-31 17:48:45 Hero: Loaded 0 Heroes.
[INFO ] 2022-07-31 17:48:45 Hero: Loaded 0 all time Heroes.
[INFO ] 2022-07-31 17:48:45 GameServer: ---------------------------------------------=[ Seven Signs ]
[INFO ] 2022-07-31 17:48:45 SevenSigns: Currently in the Competition (Quest Event) period.
[INFO ] 2022-07-31 17:48:45 SevenSigns: The Seal of Avarice remains unclaimed.
[INFO ] 2022-07-31 17:48:45 SevenSigns: The Seal of Gnosis remains unclaimed.
[INFO ] 2022-07-31 17:48:45 SevenSigns: The Seal of Strife remains unclaimed.
[INFO ] 2022-07-31 17:48:45 SevenSigns: The competition, if the current trend continues, will end in a tie this week.
[INFO ] 2022-07-31 17:48:45 SevenSigns: Next period change set to 2022-08-01T18:00:45.499-0300.
[INFO ] 2022-07-31 17:48:45 SevenSigns: Next period begins in 1 days, 0 hours and 11 mins.
[INFO ] 2022-07-31 17:48:45 GameServer: ---------------------------------------------------=[ Cache ]
[INFO ] 2022-07-31 17:48:45 HtmCache: Running lazy cache.
[INFO ] 2022-07-31 17:48:45 CrestTable: Loaded 0 crests.
[INFO ] 2022-07-31 17:48:45 TeleportLocationTable: Loaded 957 teleport location templates.
[INFO ] 2022-07-31 17:48:45 UIData: Loaded 4 keys 5 categories.
[INFO ] 2022-07-31 17:48:45 AugmentationData: Loaded 17 blue, 107 purple and 54 red skills for life stone level 0.
[INFO ] 2022-07-31 17:48:45 AugmentationData: Loaded 17 blue, 107 purple and 54 red skills for life stone level 1.
[INFO ] 2022-07-31 17:48:45 AugmentationData: Loaded 17 blue, 107 purple and 54 red skills for life stone level 2.
[INFO ] 2022-07-31 17:48:45 AugmentationData: Loaded 17 blue, 107 purple and 54 red skills for life stone level 3.
[INFO ] 2022-07-31 17:48:45 AugmentationData: Loaded 17 blue, 107 purple and 54 red skills for life stone level 4.
[INFO ] 2022-07-31 17:48:45 AugmentationData: Loaded 17 blue, 107 purple and 54 red skills for life stone level 5.
[INFO ] 2022-07-31 17:48:45 AugmentationData: Loaded 17 blue, 107 purple and 54 red skills for life stone level 6.
[INFO ] 2022-07-31 17:48:45 AugmentationData: Loaded 17 blue, 107 purple and 54 red skills for life stone level 7.
[INFO ] 2022-07-31 17:48:45 AugmentationData: Loaded 17 blue, 107 purple and 54 red skills for life stone level 8.
[INFO ] 2022-07-31 17:48:45 AugmentationData: Loaded 17 blue, 107 purple and 54 red skills for life stone level 9.
[INFO ] 2022-07-31 17:48:45 CursedWeaponsManager: Loaded 2 cursed weapon(s).
[INFO ] 2022-07-31 17:48:45 TransformData: Loaded 111 transform templates.
[INFO ] 2022-07-31 17:48:45 BotReportTable: Loaded 0 bot reports.
[INFO ] 2022-07-31 17:48:45 AirShipManager: Loaded 0 private airships.
[INFO ] 2022-07-31 17:48:45 GameServer: ------------------------------------------------=[ Handlers ]
[INFO ] 2022-07-31 17:48:47 MasterHandler: Loaded 5 Voiced Command Handler.
[INFO ] 2022-07-31 17:48:47 MasterHandler: Loaded 10 Action Handler.
[INFO ] 2022-07-31 17:48:47 MasterHandler: Loaded 6 Action Shift Handler.
[INFO ] 2022-07-31 17:48:47 MasterHandler: Loaded 448 Admin Command Handler.
[INFO ] 2022-07-31 17:48:47 MasterHandler: Loaded 48 Bypass Handler.
[INFO ] 2022-07-31 17:48:47 MasterHandler: Loaded 14 Chat Handler.
[INFO ] 2022-07-31 17:48:47 MasterHandler: Loaded 15 Community Board Handler.
[INFO ] 2022-07-31 17:48:47 MasterHandler: Loaded 31 Item Handler.
[INFO ] 2022-07-31 17:48:47 MasterHandler: Loaded 3 Punishment Handler.
[INFO ] 2022-07-31 17:48:47 MasterHandler: Loaded 17 User Command Handler.
[INFO ] 2022-07-31 17:48:47 MasterHandler: Loaded 20 Telnet Handler.
[INFO ] 2022-07-31 17:48:47 GameServer: ------------------------------------------------------=[ AI ]
[INFO ] 2022-07-31 17:48:49 NpcBuffersData: Loaded 33 buffers data.
[INFO ] 2022-07-31 17:48:49 HandysBlockCheckerEvent: Loaded Handy's Block Checker event.
[INFO ] 2022-07-31 17:48:49 AILoader: Loaded 179 AI scripts.
[INFO ] 2022-07-31 17:48:49 GameServer: -----------------------------------------------=[ Instances ]
[INFO ] 2022-07-31 17:48:49 InstanceLoader: Loaded 30 instnaces.
[INFO ] 2022-07-31 17:48:49 GameServer: --------------------------------------------------=[ Gracia ]
[INFO ] 2022-07-31 17:48:50 GraciaLoader: Loaded 28 Gracia scripts.
[INFO ] 2022-07-31 17:48:50 GameServer: -----------------------------------------------=[ Hellbound ]
[INFO ] 2022-07-31 17:48:50 HellboundPointData: Loaded 47 trust point reward data.
[INFO ] 2022-07-31 17:48:50 HellboundSpawns: Loaded 598 Hellbound spawns.
[INFO ] 2022-07-31 17:48:50 HellboundEngine: Level 0.
[INFO ] 2022-07-31 17:48:50 HellboundEngine: Trust 0.
[INFO ] 2022-07-31 17:48:50 HellboundEngine: Status locked.
[INFO ] 2022-07-31 17:48:50 RaidBossSpawnManager: Spawning raid bosses...
[INFO ] 2022-07-31 17:48:50 RaidBossSpawnManager: Loaded 187 bosses.
[INFO ] 2022-07-31 17:48:50 RaidBossSpawnManager: Scheduled 0 boss instances.
[INFO ] 2022-07-31 17:48:50 HellboundLoader: Loaded 34 Hellbound scripts.
[INFO ] 2022-07-31 17:48:50 GameServer: --------------------------------------------------=[ Quests ]
[INFO ] 2022-07-31 17:48:53 Q00350_EnhanceYourWeapon: Loaded 54 soul crystal data.
[INFO ] 2022-07-31 17:48:53 Q00350_EnhanceYourWeapon: Loaded 240 npc leveling data.
[INFO ] 2022-07-31 17:48:53 QuestLoader: Loaded 502 quests.
[INFO ] 2022-07-31 17:48:53 AbstractScript: TerritoryWarSuperClass: Siege date: Sun Aug 07 22:00:00 UYT 2022
[INFO ] 2022-07-31 17:48:53 GameServer: -------------------------------------------------=[ Scripts ]
[INFO ] 2022-07-31 17:48:54 ClanHallSiegeEngine: Fortress of the Dead siege scheduled for 2022-08-13T12:00:00.438-0300.
[INFO ] 2022-07-31 17:48:54 DiscordBot: Discord Bot is Disabled.
[INFO ] 2022-07-31 17:48:54 ClanHallSiegeEngine: Beast Farm siege scheduled for 2022-08-13T12:00:00.437-0300.
[INFO ] 2022-07-31 17:48:54 ClanHallSiegeEngine: Rainbow Springs siege scheduled for 2022-08-13T12:00:00.437-0300.
[INFO ] 2022-07-31 17:48:54 TeleporterService: Disabled.
[INFO ] 2022-07-31 17:48:54 BufferService: Loading...
[INFO ] 2022-07-31 17:48:54 ClanHallSiegeEngine: Bandit Stronghold siege scheduled for 2022-08-13T12:00:00.436-0300.
[INFO ] 2022-07-31 17:48:54 ClanHallSiegeEngine: Devastated Castle siege scheduled for 2022-08-13T12:00:00.435-0300.
[INFO ] 2022-07-31 17:48:54 ClanHallSiegeEngine: Fortress of Resistance siege scheduled for 2022-08-13T12:00:00.324-0300.
[INFO ] 2022-07-31 17:48:54 GameServer: --------------------------------------------------=[ Spawns ]
[INFO ] 2022-07-31 17:48:58 SpawnTable: Loaded 3763 NPC spawns.
[INFO ] 2022-07-31 17:48:58 SpawnTable: Loaded 1 custom NPC spawns.
[INFO ] 2022-07-31 17:48:58 SpawnTable: Loaded 1190 NPC spawns from XML.
[INFO ] 2022-07-31 17:48:58 DayNightSpawnManager: Removed 0 night creatures.
[INFO ] 2022-07-31 17:48:58 DayNightSpawnManager: Spawned 232 day creatures.
[INFO ] 2022-07-31 17:48:58 FourSepulchersManager: Loaded 20 Mysterious-Box spawns.
[INFO ] 2022-07-31 17:48:58 FourSepulchersManager: Loaded 716 Physical type monsters spawns.
[INFO ] 2022-07-31 17:48:58 FourSepulchersManager: Loaded 716 Magical monsters spawns.
[INFO ] 2022-07-31 17:48:58 FourSepulchersManager: Loaded 92 Church of duke monsters spawns.
[INFO ] 2022-07-31 17:48:58 FourSepulchersManager: Loaded 68 Emperor's Grave spawns.
[INFO ] 2022-07-31 17:48:58 FourSepulchersManager: Spawned Conquerors' Sepulcher Manager.
[INFO ] 2022-07-31 17:48:58 FourSepulchersManager: Spawned Emperors' Sepulcher Manager.
[INFO ] 2022-07-31 17:48:58 FourSepulchersManager: Spawned Great Sages' Sepulcher Manager.
[INFO ] 2022-07-31 17:48:58 FourSepulchersManager: Spawned Judges' Sepulcher Manager.
[INFO ] 2022-07-31 17:48:58 FourSepulchersManager: Beginning in attack time.
[INFO ] 2022-07-31 17:48:58 DimensionalRiftManager: Loaded 7 room types with 56 rooms.
[INFO ] 2022-07-31 17:48:58 DimensionalRiftManager: Loaded 462 Dimensional Rift spawns.
[INFO ] 2022-07-31 17:48:58 GameServer: ---------------------------------------------------=[ Siege ]
[INFO ] 2022-07-31 17:48:58 Siege: Siege of Gludio: 2022-08-07T16:00:00.613-0300.
[INFO ] 2022-07-31 17:48:58 Siege: Siege of Dion: 2022-08-07T16:00:00.618-0300.
[INFO ] 2022-07-31 17:48:58 Siege: Siege of Giran: 2022-08-07T16:00:00.619-0300.
[INFO ] 2022-07-31 17:48:58 Siege: Siege of Oren: 2022-08-07T16:00:00.621-0300.
[INFO ] 2022-07-31 17:48:58 Siege: Siege of Aden: 2022-08-07T16:00:00.623-0300.
[INFO ] 2022-07-31 17:48:58 Siege: Siege of Innadril: 2022-08-07T20:00:00.624-0300.
[INFO ] 2022-07-31 17:48:58 Siege: Siege of Goddard: 2022-08-07T20:00:00.658-0300.
[INFO ] 2022-07-31 17:48:58 Siege: Siege of Rune: 2022-08-07T20:00:00.661-0300.
[INFO ] 2022-07-31 17:48:58 Siege: Siege of Schuttgart: 2022-08-07T20:00:00.662-0300.
[INFO ] 2022-07-31 17:48:58 FortManager: Loaded 21 fortress.
[INFO ] 2022-07-31 17:48:59 SiegeScheduleData: Loaded 2 siege schedulers.
[INFO ] 2022-07-31 17:48:59 CastleManorManager: Loaded 258 seeds.
[INFO ] 2022-07-31 17:48:59 CastleManorManager: Manor data loaded.
[INFO ] 2022-07-31 17:48:59 MercTicketManager: Loaded 0 mercenary tickets.
[INFO ] 2022-07-31 17:48:59 AutoSpawnHandler: Loaded 129 handlers.
[INFO ] 2022-07-31 17:48:59 SevenSignsFestival: The first Festival of Darkness cycle begins in 2 minute(s).
[INFO ] 2022-07-31 17:48:59 FaenorEventParser: Event Id Valentines Event has passed... Ignored.
[INFO ] 2022-07-31 17:48:59 FaenorScriptEngine: Loaded Valentines.xml successfully.
[INFO ] 2022-07-31 17:48:59 TaskManager: Loaded 13 tasks.
[INFO ] 2022-07-31 17:48:59 MailManager: Successfully loaded 0 messages.
[INFO ] 2022-07-31 17:48:59 PunishmentManager: Loaded 0 active and 0 expired punishments.
[INFO ] 2022-07-31 17:48:59 GameServer: Free Object Ids remaining 1879002142.
[INFO ] 2022-07-31 17:48:59 TvTManager: Engine is disabled.
[INFO ] 2022-07-31 17:48:59 GameServer: Started, free memory 1500 Mb of 2048 Mb
[INFO ] 2022-07-31 17:48:59 LoginServerThread: Connecting to login server on 127.0.0.1:9014
[INFO ] 2022-07-31 17:48:59 LoginServerThread: Saved config\hexid.txt.
[INFO ] 2022-07-31 17:48:59 LoginServerThread: Registered on login as Server 1: Bartz
[INFO ] 2022-07-31 17:48:59 GameServer: Now listening on *:7777
[INFO ] 2022-07-31 17:48:59 GameServer: ----------------------------------------------------=[ UPnP ]
[INFO ] 2022-07-31 17:48:59 UPnPService: Looking for UPnP Gateway Devices...
[INFO ] 2022-07-31 17:48:59 UPnPService: Using UPnP gateway: Archer AX50
[INFO ] 2022-07-31 17:48:59 UPnPService: Using local address: 192.168.9.232 External address: 192.168.1.2
[INFO ] 2022-07-31 17:48:59 UPnPService: Mapping successful on 192.168.9.232:7777
[INFO ] 2022-07-31 17:48:59 GameServer: Telnet server is currently disabled.
[INFO ] 2022-07-31 17:48:59 GameServer: Maximum numbers of connected players 500.
[INFO ] 2022-07-31 17:48:59 GameServer: Server Bartz loaded in 30 seconds.
[INFO ] 2022-07-31 17:50:05 L2PcInstance: Master access level set for character Adar [268482714].
[INFO ] 2022-07-31 17:54:34 L2PcInstance: Master access level set for character Adar [268482714].
[INFO ] 2022-07-31 17:57:19 GlobalVariablesManager: Stored 7 variables.
[INFO ] 2022-07-31 18:00:45 Olympiad: Olympiad Game Started
[INFO ] 2022-07-31 18:00:45 OlympiadGameManager: Loaded 160 stadiums.
[INFO ] 2022-07-31 18:03:59 TaskOlympiadSave: Data updated.
[WARN ] 2022-07-31 18:16:01 LoginServerThread: LoginServer not avaible, trying to reconnect...
