[INFO ] 2022-07-31 04:36:38 GameServer: ------------------------------------------------=[ Database ]
[INFO ] 2022-07-31 04:36:38 GameServer: -----------------------------------=[ Network Configuration ]
[INFO ] 2022-07-31 04:36:38 IPConfigData: Using automatic network configuration.
[INFO ] 2022-07-31 04:36:39 IPConfigData: Adding new subnet: 127.0.0.0/8 address: 127.0.0.1
[INFO ] 2022-07-31 04:36:39 IPConfigData: Adding new subnet: 192.168.9.0/24 address: 192.168.9.232
[INFO ] 2022-07-31 04:36:39 IPConfigData: Adding new subnet: 0.0.0.0/0 address: 186.50.91.247
[INFO ] 2022-07-31 04:36:39 HikariDataSource: HikariPool-1 - Starting...
[INFO ] 2022-07-31 04:36:39 HikariDataSource: HikariPool-1 - Start completed.
[INFO ] 2022-07-31 04:36:39 IdFactory: Updated characters online status.
[INFO ] 2022-07-31 04:36:39 IdFactory: Cleaned 0 elements from database in 0s.
[INFO ] 2022-07-31 04:36:39 IdFactory: Cleaned 0 expired timestamps from database.
[INFO ] 2022-07-31 04:36:39 BitSetIDFactory: 102912 Ids available.
[INFO ] 2022-07-31 04:36:39 GameServer: ---------------------------------------------------=[ World ]
[INFO ] 2022-07-31 04:36:39 InstanceManager: Multiverse Instance created.
[INFO ] 2022-07-31 04:36:39 InstanceManager: Universe Instance created.
[INFO ] 2022-07-31 04:36:39 InstanceManager: Loaded 160 instance names.
[INFO ] 2022-07-31 04:36:39 L2World: 128 by 136 world region grid set up.
[INFO ] 2022-07-31 04:36:39 MapRegionManager: Loaded 57 map regions.
[INFO ] 2022-07-31 04:36:39 GlobalVariablesManager: Loaded 7 variables.
[INFO ] 2022-07-31 04:36:39 GameServer: ----------------------------------------------------=[ Data ]
[INFO ] 2022-07-31 04:36:39 CategoryData: Loaded 124 Categories.
[INFO ] 2022-07-31 04:36:39 SecondaryAuthData: Loaded 328 forbidden passwords.
[INFO ] 2022-07-31 04:36:39 GameServer: -------------------------------------------------=[ Effects ]
[INFO ] 2022-07-31 04:36:41 EffectMasterHandler: Loaded 169 effect handlers.
[INFO ] 2022-07-31 04:36:41 GameServer: ------------------------------------=[ Enchant Skill Groups ]
[INFO ] 2022-07-31 04:36:41 EnchantSkillGroupsData: Loaded 4 groups and 90 routes.
[INFO ] 2022-07-31 04:36:41 GameServer: ---------------------------------------------=[ Skill Trees ]
[INFO ] 2022-07-31 04:36:41 SkillTreesData: Loaded 17176 Class Skills for 103 Class Skill Trees.
[INFO ] 2022-07-31 04:36:41 SkillTreesData: Loaded 76 Sub-Class Skills.
[INFO ] 2022-07-31 04:36:41 SkillTreesData: Loaded 77 Transfer Skills for 3 Transfer Skill Trees.
[INFO ] 2022-07-31 04:36:41 SkillTreesData: Loaded 117 Fishing Skills, 8 Dwarven only Fishing Skills.
[INFO ] 2022-07-31 04:36:41 SkillTreesData: Loaded 3 Collect Skills.
[INFO ] 2022-07-31 04:36:41 SkillTreesData: Loaded 74 Pledge Skills, 44 for Pledge and 30 Residential.
[INFO ] 2022-07-31 04:36:41 SkillTreesData: Loaded 18 Sub-Pledge Skills.
[INFO ] 2022-07-31 04:36:41 SkillTreesData: Loaded 32 Transform Skills.
[INFO ] 2022-07-31 04:36:41 SkillTreesData: Loaded 8 Noble Skills.
[INFO ] 2022-07-31 04:36:41 SkillTreesData: Loaded 5 Hero Skills.
[INFO ] 2022-07-31 04:36:41 SkillTreesData: Loaded 46 Game Master Skills.
[INFO ] 2022-07-31 04:36:41 SkillTreesData: Loaded 46 Game Master Aura Skills.
[INFO ] 2022-07-31 04:36:41 GameServer: --------------------------------------------------=[ Skills ]
[INFO ] 2022-07-31 04:36:49 DocumentEngine: Loaded 65973 skill templates from XML files.
[INFO ] 2022-07-31 04:36:49 SummonSkillsTable: Loaded 1891 summon skills.
[INFO ] 2022-07-31 04:36:49 GameServer: ---------------------------------------------------=[ Items ]
[INFO ] 2022-07-31 04:36:50 ItemTable: Highest item Id used 22567.
[INFO ] 2022-07-31 04:36:50 ItemTable: Loaded 11481 Etc items.
[INFO ] 2022-07-31 04:36:50 ItemTable: Loaded 3825 Armor items.
[INFO ] 2022-07-31 04:36:50 ItemTable: Loaded 3893 Weapon items.
[INFO ] 2022-07-31 04:36:50 ItemTable: Loaded 19199 items in total.
[INFO ] 2022-07-31 04:36:50 EnchantItemGroupsData: Loaded 4 item group templates.
[INFO ] 2022-07-31 04:36:50 EnchantItemGroupsData: Loaded 1 scroll group templates.
[INFO ] 2022-07-31 04:36:50 EnchantItemData: Loaded 63 enchant scrolls.
[INFO ] 2022-07-31 04:36:50 EnchantItemData: Loaded 20 support items.
[INFO ] 2022-07-31 04:36:50 EnchantItemOptionsData: Loaded 23 items and 1093 options.
[INFO ] 2022-07-31 04:36:50 OptionData: Loaded 24985 item options.
[INFO ] 2022-07-31 04:36:50 EnchantItemHPBonusData: Loaded 6 Enchant HP Bonuses.
[INFO ] 2022-07-31 04:36:50 MerchantPriceConfigTable: Loaded 28 merchant price configs.
[WARN ] 2022-07-31 04:36:51 IXmlReader: BuyListData: Folder C:\opt\l2j\server\game\data\buylists\custom doesn't exist!
[INFO ] 2022-07-31 04:36:51 BuyListData: Loaded 760 buy lists.
[WARN ] 2022-07-31 04:36:51 IXmlReader: MultisellData: Folder C:\opt\l2j\server\game\data\multisell\custom doesn't exist!
[INFO ] 2022-07-31 04:36:51 MultisellData: Loaded 192 multisell lists.
[INFO ] 2022-07-31 04:36:51 RecipeData: Loaded 1000 recipes.
[INFO ] 2022-07-31 04:36:51 ArmorSetsData: Loaded 204 armor sets.
[INFO ] 2022-07-31 04:36:51 FishData: Loaded 278 fish.
[INFO ] 2022-07-31 04:36:51 FishingMonstersData: Loaded 8 fishing monsters.
[INFO ] 2022-07-31 04:36:51 FishingRodsData: Loaded 6 fishing rods.
[INFO ] 2022-07-31 04:36:51 HennaData: Loaded 180 Henna data.
[INFO ] 2022-07-31 04:36:51 GameServer: ----------------------------------------------=[ Characters ]
[INFO ] 2022-07-31 04:36:51 ClassListData: Loaded 107 class data.
[INFO ] 2022-07-31 04:36:51 InitialEquipmentData: Loaded 11 initial equipment data.
[INFO ] 2022-07-31 04:36:51 InitialShortcutData: Loaded 5 initial dlobal shortcuts data.
[INFO ] 2022-07-31 04:36:51 InitialShortcutData: Loaded 4 initial shortcuts data.
[INFO ] 2022-07-31 04:36:51 InitialShortcutData: Loaded 0 macros presets.
[INFO ] 2022-07-31 04:36:51 KarmaData: Loaded 85 karma modifiers.
[INFO ] 2022-07-31 04:36:51 HitConditionBonusData: Loaded Hit Condition bonuses.
[INFO ] 2022-07-31 04:36:51 PlayerTemplateData: Loaded 103 character templates.
[INFO ] 2022-07-31 04:36:51 PlayerTemplateData: Loaded 52530 level up gain records.
[INFO ] 2022-07-31 04:36:51 PlayerCreationPointData: Loaded 62 character creation points.
[INFO ] 2022-07-31 04:36:51 CharNameTable: Loaded 3 char names.
[INFO ] 2022-07-31 04:36:51 AdminData: Loaded 10 access levels.
[INFO ] 2022-07-31 04:36:51 AdminData: Loaded 445 access commands.
[INFO ] 2022-07-31 04:36:51 RaidBossPointsManager: Loaded 0 characters raid points.
[INFO ] 2022-07-31 04:36:52 PetDataTable: Loaded 52 Pets.
[INFO ] 2022-07-31 04:36:52 GameServer: -----------------------------------------------------=[ BBS ]
[INFO ] 2022-07-31 04:36:52 ForumsBBSManager: Loaded 4 forums.
[INFO ] 2022-07-31 04:36:52 GameServer: ---------------------------------------------------=[ Clans ]
[INFO ] 2022-07-31 04:36:52 ClanTable: Restored 0 clans from the database.
[INFO ] 2022-07-31 04:36:52 AuctionManager: Loaded 38 auction(s).
[INFO ] 2022-07-31 04:36:52 ClanHallManager: Loaded 0 clan halls.
[INFO ] 2022-07-31 04:36:52 ClanHallManager: Loaded 38 free clan halls.
[INFO ] 2022-07-31 04:36:52 ClanHallSiegeManager: Loaded 6 conquerable clan halls.
[INFO ] 2022-07-31 04:36:52 GameServer: -------------------------------------------------=[ Geodata ]
[INFO ] 2022-07-31 04:36:52 GeoData: Loaded 0 regions.
[INFO ] 2022-07-31 04:36:52 GameServer: ----------------------------------------------------=[ NPCs ]
[INFO ] 2022-07-31 04:36:52 SkillLearnData: Loaded 256 skill learn data.
[INFO ] 2022-07-31 04:36:52 NpcData$MinionData: Loaded 128 minions data.
[INFO ] 2022-07-31 04:36:53 NpcData: Loaded 10461 NPCs.
[INFO ] 2022-07-31 04:36:53 NpcData: Loaded 10 custom NPCs.
[INFO ] 2022-07-31 04:36:53 WalkingManager: Loaded 127 walking routes.
[INFO ] 2022-07-31 04:36:54 StaticObjectData: Loaded 51 static object templates.
[INFO ] 2022-07-31 04:36:54 GrandBossManager: Queen Ant (29001) status is 0.
[INFO ] 2022-07-31 04:36:54 GrandBossManager: Core (29006) status is 0.
[INFO ] 2022-07-31 04:36:54 GrandBossManager: Orfen (29014) status is 0.
[INFO ] 2022-07-31 04:36:54 GrandBossManager: Baium (29020) status is 0.
[INFO ] 2022-07-31 04:36:54 GrandBossManager: Valakas (29028) status is 0.
[INFO ] 2022-07-31 04:36:54 GrandBossManager: Antharas (29068) status is 0.
[INFO ] 2022-07-31 04:36:54 GrandBossManager: Beleth (29118) status is 0.
[INFO ] 2022-07-31 04:36:54 GrandBossManager: Loaded 7 grand boss instances.
[INFO ] 2022-07-31 04:36:54 DoorData: Loaded 1301 door templates for 22 regions.
[INFO ] 2022-07-31 04:36:55 ZoneManager: Loaded 28 zone classes and 2794 zones.
[INFO ] 2022-07-31 04:36:55 ZoneManager: Loaded 0 NPC spawn territoriers.
[INFO ] 2022-07-31 04:36:55 CastleManager: Loaded 9 castles.
[INFO ] 2022-07-31 04:36:55 NpcBufferTable: Loaded 2 buffers and 64 skills.
[INFO ] 2022-07-31 04:36:55 GrandBossManager: Initialized 12 grand boss zones.
[INFO ] 2022-07-31 04:36:55 GameServer: -----------------------------------------=[ Auction Manager ]
[INFO ] 2022-07-31 04:36:55 ItemAuctionInstance: Loaded 82 item(s) and registered 1 auction(s) for NPC ID 32320.
[INFO ] 2022-07-31 04:36:55 ItemAuctionInstance: Schedule next auction ID 1 on 17:00:00 05.08.22 for NPC ID 32320.
[INFO ] 2022-07-31 04:36:55 ItemAuctionInstance: Loaded 82 item(s) and registered 1 auction(s) for NPC ID 32321.
[INFO ] 2022-07-31 04:36:55 ItemAuctionInstance: Schedule next auction ID 2 on 17:00:00 01.08.22 for NPC ID 32321.
[INFO ] 2022-07-31 04:36:55 ItemAuctionInstance: Loaded 82 item(s) and registered 1 auction(s) for NPC ID 32322.
[INFO ] 2022-07-31 04:36:55 ItemAuctionInstance: Schedule next auction ID 3 on 17:00:00 03.08.22 for NPC ID 32322.
[INFO ] 2022-07-31 04:36:55 ItemAuctionManager: Loaded 3 auction manager instance(s).
[INFO ] 2022-07-31 04:36:55 GameServer: ------------------------------------------------=[ Olympiad ]
[INFO ] 2022-07-31 04:36:55 Olympiad: Loading Olympiad System....
[INFO ] 2022-07-31 04:36:55 Olympiad: Currently in Olympiad Period
[INFO ] 2022-07-31 04:36:55 Olympiad: 1883 minutes until period ends
[INFO ] 2022-07-31 04:36:55 Olympiad: Next weekly change is in 9309 minutes
[INFO ] 2022-07-31 04:36:55 Olympiad: Loaded 0 Nobles
[INFO ] 2022-07-31 04:36:55 Olympiad: Competition Period Starts in 0 days, 13 hours and 24 mins.
[INFO ] 2022-07-31 04:36:55 Olympiad: Event starts/started : Sun Jul 31 18:00:55 UYT 2022
[INFO ] 2022-07-31 04:36:55 Hero: Loaded 0 Heroes.
[INFO ] 2022-07-31 04:36:55 Hero: Loaded 0 all time Heroes.
[INFO ] 2022-07-31 04:36:55 GameServer: ---------------------------------------------=[ Seven Signs ]
[INFO ] 2022-07-31 04:36:55 SevenSigns: Currently in the Competition (Quest Event) period.
[INFO ] 2022-07-31 04:36:55 SevenSigns: The Seal of Avarice remains unclaimed.
[INFO ] 2022-07-31 04:36:55 SevenSigns: The Seal of Gnosis remains unclaimed.
[INFO ] 2022-07-31 04:36:55 SevenSigns: The Seal of Strife remains unclaimed.
[INFO ] 2022-07-31 04:36:55 SevenSigns: The competition, if the current trend continues, will end in a tie this week.
[INFO ] 2022-07-31 04:36:55 SevenSigns: Next period change set to 2022-08-01T18:00:55.549-0300.
[INFO ] 2022-07-31 04:36:55 SevenSigns: Next period begins in 1 days, 13 hours and 23 mins.
[INFO ] 2022-07-31 04:36:55 GameServer: ---------------------------------------------------=[ Cache ]
[INFO ] 2022-07-31 04:36:55 HtmCache: Running lazy cache.
[INFO ] 2022-07-31 04:36:55 CrestTable: Loaded 0 crests.
[INFO ] 2022-07-31 04:36:55 TeleportLocationTable: Loaded 957 teleport location templates.
[INFO ] 2022-07-31 04:36:55 UIData: Loaded 4 keys 5 categories.
[INFO ] 2022-07-31 04:36:55 AugmentationData: Loaded 33960 augmentations.
[INFO ] 2022-07-31 04:36:55 AugmentationData: Loaded 2754 accessory augmentations.
[INFO ] 2022-07-31 04:36:55 CursedWeaponsManager: Loaded 2 cursed weapon(s).
[INFO ] 2022-07-31 04:36:55 TransformData: Loaded 111 transform templates.
[INFO ] 2022-07-31 04:36:55 BotReportTable: Loaded 0 bot reports.
[INFO ] 2022-07-31 04:36:55 AirShipManager: Loaded 0 private airships.
[INFO ] 2022-07-31 04:36:55 GameServer: ------------------------------------------------=[ Handlers ]
[INFO ] 2022-07-31 04:36:57 MasterHandler: Loaded 5 Voiced Command Handler.
[INFO ] 2022-07-31 04:36:57 MasterHandler: Loaded 10 Action Handler.
[INFO ] 2022-07-31 04:36:57 MasterHandler: Loaded 6 Action Shift Handler.
[INFO ] 2022-07-31 04:36:57 MasterHandler: Loaded 448 Admin Command Handler.
[INFO ] 2022-07-31 04:36:57 MasterHandler: Loaded 48 Bypass Handler.
[INFO ] 2022-07-31 04:36:57 MasterHandler: Loaded 14 Chat Handler.
[INFO ] 2022-07-31 04:36:57 MasterHandler: Loaded 15 Community Board Handler.
[INFO ] 2022-07-31 04:36:57 MasterHandler: Loaded 31 Item Handler.
[INFO ] 2022-07-31 04:36:57 MasterHandler: Loaded 3 Punishment Handler.
[INFO ] 2022-07-31 04:36:57 MasterHandler: Loaded 17 User Command Handler.
[INFO ] 2022-07-31 04:36:57 MasterHandler: Loaded 20 Telnet Handler.
[INFO ] 2022-07-31 04:36:57 GameServer: ------------------------------------------------------=[ AI ]
[INFO ] 2022-07-31 04:36:59 NpcBuffersData: Loaded 33 buffers data.
[INFO ] 2022-07-31 04:36:59 HandysBlockCheckerEvent: Loaded Handy's Block Checker event.
[INFO ] 2022-07-31 04:36:59 AILoader: Loaded 179 AI scripts.
[INFO ] 2022-07-31 04:36:59 GameServer: -----------------------------------------------=[ Instances ]
[INFO ] 2022-07-31 04:36:59 InstanceLoader: Loaded 30 instnaces.
[INFO ] 2022-07-31 04:36:59 GameServer: --------------------------------------------------=[ Gracia ]
[INFO ] 2022-07-31 04:37:00 GraciaLoader: Loaded 28 Gracia scripts.
[INFO ] 2022-07-31 04:37:00 GameServer: -----------------------------------------------=[ Hellbound ]
[INFO ] 2022-07-31 04:37:00 HellboundPointData: Loaded 47 trust point reward data.
[INFO ] 2022-07-31 04:37:00 HellboundSpawns: Loaded 598 Hellbound spawns.
[INFO ] 2022-07-31 04:37:00 HellboundEngine: Level 0.
[INFO ] 2022-07-31 04:37:00 HellboundEngine: Trust 0.
[INFO ] 2022-07-31 04:37:00 HellboundEngine: Status locked.
[INFO ] 2022-07-31 04:37:00 RaidBossSpawnManager: Spawning raid bosses...
[INFO ] 2022-07-31 04:37:00 RaidBossSpawnManager: Loaded 188 bosses.
[INFO ] 2022-07-31 04:37:00 RaidBossSpawnManager: Scheduled 0 boss instances.
[INFO ] 2022-07-31 04:37:00 HellboundLoader: Loaded 34 Hellbound scripts.
[INFO ] 2022-07-31 04:37:00 GameServer: --------------------------------------------------=[ Quests ]
[INFO ] 2022-07-31 04:37:03 Q00350_EnhanceYourWeapon: Loaded 54 soul crystal data.
[INFO ] 2022-07-31 04:37:03 Q00350_EnhanceYourWeapon: Loaded 240 npc leveling data.
[INFO ] 2022-07-31 04:37:03 QuestLoader: Loaded 502 quests.
[INFO ] 2022-07-31 04:37:03 AbstractScript: TerritoryWarSuperClass: Siege date: Sun Aug 07 22:00:00 UYT 2022
[INFO ] 2022-07-31 04:37:03 GameServer: -------------------------------------------------=[ Scripts ]
[INFO ] 2022-07-31 04:37:04 ClanHallSiegeEngine: Fortress of the Dead siege scheduled for 2022-08-13T12:00:00.438-0300.
[INFO ] 2022-07-31 04:37:04 DiscordBot: Discord Bot is Disabled.
[INFO ] 2022-07-31 04:37:04 ClanHallSiegeEngine: Beast Farm siege scheduled for 2022-08-13T12:00:00.437-0300.
[INFO ] 2022-07-31 04:37:04 ClanHallSiegeEngine: Rainbow Springs siege scheduled for 2022-08-13T12:00:00.437-0300.
[INFO ] 2022-07-31 04:37:04 TeleporterService: Disabled.
[INFO ] 2022-07-31 04:37:04 BufferService: Loading...
[INFO ] 2022-07-31 04:37:04 ClanHallSiegeEngine: Bandit Stronghold siege scheduled for 2022-08-13T12:00:00.436-0300.
[INFO ] 2022-07-31 04:37:04 ClanHallSiegeEngine: Devastated Castle siege scheduled for 2022-08-13T12:00:00.435-0300.
[INFO ] 2022-07-31 04:37:04 ClanHallSiegeEngine: Fortress of Resistance siege scheduled for 2022-08-13T12:00:00.324-0300.
[INFO ] 2022-07-31 04:37:04 GameServer: --------------------------------------------------=[ Spawns ]
[INFO ] 2022-07-31 04:37:08 SpawnTable: Loaded 3763 NPC spawns.
[INFO ] 2022-07-31 04:37:08 SpawnTable: Loaded 1190 NPC spawns from XML.
[INFO ] 2022-07-31 04:37:08 DayNightSpawnManager: Removed 0 day creatures.
[INFO ] 2022-07-31 04:37:08 DayNightSpawnManager: Spawned 553 night creatures.
[INFO ] 2022-07-31 04:37:08 DayNightSpawnManager: Spawning Hellmann raidboss.
[INFO ] 2022-07-31 04:37:08 FourSepulchersManager: Loaded 20 Mysterious-Box spawns.
[INFO ] 2022-07-31 04:37:08 FourSepulchersManager: Loaded 716 Physical type monsters spawns.
[INFO ] 2022-07-31 04:37:08 FourSepulchersManager: Loaded 716 Magical monsters spawns.
[INFO ] 2022-07-31 04:37:08 FourSepulchersManager: Loaded 92 Church of duke monsters spawns.
[INFO ] 2022-07-31 04:37:08 FourSepulchersManager: Loaded 68 Emperor's Grave spawns.
[INFO ] 2022-07-31 04:37:08 FourSepulchersManager: Spawned Conquerors' Sepulcher Manager.
[INFO ] 2022-07-31 04:37:08 FourSepulchersManager: Spawned Emperors' Sepulcher Manager.
[INFO ] 2022-07-31 04:37:08 FourSepulchersManager: Spawned Great Sages' Sepulcher Manager.
[INFO ] 2022-07-31 04:37:08 FourSepulchersManager: Spawned Judges' Sepulcher Manager.
[INFO ] 2022-07-31 04:37:08 FourSepulchersManager: Beginning in attack time.
[INFO ] 2022-07-31 04:37:08 DimensionalRiftManager: Loaded 7 room types with 56 rooms.
[INFO ] 2022-07-31 04:37:08 DimensionalRiftManager: Loaded 462 Dimensional Rift spawns.
[INFO ] 2022-07-31 04:37:08 GameServer: ---------------------------------------------------=[ Siege ]
[INFO ] 2022-07-31 04:37:08 Siege: Siege of Gludio: 2022-08-07T16:00:00.613-0300.
[INFO ] 2022-07-31 04:37:08 Siege: Siege of Dion: 2022-08-07T16:00:00.618-0300.
[INFO ] 2022-07-31 04:37:08 Siege: Siege of Giran: 2022-08-07T16:00:00.619-0300.
[INFO ] 2022-07-31 04:37:08 Siege: Siege of Oren: 2022-08-07T16:00:00.621-0300.
[INFO ] 2022-07-31 04:37:08 Siege: Siege of Aden: 2022-08-07T16:00:00.623-0300.
[INFO ] 2022-07-31 04:37:08 Siege: Siege of Innadril: 2022-08-07T20:00:00.624-0300.
[INFO ] 2022-07-31 04:37:08 Siege: Siege of Goddard: 2022-08-07T20:00:00.658-0300.
[INFO ] 2022-07-31 04:37:08 Siege: Siege of Rune: 2022-08-07T20:00:00.661-0300.
[INFO ] 2022-07-31 04:37:08 Siege: Siege of Schuttgart: 2022-08-07T20:00:00.662-0300.
[INFO ] 2022-07-31 04:37:08 FortManager: Loaded 21 fortress.
[INFO ] 2022-07-31 04:37:08 SiegeScheduleData: Loaded 2 siege schedulers.
[INFO ] 2022-07-31 04:37:08 CastleManorManager: Loaded 258 seeds.
[INFO ] 2022-07-31 04:37:08 CastleManorManager: Manor data loaded.
[INFO ] 2022-07-31 04:37:08 MercTicketManager: Loaded 0 mercenary tickets.
[INFO ] 2022-07-31 04:37:08 AutoSpawnHandler: Loaded 129 handlers.
[INFO ] 2022-07-31 04:37:08 SevenSignsFestival: The first Festival of Darkness cycle begins in 2 minute(s).
[INFO ] 2022-07-31 04:37:08 FaenorEventParser: Event Id Valentines Event has passed... Ignored.
[INFO ] 2022-07-31 04:37:08 FaenorScriptEngine: Loaded Valentines.xml successfully.
[INFO ] 2022-07-31 04:37:08 TaskManager: Loaded 13 tasks.
[INFO ] 2022-07-31 04:37:08 MailManager: Successfully loaded 0 messages.
[INFO ] 2022-07-31 04:37:08 PunishmentManager: Loaded 0 active and 0 expired punishments.
[INFO ] 2022-07-31 04:37:08 GameServer: Free Object Ids remaining 1879001925.
[INFO ] 2022-07-31 04:37:08 TvTManager: Engine is disabled.
[INFO ] 2022-07-31 04:37:09 GameServer: Started, free memory 1494 Mb of 2048 Mb
[INFO ] 2022-07-31 04:37:09 LoginServerThread: Connecting to login server on 127.0.0.1:9014
[INFO ] 2022-07-31 04:37:09 LoginServerThread: Saved config\hexid.txt.
[INFO ] 2022-07-31 04:37:09 LoginServerThread: Registered on login as Server 1: Bartz
[INFO ] 2022-07-31 04:37:09 GameServer: Now listening on *:7777
[INFO ] 2022-07-31 04:37:09 GameServer: ----------------------------------------------------=[ UPnP ]
[INFO ] 2022-07-31 04:37:09 UPnPService: Looking for UPnP Gateway Devices...
[INFO ] 2022-07-31 04:37:09 UPnPService: Using UPnP gateway: Archer AX50
[INFO ] 2022-07-31 04:37:09 UPnPService: Using local address: 192.168.9.232 External address: 192.168.1.2
[INFO ] 2022-07-31 04:37:09 UPnPService: Mapping successful on 192.168.9.232:7777
[INFO ] 2022-07-31 04:37:09 GameServer: Telnet server is currently disabled.
[INFO ] 2022-07-31 04:37:09 GameServer: Maximum numbers of connected players 500.
[INFO ] 2022-07-31 04:37:09 GameServer: Server Bartz loaded in 30 seconds.
[WARN ] 2022-07-31 04:38:01 AbstractScript: Player Margarito [268481242] send invalid class change request [COXX]!
[INFO ] 2022-07-31 04:39:44 L2PcInstance: Master access level set for character Adar [268482714].
[WARN ] 2022-07-31 04:40:13 SpawnTable: Could not store spawn in the DB!
java.sql.SQLSyntaxErrorException: (conn=5862) Out of range value for column 'npc_templateid' at row 1
	at org.mariadb.jdbc.internal.util.exceptions.ExceptionFactory.createException(ExceptionFactory.java:62) ~[mariadb-java-client-2.7.3.jar:?]
	at org.mariadb.jdbc.internal.util.exceptions.ExceptionFactory.create(ExceptionFactory.java:155) ~[mariadb-java-client-2.7.3.jar:?]
	at org.mariadb.jdbc.MariaDbStatement.executeExceptionEpilogue(MariaDbStatement.java:274) ~[mariadb-java-client-2.7.3.jar:?]
	at org.mariadb.jdbc.ClientSidePreparedStatement.executeInternal(ClientSidePreparedStatement.java:229) ~[mariadb-java-client-2.7.3.jar:?]
	at org.mariadb.jdbc.ClientSidePreparedStatement.execute(ClientSidePreparedStatement.java:149) ~[mariadb-java-client-2.7.3.jar:?]
	at com.zaxxer.hikari.pool.ProxyPreparedStatement.execute(ProxyPreparedStatement.java:44) ~[HikariCP-4.0.3.jar:?]
	at com.zaxxer.hikari.pool.HikariProxyPreparedStatement.execute(HikariProxyPreparedStatement.java) ~[HikariCP-4.0.3.jar:?]
	at com.l2jserver.gameserver.datatables.SpawnTable.addNewSpawn(SpawnTable.java:361) [l2jserver.jar:?]
	at com.l2jserver.datapack.handlers.admincommandhandlers.AdminSpawn.spawnMonster(AdminSpawn.java:343) [?:?]
	at com.l2jserver.datapack.handlers.admincommandhandlers.AdminSpawn.useAdminCommand(AdminSpawn.java:210) [?:?]
	at com.l2jserver.gameserver.network.clientpackets.RequestBypassToServer.runImpl(RequestBypassToServer.java:148) [l2jserver.jar:?]
	at com.l2jserver.gameserver.network.clientpackets.L2GameClientPacket.run(L2GameClientPacket.java:68) [l2jserver.jar:?]
	at com.l2jserver.gameserver.network.L2GameClient.run(L2GameClient.java:905) [l2jserver.jar:?]
	at java.util.concurrent.ThreadPoolExecutor.runWorker(ThreadPoolExecutor.java:1136) [?:?]
	at java.util.concurrent.ThreadPoolExecutor$Worker.run(ThreadPoolExecutor.java:635) [?:?]
	at java.lang.Thread.run(Thread.java:833) [?:?]
Caused by: org.mariadb.jdbc.internal.util.exceptions.MariaDbSqlException: Out of range value for column 'npc_templateid' at row 1
	at org.mariadb.jdbc.internal.util.exceptions.MariaDbSqlException.of(MariaDbSqlException.java:34) ~[mariadb-java-client-2.7.3.jar:?]
	at org.mariadb.jdbc.internal.protocol.AbstractQueryProtocol.exceptionWithQuery(AbstractQueryProtocol.java:194) ~[mariadb-java-client-2.7.3.jar:?]
	at org.mariadb.jdbc.internal.protocol.AbstractQueryProtocol.exceptionWithQuery(AbstractQueryProtocol.java:177) ~[mariadb-java-client-2.7.3.jar:?]
	at org.mariadb.jdbc.internal.protocol.AbstractQueryProtocol.executeQuery(AbstractQueryProtocol.java:321) ~[mariadb-java-client-2.7.3.jar:?]
	at org.mariadb.jdbc.ClientSidePreparedStatement.executeInternal(ClientSidePreparedStatement.java:220) ~[mariadb-java-client-2.7.3.jar:?]
	... 12 more
Caused by: java.sql.SQLException: Out of range value for column 'npc_templateid' at row 1
	at org.mariadb.jdbc.internal.protocol.AbstractQueryProtocol.readErrorPacket(AbstractQueryProtocol.java:1694) ~[mariadb-java-client-2.7.3.jar:?]
	at org.mariadb.jdbc.internal.protocol.AbstractQueryProtocol.readPacket(AbstractQueryProtocol.java:1556) ~[mariadb-java-client-2.7.3.jar:?]
	at org.mariadb.jdbc.internal.protocol.AbstractQueryProtocol.getResult(AbstractQueryProtocol.java:1519) ~[mariadb-java-client-2.7.3.jar:?]
	at org.mariadb.jdbc.internal.protocol.AbstractQueryProtocol.executeQuery(AbstractQueryProtocol.java:318) ~[mariadb-java-client-2.7.3.jar:?]
	at org.mariadb.jdbc.ClientSidePreparedStatement.executeInternal(ClientSidePreparedStatement.java:220) ~[mariadb-java-client-2.7.3.jar:?]
	... 12 more
[WARN ] 2022-07-31 04:40:41 L2NpcBufferInstance: NPC Buffer Warning: npcId = 1000003 Location: 82266, 148608, -3468 Player: Margarito has tried to use skill group (1087) not assigned to the NPC Buffer!
[INFO ] 2022-07-31 04:45:28 GlobalVariablesManager: Stored 7 variables.
[INFO ] 2022-07-31 05:07:08 TaskSevenSignsUpdate: Data updated successfully.
[INFO ] 2022-07-31 05:00:00 DayNightSpawnManager: Removed 553 night creatures.
[INFO ] 2022-07-31 05:18:09 GlobalVariablesManager: Stored 7 variables.
[INFO ] 2022-07-31 05:18:09 DayNightSpawnManager: Spawned 232 day creatures.
[INFO ] 2022-07-31 05:18:09 DayNightSpawnManager: Deleting Hellmann raidboss.
