[INFO ] 2022-07-31 16:03:56 GameServer: ------------------------------------------------=[ Database ]
[INFO ] 2022-07-31 16:03:56 GameServer: -----------------------------------=[ Network Configuration ]
[INFO ] 2022-07-31 16:03:56 IPConfigData: Using automatic network configuration.
[INFO ] 2022-07-31 16:03:56 IPConfigData: Adding new subnet: 127.0.0.0/8 address: 127.0.0.1
[INFO ] 2022-07-31 16:03:56 IPConfigData: Adding new subnet: 192.168.9.0/24 address: 192.168.9.232
[INFO ] 2022-07-31 16:03:56 IPConfigData: Adding new subnet: 0.0.0.0/0 address: 186.50.38.128
[INFO ] 2022-07-31 16:03:57 HikariDataSource: HikariPool-1 - Starting...
[INFO ] 2022-07-31 16:03:57 HikariDataSource: HikariPool-1 - Start completed.
[INFO ] 2022-07-31 16:03:57 IdFactory: Updated characters online status.
[INFO ] 2022-07-31 16:03:57 IdFactory: Cleaned 0 elements from database in 0s.
[INFO ] 2022-07-31 16:03:57 IdFactory: Cleaned 0 expired timestamps from database.
[INFO ] 2022-07-31 16:03:57 BitSetIDFactory: 102912 Ids available.
[INFO ] 2022-07-31 16:03:57 GameServer: ---------------------------------------------------=[ World ]
[INFO ] 2022-07-31 16:03:57 InstanceManager: Multiverse Instance created.
[INFO ] 2022-07-31 16:03:57 InstanceManager: Universe Instance created.
[INFO ] 2022-07-31 16:03:57 InstanceManager: Loaded 160 instance names.
[INFO ] 2022-07-31 16:03:57 L2World: 128 by 136 world region grid set up.
[INFO ] 2022-07-31 16:03:57 MapRegionManager: Loaded 57 map regions.
[INFO ] 2022-07-31 16:03:57 GlobalVariablesManager: Loaded 7 variables.
[INFO ] 2022-07-31 16:03:57 GameServer: ----------------------------------------------------=[ Data ]
[INFO ] 2022-07-31 16:03:57 CategoryData: Loaded 124 Categories.
[INFO ] 2022-07-31 16:03:57 SecondaryAuthData: Loaded 328 forbidden passwords.
[INFO ] 2022-07-31 16:03:57 GameServer: -------------------------------------------------=[ Effects ]
[INFO ] 2022-07-31 16:03:59 EffectMasterHandler: Loaded 169 effect handlers.
[INFO ] 2022-07-31 16:03:59 GameServer: ------------------------------------=[ Enchant Skill Groups ]
[INFO ] 2022-07-31 16:03:59 EnchantSkillGroupsData: Loaded 4 groups and 90 routes.
[INFO ] 2022-07-31 16:03:59 GameServer: ---------------------------------------------=[ Skill Trees ]
[INFO ] 2022-07-31 16:03:59 SkillTreesData: Loaded 17176 Class Skills for 103 Class Skill Trees.
[INFO ] 2022-07-31 16:03:59 SkillTreesData: Loaded 76 Sub-Class Skills.
[INFO ] 2022-07-31 16:03:59 SkillTreesData: Loaded 77 Transfer Skills for 3 Transfer Skill Trees.
[INFO ] 2022-07-31 16:03:59 SkillTreesData: Loaded 117 Fishing Skills, 8 Dwarven only Fishing Skills.
[INFO ] 2022-07-31 16:03:59 SkillTreesData: Loaded 3 Collect Skills.
[INFO ] 2022-07-31 16:03:59 SkillTreesData: Loaded 74 Pledge Skills, 44 for Pledge and 30 Residential.
[INFO ] 2022-07-31 16:03:59 SkillTreesData: Loaded 18 Sub-Pledge Skills.
[INFO ] 2022-07-31 16:03:59 SkillTreesData: Loaded 32 Transform Skills.
[INFO ] 2022-07-31 16:03:59 SkillTreesData: Loaded 8 Noble Skills.
[INFO ] 2022-07-31 16:03:59 SkillTreesData: Loaded 5 Hero Skills.
[INFO ] 2022-07-31 16:03:59 SkillTreesData: Loaded 46 Game Master Skills.
[INFO ] 2022-07-31 16:03:59 SkillTreesData: Loaded 46 Game Master Aura Skills.
[INFO ] 2022-07-31 16:03:59 GameServer: --------------------------------------------------=[ Skills ]
[INFO ] 2022-07-31 16:04:07 DocumentEngine: Loaded 65973 skill templates from XML files.
[INFO ] 2022-07-31 16:04:57 SummonSkillsTable: Loaded 1891 summon skills.
[INFO ] 2022-07-31 16:04:57 GameServer: ---------------------------------------------------=[ Items ]
[INFO ] 2022-07-31 16:04:57 ItemTable: Highest item Id used 22567.
[INFO ] 2022-07-31 16:04:57 ItemTable: Loaded 11481 Etc items.
[INFO ] 2022-07-31 16:04:57 ItemTable: Loaded 3825 Armor items.
[INFO ] 2022-07-31 16:04:57 ItemTable: Loaded 3893 Weapon items.
[INFO ] 2022-07-31 16:04:57 ItemTable: Loaded 19199 items in total.
[INFO ] 2022-07-31 16:04:57 EnchantItemGroupsData: Loaded 4 item group templates.
[INFO ] 2022-07-31 16:04:57 EnchantItemGroupsData: Loaded 1 scroll group templates.
[INFO ] 2022-07-31 16:04:57 EnchantItemData: Loaded 63 enchant scrolls.
[INFO ] 2022-07-31 16:04:57 EnchantItemData: Loaded 20 support items.
[INFO ] 2022-07-31 16:04:57 EnchantItemOptionsData: Loaded 23 items and 1093 options.
[INFO ] 2022-07-31 16:04:58 OptionData: Loaded 24985 item options.
[INFO ] 2022-07-31 16:04:58 EnchantItemHPBonusData: Loaded 6 Enchant HP Bonuses.
[INFO ] 2022-07-31 16:04:58 MerchantPriceConfigTable: Loaded 28 merchant price configs.
[WARN ] 2022-07-31 16:04:58 IXmlReader: BuyListData: Folder C:\opt\l2j\server\game\data\buylists\custom doesn't exist!
[INFO ] 2022-07-31 16:04:58 BuyListData: Loaded 760 buy lists.
[WARN ] 2022-07-31 16:04:59 IXmlReader: MultisellData: Folder C:\opt\l2j\server\game\data\multisell\custom doesn't exist!
[INFO ] 2022-07-31 16:04:59 MultisellData: Loaded 192 multisell lists.
[INFO ] 2022-07-31 16:04:59 RecipeData: Loaded 1000 recipes.
[INFO ] 2022-07-31 16:04:59 ArmorSetsData: Loaded 204 armor sets.
[INFO ] 2022-07-31 16:04:59 FishData: Loaded 278 fish.
[INFO ] 2022-07-31 16:04:59 FishingMonstersData: Loaded 8 fishing monsters.
[INFO ] 2022-07-31 16:04:59 FishingRodsData: Loaded 6 fishing rods.
[INFO ] 2022-07-31 16:04:59 HennaData: Loaded 180 Henna data.
[INFO ] 2022-07-31 16:04:59 GameServer: ----------------------------------------------=[ Characters ]
[INFO ] 2022-07-31 16:04:59 ClassListData: Loaded 107 class data.
[INFO ] 2022-07-31 16:04:59 InitialEquipmentData: Loaded 11 initial equipment data.
[INFO ] 2022-07-31 16:04:59 InitialShortcutData: Loaded 5 initial dlobal shortcuts data.
[INFO ] 2022-07-31 16:04:59 InitialShortcutData: Loaded 4 initial shortcuts data.
[INFO ] 2022-07-31 16:04:59 InitialShortcutData: Loaded 0 macros presets.
[INFO ] 2022-07-31 16:04:59 KarmaData: Loaded 85 karma modifiers.
[INFO ] 2022-07-31 16:04:59 HitConditionBonusData: Loaded Hit Condition bonuses.
[INFO ] 2022-07-31 16:04:59 PlayerTemplateData: Loaded 103 character templates.
[INFO ] 2022-07-31 16:04:59 PlayerTemplateData: Loaded 52530 level up gain records.
[INFO ] 2022-07-31 16:04:59 PlayerCreationPointData: Loaded 62 character creation points.
[INFO ] 2022-07-31 16:04:59 CharNameTable: Loaded 5 char names.
[INFO ] 2022-07-31 16:04:59 AdminData: Loaded 10 access levels.
[INFO ] 2022-07-31 16:04:59 AdminData: Loaded 445 access commands.
[INFO ] 2022-07-31 16:04:59 RaidBossPointsManager: Loaded 0 characters raid points.
[INFO ] 2022-07-31 16:04:59 PetDataTable: Loaded 52 Pets.
[INFO ] 2022-07-31 16:04:59 GameServer: -----------------------------------------------------=[ BBS ]
[INFO ] 2022-07-31 16:04:59 ForumsBBSManager: Loaded 4 forums.
[INFO ] 2022-07-31 16:04:59 GameServer: ---------------------------------------------------=[ Clans ]
[INFO ] 2022-07-31 16:04:59 ClanTable: Restored 0 clans from the database.
[INFO ] 2022-07-31 16:04:59 AuctionManager: Loaded 38 auction(s).
[INFO ] 2022-07-31 16:04:59 ClanHallManager: Loaded 0 clan halls.
[INFO ] 2022-07-31 16:04:59 ClanHallManager: Loaded 38 free clan halls.
[INFO ] 2022-07-31 16:04:59 ClanHallSiegeManager: Loaded 6 conquerable clan halls.
[INFO ] 2022-07-31 16:04:59 GameServer: -------------------------------------------------=[ Geodata ]
[INFO ] 2022-07-31 16:04:59 GeoData: Loaded 0 regions.
[INFO ] 2022-07-31 16:04:59 GameServer: ----------------------------------------------------=[ NPCs ]
[INFO ] 2022-07-31 16:04:59 SkillLearnData: Loaded 256 skill learn data.
[INFO ] 2022-07-31 16:04:59 NpcData$MinionData: Loaded 128 minions data.
