[WARN ] 2022-07-31 16:05:39 IXmlReader: BuyListData: Folder C:\opt\l2j\server\game\data\buylists\custom doesn't exist!
[WARN ] 2022-07-31 16:05:39 IXmlReader: MultisellData: Folder C:\opt\l2j\server\game\data\multisell\custom doesn't exist!
[WARN ] 2022-07-31 16:16:44 L2GameClientPacket: Exception processing bypass from player BattleLoli: npc_268479326_Buff 264 265 266 267 268 269 271 274 275 304 305 310 349 363 364 365 1032 1035 1036 1045 1048 1059 1062 1068 1077 1086 1087 1204 1218 1240 1242 1243 1268 1304 1311 1323 1352 1356 1388 1389 1397 4699
java.lang.NullPointerException: Cannot invoke "java.lang.Integer.intValue()" because the return value of "java.util.Map.get(Object)" is null
	at com.l2jserver.gameserver.model.actor.instance.L2NpcBufferInstance.onBypassFeedback(L2NpcBufferInstance.java:144) ~[l2jserver.jar:?]
	at com.l2jserver.gameserver.network.clientpackets.RequestBypassToServer.runImpl(RequestBypassToServer.java:166) [l2jserver.jar:?]
	at com.l2jserver.gameserver.network.clientpackets.L2GameClientPacket.run(L2GameClientPacket.java:68) [l2jserver.jar:?]
	at com.l2jserver.gameserver.network.L2GameClient.run(L2GameClient.java:905) [l2jserver.jar:?]
	at java.util.concurrent.ThreadPoolExecutor.runWorker(ThreadPoolExecutor.java:1136) [?:?]
	at java.util.concurrent.ThreadPoolExecutor$Worker.run(ThreadPoolExecutor.java:635) [?:?]
	at java.lang.Thread.run(Thread.java:833) [?:?]
[WARN ] 2022-07-31 16:16:47 L2GameClientPacket: Exception processing bypass from player BattleLoli: npc_268479326_Buff 1003 1005 1006 1007 1008 1009 1229 1249 1251 1252 1253 1260 1282 1308 1309 1310 1362 1363 1364 1365 1390 1391 1414 1461
java.lang.NullPointerException: Cannot invoke "java.lang.Integer.intValue()" because the return value of "java.util.Map.get(Object)" is null
	at com.l2jserver.gameserver.model.actor.instance.L2NpcBufferInstance.onBypassFeedback(L2NpcBufferInstance.java:144) ~[l2jserver.jar:?]
	at com.l2jserver.gameserver.network.clientpackets.RequestBypassToServer.runImpl(RequestBypassToServer.java:166) [l2jserver.jar:?]
	at com.l2jserver.gameserver.network.clientpackets.L2GameClientPacket.run(L2GameClientPacket.java:68) [l2jserver.jar:?]
	at com.l2jserver.gameserver.network.L2GameClient.run(L2GameClient.java:905) [l2jserver.jar:?]
	at java.util.concurrent.ThreadPoolExecutor.runWorker(ThreadPoolExecutor.java:1136) [?:?]
	at java.util.concurrent.ThreadPoolExecutor$Worker.run(ThreadPoolExecutor.java:635) [?:?]
	at java.lang.Thread.run(Thread.java:833) [?:?]
[WARN ] 2022-07-31 16:57:50 L2GameClientPacket: Exception processing bypass from player Adar: npc_268479326_Buff 264 265 266 267 268 269 271 274 275 304 305 310 349 363 364 365 1032 1035 1036 1045 1048 1059 1062 1068 1077 1086 1087 1204 1218 1240 1242 1243 1268 1304 1311 1323 1352 1356 1388 1389 1397 4699
java.lang.NullPointerException: Cannot invoke "java.lang.Integer.intValue()" because the return value of "java.util.Map.get(Object)" is null
	at com.l2jserver.gameserver.model.actor.instance.L2NpcBufferInstance.onBypassFeedback(L2NpcBufferInstance.java:144) ~[l2jserver.jar:?]
	at com.l2jserver.gameserver.network.clientpackets.RequestBypassToServer.runImpl(RequestBypassToServer.java:166) [l2jserver.jar:?]
	at com.l2jserver.gameserver.network.clientpackets.L2GameClientPacket.run(L2GameClientPacket.java:68) [l2jserver.jar:?]
	at com.l2jserver.gameserver.network.L2GameClient.run(L2GameClient.java:905) [l2jserver.jar:?]
	at java.util.concurrent.ThreadPoolExecutor.runWorker(ThreadPoolExecutor.java:1136) [?:?]
	at java.util.concurrent.ThreadPoolExecutor$Worker.run(ThreadPoolExecutor.java:635) [?:?]
	at java.lang.Thread.run(Thread.java:833) [?:?]
[WARN ] 2022-07-31 17:27:49 AbstractScript: Player BattleLoli [268481734] send invalid class change request [COXX]!
