[WARN ] 2022-08-07 23:47:31 IXmlReader: BuyListData: Folder C:\opt\l2j\server\game\data\buylists\custom doesn't exist!
[WARN ] 2022-08-07 23:47:31 IXmlReader: MultisellData: Folder C:\opt\l2j\server\game\data\multisell\custom doesn't exist!
[WARN ] 2022-08-08 00:10:26 L2NpcBufferInstance: NPC Buffer Warning: npcId = 900105 Location: 82272, 148604, -3468 Player: Ishtar has tried to use skill group (1413) not assigned to the NPC Buffer!
[WARN ] 2022-08-08 00:10:29 L2GameClientPacket: Exception processing bypass from player Ishtar: npc_268479324_Buff 1003 1005 1006 1007 1008 1009 1229 1249 1251 1252 1253 1260 1282 1308 1309 1310 1362 1363 1364 1365 1390 1391 1414 1461
java.lang.NullPointerException: Cannot invoke "java.lang.Integer.intValue()" because the return value of "java.util.Map.get(Object)" is null
	at com.l2jserver.gameserver.model.actor.instance.L2NpcBufferInstance.onBypassFeedback(L2NpcBufferInstance.java:144) ~[l2jserver.jar:?]
	at com.l2jserver.gameserver.network.clientpackets.RequestBypassToServer.runImpl(RequestBypassToServer.java:166) [l2jserver.jar:?]
	at com.l2jserver.gameserver.network.clientpackets.L2GameClientPacket.run(L2GameClientPacket.java:68) [l2jserver.jar:?]
	at com.l2jserver.gameserver.network.L2GameClient.run(L2GameClient.java:905) [l2jserver.jar:?]
	at java.util.concurrent.ThreadPoolExecutor.runWorker(ThreadPoolExecutor.java:1136) [?:?]
	at java.util.concurrent.ThreadPoolExecutor$Worker.run(ThreadPoolExecutor.java:635) [?:?]
	at java.lang.Thread.run(Thread.java:833) [?:?]
[WARN ] 2022-08-08 00:10:32 L2NpcBufferInstance: NPC Buffer Warning: npcId = 900105 Location: 82272, 148604, -3468 Player: Ishtar has tried to use skill group (1413) not assigned to the NPC Buffer!
[WARN ] 2022-08-08 00:17:50 L2GameClientPacket: Exception processing bypass from player Ishtar: npc_268479324_Buff 1003 1005 1006 1007 1008 1009 1229 1249 1251 1252 1253 1260 1282 1308 1309 1310 1362 1363 1364 1365 1390 1391 1414 1461
java.lang.NullPointerException: Cannot invoke "java.lang.Integer.intValue()" because the return value of "java.util.Map.get(Object)" is null
	at com.l2jserver.gameserver.model.actor.instance.L2NpcBufferInstance.onBypassFeedback(L2NpcBufferInstance.java:144) ~[l2jserver.jar:?]
	at com.l2jserver.gameserver.network.clientpackets.RequestBypassToServer.runImpl(RequestBypassToServer.java:166) [l2jserver.jar:?]
	at com.l2jserver.gameserver.network.clientpackets.L2GameClientPacket.run(L2GameClientPacket.java:68) [l2jserver.jar:?]
	at com.l2jserver.gameserver.network.L2GameClient.run(L2GameClient.java:905) [l2jserver.jar:?]
	at java.util.concurrent.ThreadPoolExecutor.runWorker(ThreadPoolExecutor.java:1136) [?:?]
	at java.util.concurrent.ThreadPoolExecutor$Worker.run(ThreadPoolExecutor.java:635) [?:?]
	at java.lang.Thread.run(Thread.java:833) [?:?]
[WARN ] 2022-08-08 00:17:53 L2NpcBufferInstance: NPC Buffer Warning: npcId = 900105 Location: 82272, 148604, -3468 Player: Ishtar has tried to use skill group (1413) not assigned to the NPC Buffer!
