[WARN ] 2022-07-31 12:10:24 IXmlReader: BuyListData: Folder C:\opt\l2j\server\game\data\buylists\custom doesn't exist!
[WARN ] 2022-07-31 12:10:25 IXmlReader: MultisellData: Folder C:\opt\l2j\server\game\data\multisell\custom doesn't exist!
[ERROR] 2022-07-31 12:10:57 PlayerDAOMySQLImpl: Failed loading character!
java.lang.UnsupportedOperationException: Cannot convert '1.5' to java.lang.Integer
	at org.aeonbits.owner.util.Util.unsupported(Util.java:139) ~[owner-1.0.12.jar:?]
	at org.aeonbits.owner.Converters.unsupportedConversion(Converters.java:294) ~[owner-1.0.12.jar:?]
	at org.aeonbits.owner.Converters.access$400(Converters.java:38) ~[owner-1.0.12.jar:?]
	at org.aeonbits.owner.Converters$5.tryConvert(Converters.java:161) ~[owner-1.0.12.jar:?]
	at org.aeonbits.owner.Converters.doConvert(Converters.java:285) ~[owner-1.0.12.jar:?]
	at org.aeonbits.owner.Converters.convert(Converters.java:280) ~[owner-1.0.12.jar:?]
	at org.aeonbits.owner.PropertiesInvocationHandler.resolveProperty(PropertiesInvocationHandler.java:89) ~[owner-1.0.12.jar:?]
	at org.aeonbits.owner.PropertiesInvocationHandler.invoke(PropertiesInvocationHandler.java:67) ~[owner-1.0.12.jar:?]
	at jdk.proxy2.$Proxy32.getRunSpeedBoost(Unknown Source) ~[?:?]
	at com.l2jserver.gameserver.model.actor.stat.PcStat.getWalkSpeed(PcStat.java:211) ~[l2jserver.jar:?]
	at com.l2jserver.gameserver.model.actor.stat.CharStat.getMoveSpeed(CharStat.java:376) ~[l2jserver.jar:?]
	at com.l2jserver.gameserver.model.actor.stat.CharStat.getMovementSpeedMultiplier(CharStat.java:310) ~[l2jserver.jar:?]
	at com.l2jserver.gameserver.model.actor.L2Character.getMovementSpeedMultiplier(L2Character.java:5176) ~[l2jserver.jar:?]
	at com.l2jserver.gameserver.network.serverpackets.UserInfo.<init>(UserInfo.java:65) ~[l2jserver.jar:?]
	at com.l2jserver.gameserver.model.actor.instance.L2PcInstance.broadcastUserInfo(L2PcInstance.java:3592) ~[l2jserver.jar:?]
	at com.l2jserver.gameserver.model.actor.instance.L2PcInstance.updateAndBroadcastStatus(L2PcInstance.java:5725) ~[l2jserver.jar:?]
	at com.l2jserver.gameserver.model.actor.L2Character.broadcastModifiedStats(L2Character.java:3119) ~[l2jserver.jar:?]
	at com.l2jserver.gameserver.model.actor.L2Character.addStatFuncs(L2Character.java:2945) ~[l2jserver.jar:?]
	at com.l2jserver.gameserver.model.stats.Formulas.addFuncsToNewPlayer(Formulas.java:209) ~[l2jserver.jar:?]
	at com.l2jserver.gameserver.model.actor.instance.L2PcInstance.<init>(L2PcInstance.java:694) ~[l2jserver.jar:?]
	at com.l2jserver.gameserver.dao.impl.mysql.PlayerDAOMySQLImpl.load(PlayerDAOMySQLImpl.java:71) [l2jserver.jar:?]
	at com.l2jserver.gameserver.model.actor.instance.L2PcInstance.load(L2PcInstance.java:747) [l2jserver.jar:?]
	at com.l2jserver.gameserver.network.L2GameClient.loadCharFromDisk(L2GameClient.java:511) [l2jserver.jar:?]
	at com.l2jserver.gameserver.network.clientpackets.CharacterSelect.runImpl(CharacterSelect.java:125) [l2jserver.jar:?]
	at com.l2jserver.gameserver.network.clientpackets.L2GameClientPacket.run(L2GameClientPacket.java:68) [l2jserver.jar:?]
	at com.l2jserver.gameserver.network.L2GameClient.run(L2GameClient.java:905) [l2jserver.jar:?]
	at java.util.concurrent.ThreadPoolExecutor.runWorker(ThreadPoolExecutor.java:1136) [?:?]
	at java.util.concurrent.ThreadPoolExecutor$Worker.run(ThreadPoolExecutor.java:635) [?:?]
	at java.lang.Thread.run(Thread.java:833) [?:?]
Caused by: java.lang.NumberFormatException: For input string: "1.5"
	at java.lang.NumberFormatException.forInputString(NumberFormatException.java:67) ~[?:?]
	at java.lang.Integer.parseInt(Integer.java:668) ~[?:?]
	at java.lang.Integer.valueOf(Integer.java:973) ~[?:?]
	at java.lang.Integer.decode(Integer.java:1458) ~[?:?]
	at com.sun.beans.editors.IntegerEditor.setAsText(IntegerEditor.java:39) ~[?:?]
	at org.aeonbits.owner.Converters$5.tryConvert(Converters.java:158) ~[owner-1.0.12.jar:?]
	... 25 more
[ERROR] 2022-07-31 12:10:57 L2GameClient: Could not restore in slot 2!
